ARM GAS  C:\Users\noemi\AppData\Local\Temp\ccb3u299.s 			page 1


   1              		.syntax unified
   2              		.cpu cortex-m3
   3              		.fpu softvfp
   4              		.eabi_attribute 20, 1
   5              		.eabi_attribute 21, 1
   6              		.eabi_attribute 23, 3
   7              		.eabi_attribute 24, 1
   8              		.eabi_attribute 25, 1
   9              		.eabi_attribute 26, 1
  10              		.eabi_attribute 30, 1
  11              		.eabi_attribute 34, 1
  12              		.eabi_attribute 18, 4
  13              		.thumb
  14              		.syntax unified
  15              		.file	"25LC256.c"
  16              		.text
  17              	.Ltext0:
  18              		.cfi_sections	.debug_frame
  19              		.section	.text.EEPROM_readStatus,"ax",%progbits
  20              		.align	2
  21              		.global	EEPROM_readStatus
  22              		.thumb
  23              		.thumb_func
  24              		.type	EEPROM_readStatus, %function
  25              	EEPROM_readStatus:
  26              	.LFB0:
  27              		.file 1 "25LC256.c"
   1:25LC256.c     **** /**
   2:25LC256.c     ****  * @file 25LC256.c
   3:25LC256.c     ****  * @brief Functions required to interface with the SPI EEPROM 25LC256.
   4:25LC256.c     ****  * 
   5:25LC256.c     ****  * This c file contains the API functions to interface
   6:25LC256.c     ****  * with the SPI EEPROM 25LC256.
   7:25LC256.c     ****  *
   8:25LC256.c     ****  * @author Mattia Pesenti
   9:25LC256.c     ****  * @date 24 March, 2020
  10:25LC256.c     **** */
  11:25LC256.c     **** 
  12:25LC256.c     **** #include "25LC256.h"
  13:25LC256.c     **** #define EEPROM_CS 2
  14:25LC256.c     **** uint8_t eeprom_Status;
  15:25LC256.c     **** 
  16:25LC256.c     **** /** ====== Helper Functions ====== **/
  17:25LC256.c     **** 
  18:25LC256.c     **** uint8_t EEPROM_readStatus() {
  28              		.loc 1 18 0
  29              		.cfi_startproc
  30              		@ args = 0, pretend = 0, frame = 0
  31              		@ frame_needed = 0, uses_anonymous_args = 0
  32 0000 08B5     		push	{r3, lr}
  33              		.cfi_def_cfa_offset 8
  34              		.cfi_offset 3, -8
  35              		.cfi_offset 14, -4
  19:25LC256.c     ****     
  20:25LC256.c     **** 	return SPI_Interface_ReadByte(SPI_EEPROM_RDSR, EEPROM_CS);
  36              		.loc 1 20 0
  37 0002 0221     		movs	r1, #2
ARM GAS  C:\Users\noemi\AppData\Local\Temp\ccb3u299.s 			page 2


  38 0004 0520     		movs	r0, #5
  39 0006 FFF7FEFF 		bl	SPI_Interface_ReadByte
  40              	.LVL0:
  21:25LC256.c     ****     
  22:25LC256.c     **** }
  41              		.loc 1 22 0
  42 000a 08BD     		pop	{r3, pc}
  43              		.cfi_endproc
  44              	.LFE0:
  45              		.size	EEPROM_readStatus, .-EEPROM_readStatus
  46              		.section	.text.EEPROM_writeEnable,"ax",%progbits
  47              		.align	2
  48              		.global	EEPROM_writeEnable
  49              		.thumb
  50              		.thumb_func
  51              		.type	EEPROM_writeEnable, %function
  52              	EEPROM_writeEnable:
  53              	.LFB1:
  23:25LC256.c     **** 
  24:25LC256.c     **** void EEPROM_writeEnable() {
  54              		.loc 1 24 0
  55              		.cfi_startproc
  56              		@ args = 0, pretend = 0, frame = 0
  57              		@ frame_needed = 0, uses_anonymous_args = 0
  58 0000 08B5     		push	{r3, lr}
  59              		.cfi_def_cfa_offset 8
  60              		.cfi_offset 3, -8
  61              		.cfi_offset 14, -4
  25:25LC256.c     ****     
  26:25LC256.c     **** 	/* Send 1-byte Instruction */
  27:25LC256.c     **** 	SPI_Interface_tradeByte(SPI_EEPROM_WREN, EEPROM_CS);
  62              		.loc 1 27 0
  63 0002 0221     		movs	r1, #2
  64 0004 0620     		movs	r0, #6
  65 0006 FFF7FEFF 		bl	SPI_Interface_tradeByte
  66              	.LVL1:
  67 000a 08BD     		pop	{r3, pc}
  68              		.cfi_endproc
  69              	.LFE1:
  70              		.size	EEPROM_writeEnable, .-EEPROM_writeEnable
  71              		.section	.text.EEPROM_readByte,"ax",%progbits
  72              		.align	2
  73              		.global	EEPROM_readByte
  74              		.thumb
  75              		.thumb_func
  76              		.type	EEPROM_readByte, %function
  77              	EEPROM_readByte:
  78              	.LFB2:
  28:25LC256.c     ****     
  29:25LC256.c     **** }
  30:25LC256.c     **** 
  31:25LC256.c     **** /** ====== User-level Functions ====== **/
  32:25LC256.c     **** 
  33:25LC256.c     **** uint8_t EEPROM_readByte(uint16_t addr) {
  79              		.loc 1 33 0
  80              		.cfi_startproc
  81              		@ args = 0, pretend = 0, frame = 8
ARM GAS  C:\Users\noemi\AppData\Local\Temp\ccb3u299.s 			page 3


  82              		@ frame_needed = 0, uses_anonymous_args = 0
  83              	.LVL2:
  84 0000 00B5     		push	{lr}
  85              		.cfi_def_cfa_offset 4
  86              		.cfi_offset 14, -4
  87 0002 85B0     		sub	sp, sp, #20
  88              		.cfi_def_cfa_offset 24
  34:25LC256.c     **** 
  35:25LC256.c     **** 	/* Prepare the TX data packet: instruction + address */
  36:25LC256.c     **** 	uint8_t dataTX[3] = { SPI_EEPROM_READ, ((addr & 0xFF00) >> 8), (addr & 0x00FF) };
  89              		.loc 1 36 0
  90 0004 0321     		movs	r1, #3
  91 0006 8DF80C10 		strb	r1, [sp, #12]
  92 000a 030A     		lsrs	r3, r0, #8
  93 000c 8DF80D30 		strb	r3, [sp, #13]
  94 0010 8DF80E00 		strb	r0, [sp, #14]
  37:25LC256.c     **** 	
  38:25LC256.c     **** 	/* Prepare the RX byte */
  39:25LC256.c     **** 	uint8_t dataRX = 0;
  95              		.loc 1 39 0
  96 0014 04AA     		add	r2, sp, #16
  97 0016 0023     		movs	r3, #0
  98 0018 02F8053D 		strb	r3, [r2, #-5]!
  40:25LC256.c     **** 	
  41:25LC256.c     **** 	/* Read 1 byte from addr */
  42:25LC256.c     **** 	SPI_Interface_Multi_RW(dataTX, 3, &dataRX, 1, EEPROM_CS);
  99              		.loc 1 42 0
 100 001c 0223     		movs	r3, #2
 101 001e 0093     		str	r3, [sp]
 102 0020 0123     		movs	r3, #1
 103 0022 03A8     		add	r0, sp, #12
 104              	.LVL3:
 105 0024 FFF7FEFF 		bl	SPI_Interface_Multi_RW
 106              	.LVL4:
  43:25LC256.c     **** 	
  44:25LC256.c     **** 	return dataRX;
  45:25LC256.c     ****     
  46:25LC256.c     **** }
 107              		.loc 1 46 0
 108 0028 9DF80B00 		ldrb	r0, [sp, #11]	@ zero_extendqisi2
 109 002c 05B0     		add	sp, sp, #20
 110              		.cfi_def_cfa_offset 4
 111              		@ sp needed
 112 002e 5DF804FB 		ldr	pc, [sp], #4
 113              		.cfi_endproc
 114              	.LFE2:
 115              		.size	EEPROM_readByte, .-EEPROM_readByte
 116 0032 00BF     		.section	.text.EEPROM_writeByte,"ax",%progbits
 117              		.align	2
 118              		.global	EEPROM_writeByte
 119              		.thumb
 120              		.thumb_func
 121              		.type	EEPROM_writeByte, %function
 122              	EEPROM_writeByte:
 123              	.LFB3:
  47:25LC256.c     **** 
  48:25LC256.c     **** void EEPROM_writeByte(uint16_t addr, uint8_t dataByte) {
ARM GAS  C:\Users\noemi\AppData\Local\Temp\ccb3u299.s 			page 4


 124              		.loc 1 48 0
 125              		.cfi_startproc
 126              		@ args = 0, pretend = 0, frame = 8
 127              		@ frame_needed = 0, uses_anonymous_args = 0
 128              	.LVL5:
 129 0000 30B5     		push	{r4, r5, lr}
 130              		.cfi_def_cfa_offset 12
 131              		.cfi_offset 4, -12
 132              		.cfi_offset 5, -8
 133              		.cfi_offset 14, -4
 134 0002 85B0     		sub	sp, sp, #20
 135              		.cfi_def_cfa_offset 32
 136 0004 0446     		mov	r4, r0
 137 0006 0D46     		mov	r5, r1
  49:25LC256.c     ****     
  50:25LC256.c     ****     /* Enable WRITE operations */
  51:25LC256.c     ****     EEPROM_writeEnable();
 138              		.loc 1 51 0
 139 0008 FFF7FEFF 		bl	EEPROM_writeEnable
 140              	.LVL6:
  52:25LC256.c     **** 	
  53:25LC256.c     **** 	/* Prepare the TX packet */
  54:25LC256.c     ****     uint8_t dataTX[4] = {SPI_EEPROM_WRITE, ((addr & 0xFF00) >> 8), (addr & 0x00FF), dataByte};
 141              		.loc 1 54 0
 142 000c 0221     		movs	r1, #2
 143 000e 8DF80C10 		strb	r1, [sp, #12]
 144 0012 230A     		lsrs	r3, r4, #8
 145 0014 8DF80D30 		strb	r3, [sp, #13]
 146 0018 8DF80E40 		strb	r4, [sp, #14]
 147 001c 8DF80F50 		strb	r5, [sp, #15]
  55:25LC256.c     **** 	/* Nothing to RX... */
  56:25LC256.c     **** 	uint8_t temp = 0;
 148              		.loc 1 56 0
 149 0020 0023     		movs	r3, #0
 150 0022 04AA     		add	r2, sp, #16
 151 0024 02F8053D 		strb	r3, [r2, #-5]!
  57:25LC256.c     **** 	
  58:25LC256.c     **** 	/* Write 1 byte to addr */
  59:25LC256.c     **** 	SPI_Interface_Multi_RW(dataTX, 4, &temp, 0, EEPROM_CS);
 152              		.loc 1 59 0
 153 0028 0091     		str	r1, [sp]
 154 002a 0421     		movs	r1, #4
 155 002c 03A8     		add	r0, sp, #12
 156 002e FFF7FEFF 		bl	SPI_Interface_Multi_RW
 157              	.LVL7:
  60:25LC256.c     **** 	    
  61:25LC256.c     **** }
 158              		.loc 1 61 0
 159 0032 05B0     		add	sp, sp, #20
 160              		.cfi_def_cfa_offset 12
 161              		@ sp needed
 162 0034 30BD     		pop	{r4, r5, pc}
 163              		.cfi_endproc
 164              	.LFE3:
 165              		.size	EEPROM_writeByte, .-EEPROM_writeByte
 166 0036 00BF     		.section	.text.EEPROM_readPage,"ax",%progbits
 167              		.align	2
ARM GAS  C:\Users\noemi\AppData\Local\Temp\ccb3u299.s 			page 5


 168              		.global	EEPROM_readPage
 169              		.thumb
 170              		.thumb_func
 171              		.type	EEPROM_readPage, %function
 172              	EEPROM_readPage:
 173              	.LFB4:
  62:25LC256.c     **** 
  63:25LC256.c     **** void EEPROM_readPage(uint16_t addr, uint8_t* dataRX, uint8_t nBytes) {
 174              		.loc 1 63 0
 175              		.cfi_startproc
 176              		@ args = 0, pretend = 0, frame = 8
 177              		@ frame_needed = 0, uses_anonymous_args = 0
 178              	.LVL8:
 179 0000 10B5     		push	{r4, lr}
 180              		.cfi_def_cfa_offset 8
 181              		.cfi_offset 4, -8
 182              		.cfi_offset 14, -4
 183 0002 84B0     		sub	sp, sp, #16
 184              		.cfi_def_cfa_offset 24
  64:25LC256.c     ****     
  65:25LC256.c     **** 	/* Prepare the TX data packet: instruction + address */
  66:25LC256.c     **** 	uint8_t dataTX[3] = {SPI_EEPROM_READ, ((addr & 0xFF00) >> 8), (addr & 0x00FF)};
 185              		.loc 1 66 0
 186 0004 0324     		movs	r4, #3
 187 0006 8DF80C40 		strb	r4, [sp, #12]
 188 000a 030A     		lsrs	r3, r0, #8
 189 000c 8DF80D30 		strb	r3, [sp, #13]
 190 0010 8DF80E00 		strb	r0, [sp, #14]
  67:25LC256.c     **** 	
  68:25LC256.c     **** 	/* Read the nBytes */
  69:25LC256.c     **** 	SPI_Interface_Multi_RW(dataTX, 3, dataRX, nBytes, EEPROM_CS);
 191              		.loc 1 69 0
 192 0014 0223     		movs	r3, #2
 193 0016 0093     		str	r3, [sp]
 194 0018 1346     		mov	r3, r2
 195 001a 0A46     		mov	r2, r1
 196              	.LVL9:
 197 001c 2146     		mov	r1, r4
 198              	.LVL10:
 199 001e 03A8     		add	r0, sp, #12
 200              	.LVL11:
 201 0020 FFF7FEFF 		bl	SPI_Interface_Multi_RW
 202              	.LVL12:
  70:25LC256.c     **** 		
  71:25LC256.c     **** }
 203              		.loc 1 71 0
 204 0024 04B0     		add	sp, sp, #16
 205              		.cfi_def_cfa_offset 8
 206              		@ sp needed
 207 0026 10BD     		pop	{r4, pc}
 208              		.cfi_endproc
 209              	.LFE4:
 210              		.size	EEPROM_readPage, .-EEPROM_readPage
 211              		.section	.text.EEPROM_writePage,"ax",%progbits
 212              		.align	2
 213              		.global	EEPROM_writePage
 214              		.thumb
ARM GAS  C:\Users\noemi\AppData\Local\Temp\ccb3u299.s 			page 6


 215              		.thumb_func
 216              		.type	EEPROM_writePage, %function
 217              	EEPROM_writePage:
 218              	.LFB5:
  72:25LC256.c     **** 
  73:25LC256.c     **** void EEPROM_writePage(uint16_t addr, uint8_t* data, uint8_t nBytes) {
 219              		.loc 1 73 0
 220              		.cfi_startproc
 221              		@ args = 0, pretend = 0, frame = 8
 222              		@ frame_needed = 1, uses_anonymous_args = 0
 223              	.LVL13:
 224 0000 2DE9F047 		push	{r4, r5, r6, r7, r8, r9, r10, lr}
 225              		.cfi_def_cfa_offset 32
 226              		.cfi_offset 4, -32
 227              		.cfi_offset 5, -28
 228              		.cfi_offset 6, -24
 229              		.cfi_offset 7, -20
 230              		.cfi_offset 8, -16
 231              		.cfi_offset 9, -12
 232              		.cfi_offset 10, -8
 233              		.cfi_offset 14, -4
 234 0004 84B0     		sub	sp, sp, #16
 235              		.cfi_def_cfa_offset 48
 236 0006 02AF     		add	r7, sp, #8
 237              		.cfi_def_cfa 7, 40
 238 0008 0646     		mov	r6, r0
 239 000a 8946     		mov	r9, r1
 240 000c 1546     		mov	r5, r2
  74:25LC256.c     **** 	    
  75:25LC256.c     ****     /* Enable WRITE operations */
  76:25LC256.c     ****     EEPROM_writeEnable();
 241              		.loc 1 76 0
 242 000e FFF7FEFF 		bl	EEPROM_writeEnable
 243              	.LVL14:
  77:25LC256.c     **** 	
  78:25LC256.c     ****     CyDelayUs(1);
 244              		.loc 1 78 0
 245 0012 0120     		movs	r0, #1
 246 0014 FFF7FEFF 		bl	CyDelayUs
 247              	.LVL15:
  79:25LC256.c     ****     
  80:25LC256.c     **** 	/* Prepare the TX packet of size nBytes+3 
  81:25LC256.c     ****        [ Write Instruction - Address MSB - Address LSB - +++data+++ ]
  82:25LC256.c     ****     */
  83:25LC256.c     **** 	uint8_t dataTX[3+nBytes];
 248              		.loc 1 83 0
 249 0018 05F10308 		add	r8, r5, #3
 250              	.LVL16:
 251 001c 05F10A03 		add	r3, r5, #10
 252 0020 23F00703 		bic	r3, r3, #7
 253 0024 ADEB030D 		sub	sp, sp, r3
 254 0028 02AC     		add	r4, sp, #8
 255              	.LVL17:
  84:25LC256.c     ****     dataTX[0] = SPI_EEPROM_WRITE;
 256              		.loc 1 84 0
 257 002a 4FF0020A 		mov	r10, #2
 258 002e 8DF808A0 		strb	r10, [sp, #8]
ARM GAS  C:\Users\noemi\AppData\Local\Temp\ccb3u299.s 			page 7


  85:25LC256.c     ****     dataTX[1] = (addr & 0xFF00) >> 8;
 259              		.loc 1 85 0
 260 0032 330A     		lsrs	r3, r6, #8
 261 0034 8DF80930 		strb	r3, [sp, #9]
  86:25LC256.c     ****     dataTX[2] = addr & 0x00FF;
 262              		.loc 1 86 0
 263 0038 8DF80A60 		strb	r6, [sp, #10]
  87:25LC256.c     ****     /* Copy the input data in the memory */
  88:25LC256.c     **** 	memcpy(&dataTX[3], data, nBytes);
 264              		.loc 1 88 0
 265 003c 2A46     		mov	r2, r5
 266 003e 4946     		mov	r1, r9
 267 0040 0DF10B00 		add	r0, sp, #11
 268 0044 FFF7FEFF 		bl	memcpy
 269              	.LVL18:
  89:25LC256.c     **** 	
  90:25LC256.c     **** 	/* Nothing to RX: point to a dummy variable */
  91:25LC256.c     **** 	uint8_t temp = 0;
 270              		.loc 1 91 0
 271 0048 0023     		movs	r3, #0
 272 004a 07F10802 		add	r2, r7, #8
 273 004e 02F8013D 		strb	r3, [r2, #-1]!
  92:25LC256.c     **** 	
  93:25LC256.c     **** 	SPI_Interface_Multi_RW(dataTX, 3+nBytes, &temp, 0, EEPROM_CS);
 274              		.loc 1 93 0
 275 0052 CDF800A0 		str	r10, [sp]
 276 0056 5FFA88F1 		uxtb	r1, r8
 277 005a 2046     		mov	r0, r4
 278 005c FFF7FEFF 		bl	SPI_Interface_Multi_RW
 279              	.LVL19:
  94:25LC256.c     **** 	
  95:25LC256.c     **** }
 280              		.loc 1 95 0
 281 0060 0837     		adds	r7, r7, #8
 282              		.cfi_def_cfa_offset 32
 283 0062 BD46     		mov	sp, r7
 284              		.cfi_def_cfa_register 13
 285              		@ sp needed
 286 0064 BDE8F087 		pop	{r4, r5, r6, r7, r8, r9, r10, pc}
 287              		.cfi_endproc
 288              	.LFE5:
 289              		.size	EEPROM_writePage, .-EEPROM_writePage
 290              		.section	.text.EEPROM_waitForWriteComplete,"ax",%progbits
 291              		.align	2
 292              		.global	EEPROM_waitForWriteComplete
 293              		.thumb
 294              		.thumb_func
 295              		.type	EEPROM_waitForWriteComplete, %function
 296              	EEPROM_waitForWriteComplete:
 297              	.LFB6:
  96:25LC256.c     **** 
  97:25LC256.c     **** void EEPROM_waitForWriteComplete() {
 298              		.loc 1 97 0
 299              		.cfi_startproc
 300              		@ args = 0, pretend = 0, frame = 0
 301              		@ frame_needed = 0, uses_anonymous_args = 0
 302 0000 08B5     		push	{r3, lr}
ARM GAS  C:\Users\noemi\AppData\Local\Temp\ccb3u299.s 			page 8


 303              		.cfi_def_cfa_offset 8
 304              		.cfi_offset 3, -8
 305              		.cfi_offset 14, -4
 306              	.L14:
  98:25LC256.c     ****     
  99:25LC256.c     ****     while( EEPROM_readStatus() & SPI_EEPROM_WRITE_IN_PROGRESS );
 307              		.loc 1 99 0 discriminator 1
 308 0002 FFF7FEFF 		bl	EEPROM_readStatus
 309              	.LVL20:
 310 0006 10F0010F 		tst	r0, #1
 311 000a FAD1     		bne	.L14
 100:25LC256.c     ****     
 101:25LC256.c     **** }
 312              		.loc 1 101 0
 313 000c 08BD     		pop	{r3, pc}
 314              		.cfi_endproc
 315              	.LFE6:
 316              		.size	EEPROM_waitForWriteComplete, .-EEPROM_waitForWriteComplete
 317              		.comm	eeprom_Status,1,1
 318 000e 00BF     		.text
 319              	.Letext0:
 320              		.file 2 "c:\\program files (x86)\\cypress\\psoc creator\\4.3\\psoc creator\\import\\gnu\\arm\\5.4.
 321              		.file 3 "c:\\program files (x86)\\cypress\\psoc creator\\4.3\\psoc creator\\import\\gnu\\arm\\5.4.
 322              		.file 4 "SPI_Interface.h"
 323              		.file 5 "Generated_Source\\PSoC5/CyLib.h"
 324              		.section	.debug_info,"",%progbits
 325              	.Ldebug_info0:
 326 0000 D2030000 		.4byte	0x3d2
 327 0004 0400     		.2byte	0x4
 328 0006 00000000 		.4byte	.Ldebug_abbrev0
 329 000a 04       		.byte	0x4
 330 000b 01       		.uleb128 0x1
 331 000c 9A000000 		.4byte	.LASF36
 332 0010 0C       		.byte	0xc
 333 0011 54010000 		.4byte	.LASF37
 334 0015 6B020000 		.4byte	.LASF38
 335 0019 00000000 		.4byte	.Ldebug_ranges0+0
 336 001d 00000000 		.4byte	0
 337 0021 00000000 		.4byte	.Ldebug_line0
 338 0025 02       		.uleb128 0x2
 339 0026 01       		.byte	0x1
 340 0027 06       		.byte	0x6
 341 0028 58020000 		.4byte	.LASF0
 342 002c 03       		.uleb128 0x3
 343 002d 11000000 		.4byte	.LASF3
 344 0031 02       		.byte	0x2
 345 0032 1D       		.byte	0x1d
 346 0033 37000000 		.4byte	0x37
 347 0037 02       		.uleb128 0x2
 348 0038 01       		.byte	0x1
 349 0039 08       		.byte	0x8
 350 003a 8C000000 		.4byte	.LASF1
 351 003e 02       		.uleb128 0x2
 352 003f 02       		.byte	0x2
 353 0040 05       		.byte	0x5
 354 0041 1A020000 		.4byte	.LASF2
 355 0045 03       		.uleb128 0x3
ARM GAS  C:\Users\noemi\AppData\Local\Temp\ccb3u299.s 			page 9


 356 0046 67010000 		.4byte	.LASF4
 357 004a 02       		.byte	0x2
 358 004b 2B       		.byte	0x2b
 359 004c 50000000 		.4byte	0x50
 360 0050 02       		.uleb128 0x2
 361 0051 02       		.byte	0x2
 362 0052 07       		.byte	0x7
 363 0053 28000000 		.4byte	.LASF5
 364 0057 02       		.uleb128 0x2
 365 0058 04       		.byte	0x4
 366 0059 05       		.byte	0x5
 367 005a 3E020000 		.4byte	.LASF6
 368 005e 02       		.uleb128 0x2
 369 005f 04       		.byte	0x4
 370 0060 07       		.byte	0x7
 371 0061 28010000 		.4byte	.LASF7
 372 0065 02       		.uleb128 0x2
 373 0066 08       		.byte	0x8
 374 0067 05       		.byte	0x5
 375 0068 05020000 		.4byte	.LASF8
 376 006c 02       		.uleb128 0x2
 377 006d 08       		.byte	0x8
 378 006e 07       		.byte	0x7
 379 006f BA010000 		.4byte	.LASF9
 380 0073 04       		.uleb128 0x4
 381 0074 04       		.byte	0x4
 382 0075 05       		.byte	0x5
 383 0076 696E7400 		.ascii	"int\000"
 384 007a 02       		.uleb128 0x2
 385 007b 04       		.byte	0x4
 386 007c 07       		.byte	0x7
 387 007d AD010000 		.4byte	.LASF10
 388 0081 03       		.uleb128 0x3
 389 0082 D1010000 		.4byte	.LASF11
 390 0086 03       		.byte	0x3
 391 0087 18       		.byte	0x18
 392 0088 2C000000 		.4byte	0x2c
 393 008c 03       		.uleb128 0x3
 394 008d 35020000 		.4byte	.LASF12
 395 0091 03       		.byte	0x3
 396 0092 24       		.byte	0x24
 397 0093 45000000 		.4byte	0x45
 398 0097 02       		.uleb128 0x2
 399 0098 04       		.byte	0x4
 400 0099 04       		.byte	0x4
 401 009a 1B000000 		.4byte	.LASF13
 402 009e 02       		.uleb128 0x2
 403 009f 08       		.byte	0x8
 404 00a0 04       		.byte	0x4
 405 00a1 72010000 		.4byte	.LASF14
 406 00a5 02       		.uleb128 0x2
 407 00a6 01       		.byte	0x1
 408 00a7 08       		.byte	0x8
 409 00a8 47020000 		.4byte	.LASF15
 410 00ac 02       		.uleb128 0x2
 411 00ad 08       		.byte	0x8
 412 00ae 04       		.byte	0x4
ARM GAS  C:\Users\noemi\AppData\Local\Temp\ccb3u299.s 			page 10


 413 00af 4C020000 		.4byte	.LASF16
 414 00b3 02       		.uleb128 0x2
 415 00b4 04       		.byte	0x4
 416 00b5 07       		.byte	0x7
 417 00b6 FC010000 		.4byte	.LASF17
 418 00ba 05       		.uleb128 0x5
 419 00bb 9B010000 		.4byte	.LASF18
 420 00bf 01       		.byte	0x1
 421 00c0 12       		.byte	0x12
 422 00c1 81000000 		.4byte	0x81
 423 00c5 00000000 		.4byte	.LFB0
 424 00c9 0C000000 		.4byte	.LFE0-.LFB0
 425 00cd 01       		.uleb128 0x1
 426 00ce 9C       		.byte	0x9c
 427 00cf E8000000 		.4byte	0xe8
 428 00d3 06       		.uleb128 0x6
 429 00d4 0A000000 		.4byte	.LVL0
 430 00d8 A0030000 		.4byte	0x3a0
 431 00dc 07       		.uleb128 0x7
 432 00dd 01       		.uleb128 0x1
 433 00de 50       		.byte	0x50
 434 00df 01       		.uleb128 0x1
 435 00e0 35       		.byte	0x35
 436 00e1 07       		.uleb128 0x7
 437 00e2 01       		.uleb128 0x1
 438 00e3 51       		.byte	0x51
 439 00e4 01       		.uleb128 0x1
 440 00e5 32       		.byte	0x32
 441 00e6 00       		.byte	0
 442 00e7 00       		.byte	0
 443 00e8 08       		.uleb128 0x8
 444 00e9 FB020000 		.4byte	.LASF22
 445 00ed 01       		.byte	0x1
 446 00ee 18       		.byte	0x18
 447 00ef 00000000 		.4byte	.LFB1
 448 00f3 0C000000 		.4byte	.LFE1-.LFB1
 449 00f7 01       		.uleb128 0x1
 450 00f8 9C       		.byte	0x9c
 451 00f9 12010000 		.4byte	0x112
 452 00fd 06       		.uleb128 0x6
 453 00fe 0A000000 		.4byte	.LVL1
 454 0102 AB030000 		.4byte	0x3ab
 455 0106 07       		.uleb128 0x7
 456 0107 01       		.uleb128 0x1
 457 0108 50       		.byte	0x50
 458 0109 01       		.uleb128 0x1
 459 010a 36       		.byte	0x36
 460 010b 07       		.uleb128 0x7
 461 010c 01       		.uleb128 0x1
 462 010d 51       		.byte	0x51
 463 010e 01       		.uleb128 0x1
 464 010f 32       		.byte	0x32
 465 0110 00       		.byte	0
 466 0111 00       		.byte	0
 467 0112 05       		.uleb128 0x5
 468 0113 44010000 		.4byte	.LASF19
 469 0117 01       		.byte	0x1
ARM GAS  C:\Users\noemi\AppData\Local\Temp\ccb3u299.s 			page 11


 470 0118 21       		.byte	0x21
 471 0119 81000000 		.4byte	0x81
 472 011d 00000000 		.4byte	.LFB2
 473 0121 32000000 		.4byte	.LFE2-.LFB2
 474 0125 01       		.uleb128 0x1
 475 0126 9C       		.byte	0x9c
 476 0127 7D010000 		.4byte	0x17d
 477 012b 09       		.uleb128 0x9
 478 012c 3F010000 		.4byte	.LASF24
 479 0130 01       		.byte	0x1
 480 0131 21       		.byte	0x21
 481 0132 8C000000 		.4byte	0x8c
 482 0136 00000000 		.4byte	.LLST0
 483 013a 0A       		.uleb128 0xa
 484 013b 64020000 		.4byte	.LASF20
 485 013f 01       		.byte	0x1
 486 0140 24       		.byte	0x24
 487 0141 7D010000 		.4byte	0x17d
 488 0145 02       		.uleb128 0x2
 489 0146 91       		.byte	0x91
 490 0147 74       		.sleb128 -12
 491 0148 0A       		.uleb128 0xa
 492 0149 D9010000 		.4byte	.LASF21
 493 014d 01       		.byte	0x1
 494 014e 27       		.byte	0x27
 495 014f 81000000 		.4byte	0x81
 496 0153 02       		.uleb128 0x2
 497 0154 91       		.byte	0x91
 498 0155 73       		.sleb128 -13
 499 0156 06       		.uleb128 0x6
 500 0157 28000000 		.4byte	.LVL4
 501 015b B6030000 		.4byte	0x3b6
 502 015f 07       		.uleb128 0x7
 503 0160 01       		.uleb128 0x1
 504 0161 50       		.byte	0x50
 505 0162 02       		.uleb128 0x2
 506 0163 91       		.byte	0x91
 507 0164 74       		.sleb128 -12
 508 0165 07       		.uleb128 0x7
 509 0166 01       		.uleb128 0x1
 510 0167 51       		.byte	0x51
 511 0168 01       		.uleb128 0x1
 512 0169 33       		.byte	0x33
 513 016a 07       		.uleb128 0x7
 514 016b 01       		.uleb128 0x1
 515 016c 52       		.byte	0x52
 516 016d 02       		.uleb128 0x2
 517 016e 91       		.byte	0x91
 518 016f 73       		.sleb128 -13
 519 0170 07       		.uleb128 0x7
 520 0171 01       		.uleb128 0x1
 521 0172 53       		.byte	0x53
 522 0173 01       		.uleb128 0x1
 523 0174 31       		.byte	0x31
 524 0175 07       		.uleb128 0x7
 525 0176 02       		.uleb128 0x2
 526 0177 7D       		.byte	0x7d
ARM GAS  C:\Users\noemi\AppData\Local\Temp\ccb3u299.s 			page 12


 527 0178 00       		.sleb128 0
 528 0179 01       		.uleb128 0x1
 529 017a 32       		.byte	0x32
 530 017b 00       		.byte	0
 531 017c 00       		.byte	0
 532 017d 0B       		.uleb128 0xb
 533 017e 81000000 		.4byte	0x81
 534 0182 8D010000 		.4byte	0x18d
 535 0186 0C       		.uleb128 0xc
 536 0187 B3000000 		.4byte	0xb3
 537 018b 02       		.byte	0x2
 538 018c 00       		.byte	0
 539 018d 08       		.uleb128 0x8
 540 018e 00000000 		.4byte	.LASF23
 541 0192 01       		.byte	0x1
 542 0193 30       		.byte	0x30
 543 0194 00000000 		.4byte	.LFB3
 544 0198 36000000 		.4byte	.LFE3-.LFB3
 545 019c 01       		.uleb128 0x1
 546 019d 9C       		.byte	0x9c
 547 019e 0C020000 		.4byte	0x20c
 548 01a2 09       		.uleb128 0x9
 549 01a3 3F010000 		.4byte	.LASF24
 550 01a7 01       		.byte	0x1
 551 01a8 30       		.byte	0x30
 552 01a9 8C000000 		.4byte	0x8c
 553 01ad 21000000 		.4byte	.LLST1
 554 01b1 09       		.uleb128 0x9
 555 01b2 5E010000 		.4byte	.LASF25
 556 01b6 01       		.byte	0x1
 557 01b7 30       		.byte	0x30
 558 01b8 81000000 		.4byte	0x81
 559 01bc 42000000 		.4byte	.LLST2
 560 01c0 0A       		.uleb128 0xa
 561 01c1 64020000 		.4byte	.LASF20
 562 01c5 01       		.byte	0x1
 563 01c6 36       		.byte	0x36
 564 01c7 0C020000 		.4byte	0x20c
 565 01cb 02       		.uleb128 0x2
 566 01cc 91       		.byte	0x91
 567 01cd 6C       		.sleb128 -20
 568 01ce 0A       		.uleb128 0xa
 569 01cf 3A010000 		.4byte	.LASF26
 570 01d3 01       		.byte	0x1
 571 01d4 38       		.byte	0x38
 572 01d5 81000000 		.4byte	0x81
 573 01d9 02       		.uleb128 0x2
 574 01da 91       		.byte	0x91
 575 01db 6B       		.sleb128 -21
 576 01dc 0D       		.uleb128 0xd
 577 01dd 0C000000 		.4byte	.LVL6
 578 01e1 E8000000 		.4byte	0xe8
 579 01e5 06       		.uleb128 0x6
 580 01e6 32000000 		.4byte	.LVL7
 581 01ea B6030000 		.4byte	0x3b6
 582 01ee 07       		.uleb128 0x7
 583 01ef 01       		.uleb128 0x1
ARM GAS  C:\Users\noemi\AppData\Local\Temp\ccb3u299.s 			page 13


 584 01f0 50       		.byte	0x50
 585 01f1 02       		.uleb128 0x2
 586 01f2 91       		.byte	0x91
 587 01f3 6C       		.sleb128 -20
 588 01f4 07       		.uleb128 0x7
 589 01f5 01       		.uleb128 0x1
 590 01f6 51       		.byte	0x51
 591 01f7 01       		.uleb128 0x1
 592 01f8 34       		.byte	0x34
 593 01f9 07       		.uleb128 0x7
 594 01fa 01       		.uleb128 0x1
 595 01fb 52       		.byte	0x52
 596 01fc 02       		.uleb128 0x2
 597 01fd 91       		.byte	0x91
 598 01fe 6B       		.sleb128 -21
 599 01ff 07       		.uleb128 0x7
 600 0200 01       		.uleb128 0x1
 601 0201 53       		.byte	0x53
 602 0202 01       		.uleb128 0x1
 603 0203 30       		.byte	0x30
 604 0204 07       		.uleb128 0x7
 605 0205 02       		.uleb128 0x2
 606 0206 7D       		.byte	0x7d
 607 0207 00       		.sleb128 0
 608 0208 01       		.uleb128 0x1
 609 0209 32       		.byte	0x32
 610 020a 00       		.byte	0
 611 020b 00       		.byte	0
 612 020c 0B       		.uleb128 0xb
 613 020d 81000000 		.4byte	0x81
 614 0211 1C020000 		.4byte	0x21c
 615 0215 0C       		.uleb128 0xc
 616 0216 B3000000 		.4byte	0xb3
 617 021a 03       		.byte	0x3
 618 021b 00       		.byte	0
 619 021c 08       		.uleb128 0x8
 620 021d 52000000 		.4byte	.LASF27
 621 0221 01       		.byte	0x1
 622 0222 3F       		.byte	0x3f
 623 0223 00000000 		.4byte	.LFB4
 624 0227 28000000 		.4byte	.LFE4-.LFB4
 625 022b 01       		.uleb128 0x1
 626 022c 9C       		.byte	0x9c
 627 022d 90020000 		.4byte	0x290
 628 0231 09       		.uleb128 0x9
 629 0232 3F010000 		.4byte	.LASF24
 630 0236 01       		.byte	0x1
 631 0237 3F       		.byte	0x3f
 632 0238 8C000000 		.4byte	0x8c
 633 023c 63000000 		.4byte	.LLST3
 634 0240 09       		.uleb128 0x9
 635 0241 D9010000 		.4byte	.LASF21
 636 0245 01       		.byte	0x1
 637 0246 3F       		.byte	0x3f
 638 0247 90020000 		.4byte	0x290
 639 024b 84000000 		.4byte	.LLST4
 640 024f 09       		.uleb128 0x9
ARM GAS  C:\Users\noemi\AppData\Local\Temp\ccb3u299.s 			page 14


 641 0250 21000000 		.4byte	.LASF28
 642 0254 01       		.byte	0x1
 643 0255 3F       		.byte	0x3f
 644 0256 81000000 		.4byte	0x81
 645 025a B0000000 		.4byte	.LLST5
 646 025e 0A       		.uleb128 0xa
 647 025f 64020000 		.4byte	.LASF20
 648 0263 01       		.byte	0x1
 649 0264 42       		.byte	0x42
 650 0265 7D010000 		.4byte	0x17d
 651 0269 02       		.uleb128 0x2
 652 026a 91       		.byte	0x91
 653 026b 74       		.sleb128 -12
 654 026c 06       		.uleb128 0x6
 655 026d 24000000 		.4byte	.LVL12
 656 0271 B6030000 		.4byte	0x3b6
 657 0275 07       		.uleb128 0x7
 658 0276 01       		.uleb128 0x1
 659 0277 50       		.byte	0x50
 660 0278 02       		.uleb128 0x2
 661 0279 91       		.byte	0x91
 662 027a 74       		.sleb128 -12
 663 027b 07       		.uleb128 0x7
 664 027c 01       		.uleb128 0x1
 665 027d 51       		.byte	0x51
 666 027e 02       		.uleb128 0x2
 667 027f 74       		.byte	0x74
 668 0280 00       		.sleb128 0
 669 0281 07       		.uleb128 0x7
 670 0282 01       		.uleb128 0x1
 671 0283 52       		.byte	0x52
 672 0284 03       		.uleb128 0x3
 673 0285 F3       		.byte	0xf3
 674 0286 01       		.uleb128 0x1
 675 0287 51       		.byte	0x51
 676 0288 07       		.uleb128 0x7
 677 0289 02       		.uleb128 0x2
 678 028a 7D       		.byte	0x7d
 679 028b 00       		.sleb128 0
 680 028c 01       		.uleb128 0x1
 681 028d 32       		.byte	0x32
 682 028e 00       		.byte	0
 683 028f 00       		.byte	0
 684 0290 0E       		.uleb128 0xe
 685 0291 04       		.byte	0x4
 686 0292 81000000 		.4byte	0x81
 687 0296 08       		.uleb128 0x8
 688 0297 24020000 		.4byte	.LASF29
 689 029b 01       		.byte	0x1
 690 029c 49       		.byte	0x49
 691 029d 00000000 		.4byte	.LFB5
 692 02a1 68000000 		.4byte	.LFE5-.LFB5
 693 02a5 01       		.uleb128 0x1
 694 02a6 9C       		.byte	0x9c
 695 02a7 59030000 		.4byte	0x359
 696 02ab 09       		.uleb128 0x9
 697 02ac 3F010000 		.4byte	.LASF24
ARM GAS  C:\Users\noemi\AppData\Local\Temp\ccb3u299.s 			page 15


 698 02b0 01       		.byte	0x1
 699 02b1 49       		.byte	0x49
 700 02b2 8C000000 		.4byte	0x8c
 701 02b6 D1000000 		.4byte	.LLST6
 702 02ba 09       		.uleb128 0x9
 703 02bb 70000000 		.4byte	.LASF30
 704 02bf 01       		.byte	0x1
 705 02c0 49       		.byte	0x49
 706 02c1 90020000 		.4byte	0x290
 707 02c5 F2000000 		.4byte	.LLST7
 708 02c9 09       		.uleb128 0x9
 709 02ca 21000000 		.4byte	.LASF28
 710 02ce 01       		.byte	0x1
 711 02cf 49       		.byte	0x49
 712 02d0 81000000 		.4byte	0x81
 713 02d4 10010000 		.4byte	.LLST8
 714 02d8 0A       		.uleb128 0xa
 715 02d9 64020000 		.4byte	.LASF20
 716 02dd 01       		.byte	0x1
 717 02de 53       		.byte	0x53
 718 02df 59030000 		.4byte	0x359
 719 02e3 02       		.uleb128 0x2
 720 02e4 74       		.byte	0x74
 721 02e5 00       		.sleb128 0
 722 02e6 0A       		.uleb128 0xa
 723 02e7 3A010000 		.4byte	.LASF26
 724 02eb 01       		.byte	0x1
 725 02ec 5B       		.byte	0x5b
 726 02ed 81000000 		.4byte	0x81
 727 02f1 02       		.uleb128 0x2
 728 02f2 91       		.byte	0x91
 729 02f3 5F       		.sleb128 -33
 730 02f4 0D       		.uleb128 0xd
 731 02f5 12000000 		.4byte	.LVL14
 732 02f9 E8000000 		.4byte	0xe8
 733 02fd 0F       		.uleb128 0xf
 734 02fe 18000000 		.4byte	.LVL15
 735 0302 C1030000 		.4byte	0x3c1
 736 0306 10030000 		.4byte	0x310
 737 030a 07       		.uleb128 0x7
 738 030b 01       		.uleb128 0x1
 739 030c 50       		.byte	0x50
 740 030d 01       		.uleb128 0x1
 741 030e 31       		.byte	0x31
 742 030f 00       		.byte	0
 743 0310 0F       		.uleb128 0xf
 744 0311 48000000 		.4byte	.LVL18
 745 0315 CC030000 		.4byte	0x3cc
 746 0319 30030000 		.4byte	0x330
 747 031d 07       		.uleb128 0x7
 748 031e 01       		.uleb128 0x1
 749 031f 50       		.byte	0x50
 750 0320 02       		.uleb128 0x2
 751 0321 7D       		.byte	0x7d
 752 0322 0B       		.sleb128 11
 753 0323 07       		.uleb128 0x7
 754 0324 01       		.uleb128 0x1
ARM GAS  C:\Users\noemi\AppData\Local\Temp\ccb3u299.s 			page 16


 755 0325 51       		.byte	0x51
 756 0326 02       		.uleb128 0x2
 757 0327 79       		.byte	0x79
 758 0328 00       		.sleb128 0
 759 0329 07       		.uleb128 0x7
 760 032a 01       		.uleb128 0x1
 761 032b 52       		.byte	0x52
 762 032c 02       		.uleb128 0x2
 763 032d 75       		.byte	0x75
 764 032e 00       		.sleb128 0
 765 032f 00       		.byte	0
 766 0330 06       		.uleb128 0x6
 767 0331 60000000 		.4byte	.LVL19
 768 0335 B6030000 		.4byte	0x3b6
 769 0339 07       		.uleb128 0x7
 770 033a 01       		.uleb128 0x1
 771 033b 50       		.byte	0x50
 772 033c 02       		.uleb128 0x2
 773 033d 74       		.byte	0x74
 774 033e 00       		.sleb128 0
 775 033f 07       		.uleb128 0x7
 776 0340 01       		.uleb128 0x1
 777 0341 51       		.byte	0x51
 778 0342 02       		.uleb128 0x2
 779 0343 78       		.byte	0x78
 780 0344 00       		.sleb128 0
 781 0345 07       		.uleb128 0x7
 782 0346 01       		.uleb128 0x1
 783 0347 52       		.byte	0x52
 784 0348 02       		.uleb128 0x2
 785 0349 77       		.byte	0x77
 786 034a 1F       		.sleb128 31
 787 034b 07       		.uleb128 0x7
 788 034c 01       		.uleb128 0x1
 789 034d 53       		.byte	0x53
 790 034e 01       		.uleb128 0x1
 791 034f 30       		.byte	0x30
 792 0350 07       		.uleb128 0x7
 793 0351 02       		.uleb128 0x2
 794 0352 7D       		.byte	0x7d
 795 0353 00       		.sleb128 0
 796 0354 02       		.uleb128 0x2
 797 0355 7A       		.byte	0x7a
 798 0356 00       		.sleb128 0
 799 0357 00       		.byte	0
 800 0358 00       		.byte	0
 801 0359 0B       		.uleb128 0xb
 802 035a 81000000 		.4byte	0x81
 803 035e 70030000 		.4byte	0x370
 804 0362 10       		.uleb128 0x10
 805 0363 B3000000 		.4byte	0xb3
 806 0367 07       		.uleb128 0x7
 807 0368 75       		.byte	0x75
 808 0369 00       		.sleb128 0
 809 036a 08       		.byte	0x8
 810 036b FF       		.byte	0xff
 811 036c 1A       		.byte	0x1a
ARM GAS  C:\Users\noemi\AppData\Local\Temp\ccb3u299.s 			page 17


 812 036d 23       		.byte	0x23
 813 036e 02       		.uleb128 0x2
 814 036f 00       		.byte	0
 815 0370 08       		.uleb128 0x8
 816 0371 E0010000 		.4byte	.LASF31
 817 0375 01       		.byte	0x1
 818 0376 61       		.byte	0x61
 819 0377 00000000 		.4byte	.LFB6
 820 037b 0E000000 		.4byte	.LFE6-.LFB6
 821 037f 01       		.uleb128 0x1
 822 0380 9C       		.byte	0x9c
 823 0381 8F030000 		.4byte	0x38f
 824 0385 0D       		.uleb128 0xd
 825 0386 06000000 		.4byte	.LVL20
 826 038a BA000000 		.4byte	0xba
 827 038e 00       		.byte	0
 828 038f 11       		.uleb128 0x11
 829 0390 62000000 		.4byte	.LASF39
 830 0394 01       		.byte	0x1
 831 0395 0E       		.byte	0xe
 832 0396 81000000 		.4byte	0x81
 833 039a 05       		.uleb128 0x5
 834 039b 03       		.byte	0x3
 835 039c 00000000 		.4byte	eeprom_Status
 836 03a0 12       		.uleb128 0x12
 837 03a1 75000000 		.4byte	.LASF32
 838 03a5 75000000 		.4byte	.LASF32
 839 03a9 04       		.byte	0x4
 840 03aa 3B       		.byte	0x3b
 841 03ab 12       		.uleb128 0x12
 842 03ac 79010000 		.4byte	.LASF33
 843 03b0 79010000 		.4byte	.LASF33
 844 03b4 04       		.byte	0x4
 845 03b5 2B       		.byte	0x2b
 846 03b6 12       		.uleb128 0x12
 847 03b7 3B000000 		.4byte	.LASF34
 848 03bb 3B000000 		.4byte	.LASF34
 849 03bf 04       		.byte	0x4
 850 03c0 57       		.byte	0x57
 851 03c1 12       		.uleb128 0x12
 852 03c2 91010000 		.4byte	.LASF35
 853 03c6 91010000 		.4byte	.LASF35
 854 03ca 05       		.byte	0x5
 855 03cb 77       		.byte	0x77
 856 03cc 13       		.uleb128 0x13
 857 03cd 13020000 		.4byte	.LASF40
 858 03d1 13020000 		.4byte	.LASF40
 859 03d5 00       		.byte	0
 860              		.section	.debug_abbrev,"",%progbits
 861              	.Ldebug_abbrev0:
 862 0000 01       		.uleb128 0x1
 863 0001 11       		.uleb128 0x11
 864 0002 01       		.byte	0x1
 865 0003 25       		.uleb128 0x25
 866 0004 0E       		.uleb128 0xe
 867 0005 13       		.uleb128 0x13
 868 0006 0B       		.uleb128 0xb
ARM GAS  C:\Users\noemi\AppData\Local\Temp\ccb3u299.s 			page 18


 869 0007 03       		.uleb128 0x3
 870 0008 0E       		.uleb128 0xe
 871 0009 1B       		.uleb128 0x1b
 872 000a 0E       		.uleb128 0xe
 873 000b 55       		.uleb128 0x55
 874 000c 17       		.uleb128 0x17
 875 000d 11       		.uleb128 0x11
 876 000e 01       		.uleb128 0x1
 877 000f 10       		.uleb128 0x10
 878 0010 17       		.uleb128 0x17
 879 0011 00       		.byte	0
 880 0012 00       		.byte	0
 881 0013 02       		.uleb128 0x2
 882 0014 24       		.uleb128 0x24
 883 0015 00       		.byte	0
 884 0016 0B       		.uleb128 0xb
 885 0017 0B       		.uleb128 0xb
 886 0018 3E       		.uleb128 0x3e
 887 0019 0B       		.uleb128 0xb
 888 001a 03       		.uleb128 0x3
 889 001b 0E       		.uleb128 0xe
 890 001c 00       		.byte	0
 891 001d 00       		.byte	0
 892 001e 03       		.uleb128 0x3
 893 001f 16       		.uleb128 0x16
 894 0020 00       		.byte	0
 895 0021 03       		.uleb128 0x3
 896 0022 0E       		.uleb128 0xe
 897 0023 3A       		.uleb128 0x3a
 898 0024 0B       		.uleb128 0xb
 899 0025 3B       		.uleb128 0x3b
 900 0026 0B       		.uleb128 0xb
 901 0027 49       		.uleb128 0x49
 902 0028 13       		.uleb128 0x13
 903 0029 00       		.byte	0
 904 002a 00       		.byte	0
 905 002b 04       		.uleb128 0x4
 906 002c 24       		.uleb128 0x24
 907 002d 00       		.byte	0
 908 002e 0B       		.uleb128 0xb
 909 002f 0B       		.uleb128 0xb
 910 0030 3E       		.uleb128 0x3e
 911 0031 0B       		.uleb128 0xb
 912 0032 03       		.uleb128 0x3
 913 0033 08       		.uleb128 0x8
 914 0034 00       		.byte	0
 915 0035 00       		.byte	0
 916 0036 05       		.uleb128 0x5
 917 0037 2E       		.uleb128 0x2e
 918 0038 01       		.byte	0x1
 919 0039 3F       		.uleb128 0x3f
 920 003a 19       		.uleb128 0x19
 921 003b 03       		.uleb128 0x3
 922 003c 0E       		.uleb128 0xe
 923 003d 3A       		.uleb128 0x3a
 924 003e 0B       		.uleb128 0xb
 925 003f 3B       		.uleb128 0x3b
ARM GAS  C:\Users\noemi\AppData\Local\Temp\ccb3u299.s 			page 19


 926 0040 0B       		.uleb128 0xb
 927 0041 27       		.uleb128 0x27
 928 0042 19       		.uleb128 0x19
 929 0043 49       		.uleb128 0x49
 930 0044 13       		.uleb128 0x13
 931 0045 11       		.uleb128 0x11
 932 0046 01       		.uleb128 0x1
 933 0047 12       		.uleb128 0x12
 934 0048 06       		.uleb128 0x6
 935 0049 40       		.uleb128 0x40
 936 004a 18       		.uleb128 0x18
 937 004b 9742     		.uleb128 0x2117
 938 004d 19       		.uleb128 0x19
 939 004e 01       		.uleb128 0x1
 940 004f 13       		.uleb128 0x13
 941 0050 00       		.byte	0
 942 0051 00       		.byte	0
 943 0052 06       		.uleb128 0x6
 944 0053 898201   		.uleb128 0x4109
 945 0056 01       		.byte	0x1
 946 0057 11       		.uleb128 0x11
 947 0058 01       		.uleb128 0x1
 948 0059 31       		.uleb128 0x31
 949 005a 13       		.uleb128 0x13
 950 005b 00       		.byte	0
 951 005c 00       		.byte	0
 952 005d 07       		.uleb128 0x7
 953 005e 8A8201   		.uleb128 0x410a
 954 0061 00       		.byte	0
 955 0062 02       		.uleb128 0x2
 956 0063 18       		.uleb128 0x18
 957 0064 9142     		.uleb128 0x2111
 958 0066 18       		.uleb128 0x18
 959 0067 00       		.byte	0
 960 0068 00       		.byte	0
 961 0069 08       		.uleb128 0x8
 962 006a 2E       		.uleb128 0x2e
 963 006b 01       		.byte	0x1
 964 006c 3F       		.uleb128 0x3f
 965 006d 19       		.uleb128 0x19
 966 006e 03       		.uleb128 0x3
 967 006f 0E       		.uleb128 0xe
 968 0070 3A       		.uleb128 0x3a
 969 0071 0B       		.uleb128 0xb
 970 0072 3B       		.uleb128 0x3b
 971 0073 0B       		.uleb128 0xb
 972 0074 27       		.uleb128 0x27
 973 0075 19       		.uleb128 0x19
 974 0076 11       		.uleb128 0x11
 975 0077 01       		.uleb128 0x1
 976 0078 12       		.uleb128 0x12
 977 0079 06       		.uleb128 0x6
 978 007a 40       		.uleb128 0x40
 979 007b 18       		.uleb128 0x18
 980 007c 9742     		.uleb128 0x2117
 981 007e 19       		.uleb128 0x19
 982 007f 01       		.uleb128 0x1
ARM GAS  C:\Users\noemi\AppData\Local\Temp\ccb3u299.s 			page 20


 983 0080 13       		.uleb128 0x13
 984 0081 00       		.byte	0
 985 0082 00       		.byte	0
 986 0083 09       		.uleb128 0x9
 987 0084 05       		.uleb128 0x5
 988 0085 00       		.byte	0
 989 0086 03       		.uleb128 0x3
 990 0087 0E       		.uleb128 0xe
 991 0088 3A       		.uleb128 0x3a
 992 0089 0B       		.uleb128 0xb
 993 008a 3B       		.uleb128 0x3b
 994 008b 0B       		.uleb128 0xb
 995 008c 49       		.uleb128 0x49
 996 008d 13       		.uleb128 0x13
 997 008e 02       		.uleb128 0x2
 998 008f 17       		.uleb128 0x17
 999 0090 00       		.byte	0
 1000 0091 00       		.byte	0
 1001 0092 0A       		.uleb128 0xa
 1002 0093 34       		.uleb128 0x34
 1003 0094 00       		.byte	0
 1004 0095 03       		.uleb128 0x3
 1005 0096 0E       		.uleb128 0xe
 1006 0097 3A       		.uleb128 0x3a
 1007 0098 0B       		.uleb128 0xb
 1008 0099 3B       		.uleb128 0x3b
 1009 009a 0B       		.uleb128 0xb
 1010 009b 49       		.uleb128 0x49
 1011 009c 13       		.uleb128 0x13
 1012 009d 02       		.uleb128 0x2
 1013 009e 18       		.uleb128 0x18
 1014 009f 00       		.byte	0
 1015 00a0 00       		.byte	0
 1016 00a1 0B       		.uleb128 0xb
 1017 00a2 01       		.uleb128 0x1
 1018 00a3 01       		.byte	0x1
 1019 00a4 49       		.uleb128 0x49
 1020 00a5 13       		.uleb128 0x13
 1021 00a6 01       		.uleb128 0x1
 1022 00a7 13       		.uleb128 0x13
 1023 00a8 00       		.byte	0
 1024 00a9 00       		.byte	0
 1025 00aa 0C       		.uleb128 0xc
 1026 00ab 21       		.uleb128 0x21
 1027 00ac 00       		.byte	0
 1028 00ad 49       		.uleb128 0x49
 1029 00ae 13       		.uleb128 0x13
 1030 00af 2F       		.uleb128 0x2f
 1031 00b0 0B       		.uleb128 0xb
 1032 00b1 00       		.byte	0
 1033 00b2 00       		.byte	0
 1034 00b3 0D       		.uleb128 0xd
 1035 00b4 898201   		.uleb128 0x4109
 1036 00b7 00       		.byte	0
 1037 00b8 11       		.uleb128 0x11
 1038 00b9 01       		.uleb128 0x1
 1039 00ba 31       		.uleb128 0x31
ARM GAS  C:\Users\noemi\AppData\Local\Temp\ccb3u299.s 			page 21


 1040 00bb 13       		.uleb128 0x13
 1041 00bc 00       		.byte	0
 1042 00bd 00       		.byte	0
 1043 00be 0E       		.uleb128 0xe
 1044 00bf 0F       		.uleb128 0xf
 1045 00c0 00       		.byte	0
 1046 00c1 0B       		.uleb128 0xb
 1047 00c2 0B       		.uleb128 0xb
 1048 00c3 49       		.uleb128 0x49
 1049 00c4 13       		.uleb128 0x13
 1050 00c5 00       		.byte	0
 1051 00c6 00       		.byte	0
 1052 00c7 0F       		.uleb128 0xf
 1053 00c8 898201   		.uleb128 0x4109
 1054 00cb 01       		.byte	0x1
 1055 00cc 11       		.uleb128 0x11
 1056 00cd 01       		.uleb128 0x1
 1057 00ce 31       		.uleb128 0x31
 1058 00cf 13       		.uleb128 0x13
 1059 00d0 01       		.uleb128 0x1
 1060 00d1 13       		.uleb128 0x13
 1061 00d2 00       		.byte	0
 1062 00d3 00       		.byte	0
 1063 00d4 10       		.uleb128 0x10
 1064 00d5 21       		.uleb128 0x21
 1065 00d6 00       		.byte	0
 1066 00d7 49       		.uleb128 0x49
 1067 00d8 13       		.uleb128 0x13
 1068 00d9 2F       		.uleb128 0x2f
 1069 00da 18       		.uleb128 0x18
 1070 00db 00       		.byte	0
 1071 00dc 00       		.byte	0
 1072 00dd 11       		.uleb128 0x11
 1073 00de 34       		.uleb128 0x34
 1074 00df 00       		.byte	0
 1075 00e0 03       		.uleb128 0x3
 1076 00e1 0E       		.uleb128 0xe
 1077 00e2 3A       		.uleb128 0x3a
 1078 00e3 0B       		.uleb128 0xb
 1079 00e4 3B       		.uleb128 0x3b
 1080 00e5 0B       		.uleb128 0xb
 1081 00e6 49       		.uleb128 0x49
 1082 00e7 13       		.uleb128 0x13
 1083 00e8 3F       		.uleb128 0x3f
 1084 00e9 19       		.uleb128 0x19
 1085 00ea 02       		.uleb128 0x2
 1086 00eb 18       		.uleb128 0x18
 1087 00ec 00       		.byte	0
 1088 00ed 00       		.byte	0
 1089 00ee 12       		.uleb128 0x12
 1090 00ef 2E       		.uleb128 0x2e
 1091 00f0 00       		.byte	0
 1092 00f1 3F       		.uleb128 0x3f
 1093 00f2 19       		.uleb128 0x19
 1094 00f3 3C       		.uleb128 0x3c
 1095 00f4 19       		.uleb128 0x19
 1096 00f5 6E       		.uleb128 0x6e
ARM GAS  C:\Users\noemi\AppData\Local\Temp\ccb3u299.s 			page 22


 1097 00f6 0E       		.uleb128 0xe
 1098 00f7 03       		.uleb128 0x3
 1099 00f8 0E       		.uleb128 0xe
 1100 00f9 3A       		.uleb128 0x3a
 1101 00fa 0B       		.uleb128 0xb
 1102 00fb 3B       		.uleb128 0x3b
 1103 00fc 0B       		.uleb128 0xb
 1104 00fd 00       		.byte	0
 1105 00fe 00       		.byte	0
 1106 00ff 13       		.uleb128 0x13
 1107 0100 2E       		.uleb128 0x2e
 1108 0101 00       		.byte	0
 1109 0102 3F       		.uleb128 0x3f
 1110 0103 19       		.uleb128 0x19
 1111 0104 3C       		.uleb128 0x3c
 1112 0105 19       		.uleb128 0x19
 1113 0106 6E       		.uleb128 0x6e
 1114 0107 0E       		.uleb128 0xe
 1115 0108 03       		.uleb128 0x3
 1116 0109 0E       		.uleb128 0xe
 1117 010a 00       		.byte	0
 1118 010b 00       		.byte	0
 1119 010c 00       		.byte	0
 1120              		.section	.debug_loc,"",%progbits
 1121              	.Ldebug_loc0:
 1122              	.LLST0:
 1123 0000 00000000 		.4byte	.LVL2
 1124 0004 24000000 		.4byte	.LVL3
 1125 0008 0100     		.2byte	0x1
 1126 000a 50       		.byte	0x50
 1127 000b 24000000 		.4byte	.LVL3
 1128 000f 32000000 		.4byte	.LFE2
 1129 0013 0400     		.2byte	0x4
 1130 0015 F3       		.byte	0xf3
 1131 0016 01       		.uleb128 0x1
 1132 0017 50       		.byte	0x50
 1133 0018 9F       		.byte	0x9f
 1134 0019 00000000 		.4byte	0
 1135 001d 00000000 		.4byte	0
 1136              	.LLST1:
 1137 0021 00000000 		.4byte	.LVL5
 1138 0025 0B000000 		.4byte	.LVL6-1
 1139 0029 0100     		.2byte	0x1
 1140 002b 50       		.byte	0x50
 1141 002c 0B000000 		.4byte	.LVL6-1
 1142 0030 36000000 		.4byte	.LFE3
 1143 0034 0400     		.2byte	0x4
 1144 0036 F3       		.byte	0xf3
 1145 0037 01       		.uleb128 0x1
 1146 0038 50       		.byte	0x50
 1147 0039 9F       		.byte	0x9f
 1148 003a 00000000 		.4byte	0
 1149 003e 00000000 		.4byte	0
 1150              	.LLST2:
 1151 0042 00000000 		.4byte	.LVL5
 1152 0046 0B000000 		.4byte	.LVL6-1
 1153 004a 0100     		.2byte	0x1
ARM GAS  C:\Users\noemi\AppData\Local\Temp\ccb3u299.s 			page 23


 1154 004c 51       		.byte	0x51
 1155 004d 0B000000 		.4byte	.LVL6-1
 1156 0051 36000000 		.4byte	.LFE3
 1157 0055 0400     		.2byte	0x4
 1158 0057 F3       		.byte	0xf3
 1159 0058 01       		.uleb128 0x1
 1160 0059 51       		.byte	0x51
 1161 005a 9F       		.byte	0x9f
 1162 005b 00000000 		.4byte	0
 1163 005f 00000000 		.4byte	0
 1164              	.LLST3:
 1165 0063 00000000 		.4byte	.LVL8
 1166 0067 20000000 		.4byte	.LVL11
 1167 006b 0100     		.2byte	0x1
 1168 006d 50       		.byte	0x50
 1169 006e 20000000 		.4byte	.LVL11
 1170 0072 28000000 		.4byte	.LFE4
 1171 0076 0400     		.2byte	0x4
 1172 0078 F3       		.byte	0xf3
 1173 0079 01       		.uleb128 0x1
 1174 007a 50       		.byte	0x50
 1175 007b 9F       		.byte	0x9f
 1176 007c 00000000 		.4byte	0
 1177 0080 00000000 		.4byte	0
 1178              	.LLST4:
 1179 0084 00000000 		.4byte	.LVL8
 1180 0088 1E000000 		.4byte	.LVL10
 1181 008c 0100     		.2byte	0x1
 1182 008e 51       		.byte	0x51
 1183 008f 1E000000 		.4byte	.LVL10
 1184 0093 23000000 		.4byte	.LVL12-1
 1185 0097 0100     		.2byte	0x1
 1186 0099 52       		.byte	0x52
 1187 009a 23000000 		.4byte	.LVL12-1
 1188 009e 28000000 		.4byte	.LFE4
 1189 00a2 0400     		.2byte	0x4
 1190 00a4 F3       		.byte	0xf3
 1191 00a5 01       		.uleb128 0x1
 1192 00a6 51       		.byte	0x51
 1193 00a7 9F       		.byte	0x9f
 1194 00a8 00000000 		.4byte	0
 1195 00ac 00000000 		.4byte	0
 1196              	.LLST5:
 1197 00b0 00000000 		.4byte	.LVL8
 1198 00b4 1C000000 		.4byte	.LVL9
 1199 00b8 0100     		.2byte	0x1
 1200 00ba 52       		.byte	0x52
 1201 00bb 1C000000 		.4byte	.LVL9
 1202 00bf 28000000 		.4byte	.LFE4
 1203 00c3 0400     		.2byte	0x4
 1204 00c5 F3       		.byte	0xf3
 1205 00c6 01       		.uleb128 0x1
 1206 00c7 52       		.byte	0x52
 1207 00c8 9F       		.byte	0x9f
 1208 00c9 00000000 		.4byte	0
 1209 00cd 00000000 		.4byte	0
 1210              	.LLST6:
ARM GAS  C:\Users\noemi\AppData\Local\Temp\ccb3u299.s 			page 24


 1211 00d1 00000000 		.4byte	.LVL13
 1212 00d5 11000000 		.4byte	.LVL14-1
 1213 00d9 0100     		.2byte	0x1
 1214 00db 50       		.byte	0x50
 1215 00dc 11000000 		.4byte	.LVL14-1
 1216 00e0 68000000 		.4byte	.LFE5
 1217 00e4 0400     		.2byte	0x4
 1218 00e6 F3       		.byte	0xf3
 1219 00e7 01       		.uleb128 0x1
 1220 00e8 50       		.byte	0x50
 1221 00e9 9F       		.byte	0x9f
 1222 00ea 00000000 		.4byte	0
 1223 00ee 00000000 		.4byte	0
 1224              	.LLST7:
 1225 00f2 00000000 		.4byte	.LVL13
 1226 00f6 11000000 		.4byte	.LVL14-1
 1227 00fa 0100     		.2byte	0x1
 1228 00fc 51       		.byte	0x51
 1229 00fd 11000000 		.4byte	.LVL14-1
 1230 0101 68000000 		.4byte	.LFE5
 1231 0105 0100     		.2byte	0x1
 1232 0107 59       		.byte	0x59
 1233 0108 00000000 		.4byte	0
 1234 010c 00000000 		.4byte	0
 1235              	.LLST8:
 1236 0110 00000000 		.4byte	.LVL13
 1237 0114 11000000 		.4byte	.LVL14-1
 1238 0118 0100     		.2byte	0x1
 1239 011a 52       		.byte	0x52
 1240 011b 11000000 		.4byte	.LVL14-1
 1241 011f 68000000 		.4byte	.LFE5
 1242 0123 0400     		.2byte	0x4
 1243 0125 F3       		.byte	0xf3
 1244 0126 01       		.uleb128 0x1
 1245 0127 52       		.byte	0x52
 1246 0128 9F       		.byte	0x9f
 1247 0129 00000000 		.4byte	0
 1248 012d 00000000 		.4byte	0
 1249              		.section	.debug_aranges,"",%progbits
 1250 0000 4C000000 		.4byte	0x4c
 1251 0004 0200     		.2byte	0x2
 1252 0006 00000000 		.4byte	.Ldebug_info0
 1253 000a 04       		.byte	0x4
 1254 000b 00       		.byte	0
 1255 000c 0000     		.2byte	0
 1256 000e 0000     		.2byte	0
 1257 0010 00000000 		.4byte	.LFB0
 1258 0014 0C000000 		.4byte	.LFE0-.LFB0
 1259 0018 00000000 		.4byte	.LFB1
 1260 001c 0C000000 		.4byte	.LFE1-.LFB1
 1261 0020 00000000 		.4byte	.LFB2
 1262 0024 32000000 		.4byte	.LFE2-.LFB2
 1263 0028 00000000 		.4byte	.LFB3
 1264 002c 36000000 		.4byte	.LFE3-.LFB3
 1265 0030 00000000 		.4byte	.LFB4
 1266 0034 28000000 		.4byte	.LFE4-.LFB4
 1267 0038 00000000 		.4byte	.LFB5
ARM GAS  C:\Users\noemi\AppData\Local\Temp\ccb3u299.s 			page 25


 1268 003c 68000000 		.4byte	.LFE5-.LFB5
 1269 0040 00000000 		.4byte	.LFB6
 1270 0044 0E000000 		.4byte	.LFE6-.LFB6
 1271 0048 00000000 		.4byte	0
 1272 004c 00000000 		.4byte	0
 1273              		.section	.debug_ranges,"",%progbits
 1274              	.Ldebug_ranges0:
 1275 0000 00000000 		.4byte	.LFB0
 1276 0004 0C000000 		.4byte	.LFE0
 1277 0008 00000000 		.4byte	.LFB1
 1278 000c 0C000000 		.4byte	.LFE1
 1279 0010 00000000 		.4byte	.LFB2
 1280 0014 32000000 		.4byte	.LFE2
 1281 0018 00000000 		.4byte	.LFB3
 1282 001c 36000000 		.4byte	.LFE3
 1283 0020 00000000 		.4byte	.LFB4
 1284 0024 28000000 		.4byte	.LFE4
 1285 0028 00000000 		.4byte	.LFB5
 1286 002c 68000000 		.4byte	.LFE5
 1287 0030 00000000 		.4byte	.LFB6
 1288 0034 0E000000 		.4byte	.LFE6
 1289 0038 00000000 		.4byte	0
 1290 003c 00000000 		.4byte	0
 1291              		.section	.debug_line,"",%progbits
 1292              	.Ldebug_line0:
 1293 0000 E2010000 		.section	.debug_str,"MS",%progbits,1
 1293      02005201 
 1293      00000201 
 1293      FB0E0D00 
 1293      01010101 
 1294              	.LASF23:
 1295 0000 45455052 		.ascii	"EEPROM_writeByte\000"
 1295      4F4D5F77 
 1295      72697465 
 1295      42797465 
 1295      00
 1296              	.LASF3:
 1297 0011 5F5F7569 		.ascii	"__uint8_t\000"
 1297      6E74385F 
 1297      7400
 1298              	.LASF13:
 1299 001b 666C6F61 		.ascii	"float\000"
 1299      7400
 1300              	.LASF28:
 1301 0021 6E427974 		.ascii	"nBytes\000"
 1301      657300
 1302              	.LASF5:
 1303 0028 73686F72 		.ascii	"short unsigned int\000"
 1303      7420756E 
 1303      7369676E 
 1303      65642069 
 1303      6E7400
 1304              	.LASF34:
 1305 003b 5350495F 		.ascii	"SPI_Interface_Multi_RW\000"
 1305      496E7465 
 1305      72666163 
 1305      655F4D75 
ARM GAS  C:\Users\noemi\AppData\Local\Temp\ccb3u299.s 			page 26


 1305      6C74695F 
 1306              	.LASF27:
 1307 0052 45455052 		.ascii	"EEPROM_readPage\000"
 1307      4F4D5F72 
 1307      65616450 
 1307      61676500 
 1308              	.LASF39:
 1309 0062 65657072 		.ascii	"eeprom_Status\000"
 1309      6F6D5F53 
 1309      74617475 
 1309      7300
 1310              	.LASF30:
 1311 0070 64617461 		.ascii	"data\000"
 1311      00
 1312              	.LASF32:
 1313 0075 5350495F 		.ascii	"SPI_Interface_ReadByte\000"
 1313      496E7465 
 1313      72666163 
 1313      655F5265 
 1313      61644279 
 1314              	.LASF1:
 1315 008c 756E7369 		.ascii	"unsigned char\000"
 1315      676E6564 
 1315      20636861 
 1315      7200
 1316              	.LASF36:
 1317 009a 474E5520 		.ascii	"GNU C11 5.4.1 20160609 (release) [ARM/embedded-5-br"
 1317      43313120 
 1317      352E342E 
 1317      31203230 
 1317      31363036 
 1318 00cd 616E6368 		.ascii	"anch revision 237715] -mcpu=cortex-m3 -mthumb -g -O"
 1318      20726576 
 1318      6973696F 
 1318      6E203233 
 1318      37373135 
 1319 0100 67202D66 		.ascii	"g -ffunction-sections -ffat-lto-objects\000"
 1319      66756E63 
 1319      74696F6E 
 1319      2D736563 
 1319      74696F6E 
 1320              	.LASF7:
 1321 0128 6C6F6E67 		.ascii	"long unsigned int\000"
 1321      20756E73 
 1321      69676E65 
 1321      6420696E 
 1321      7400
 1322              	.LASF26:
 1323 013a 74656D70 		.ascii	"temp\000"
 1323      00
 1324              	.LASF24:
 1325 013f 61646472 		.ascii	"addr\000"
 1325      00
 1326              	.LASF19:
 1327 0144 45455052 		.ascii	"EEPROM_readByte\000"
 1327      4F4D5F72 
 1327      65616442 
ARM GAS  C:\Users\noemi\AppData\Local\Temp\ccb3u299.s 			page 27


 1327      79746500 
 1328              	.LASF37:
 1329 0154 32354C43 		.ascii	"25LC256.c\000"
 1329      3235362E 
 1329      6300
 1330              	.LASF25:
 1331 015e 64617461 		.ascii	"dataByte\000"
 1331      42797465 
 1331      00
 1332              	.LASF4:
 1333 0167 5F5F7569 		.ascii	"__uint16_t\000"
 1333      6E743136 
 1333      5F7400
 1334              	.LASF14:
 1335 0172 646F7562 		.ascii	"double\000"
 1335      6C6500
 1336              	.LASF33:
 1337 0179 5350495F 		.ascii	"SPI_Interface_tradeByte\000"
 1337      496E7465 
 1337      72666163 
 1337      655F7472 
 1337      61646542 
 1338              	.LASF35:
 1339 0191 43794465 		.ascii	"CyDelayUs\000"
 1339      6C617955 
 1339      7300
 1340              	.LASF18:
 1341 019b 45455052 		.ascii	"EEPROM_readStatus\000"
 1341      4F4D5F72 
 1341      65616453 
 1341      74617475 
 1341      7300
 1342              	.LASF10:
 1343 01ad 756E7369 		.ascii	"unsigned int\000"
 1343      676E6564 
 1343      20696E74 
 1343      00
 1344              	.LASF9:
 1345 01ba 6C6F6E67 		.ascii	"long long unsigned int\000"
 1345      206C6F6E 
 1345      6720756E 
 1345      7369676E 
 1345      65642069 
 1346              	.LASF11:
 1347 01d1 75696E74 		.ascii	"uint8_t\000"
 1347      385F7400 
 1348              	.LASF21:
 1349 01d9 64617461 		.ascii	"dataRX\000"
 1349      525800
 1350              	.LASF31:
 1351 01e0 45455052 		.ascii	"EEPROM_waitForWriteComplete\000"
 1351      4F4D5F77 
 1351      61697446 
 1351      6F725772 
 1351      69746543 
 1352              	.LASF17:
 1353 01fc 73697A65 		.ascii	"sizetype\000"
ARM GAS  C:\Users\noemi\AppData\Local\Temp\ccb3u299.s 			page 28


 1353      74797065 
 1353      00
 1354              	.LASF8:
 1355 0205 6C6F6E67 		.ascii	"long long int\000"
 1355      206C6F6E 
 1355      6720696E 
 1355      7400
 1356              	.LASF40:
 1357 0213 6D656D63 		.ascii	"memcpy\000"
 1357      707900
 1358              	.LASF2:
 1359 021a 73686F72 		.ascii	"short int\000"
 1359      7420696E 
 1359      7400
 1360              	.LASF29:
 1361 0224 45455052 		.ascii	"EEPROM_writePage\000"
 1361      4F4D5F77 
 1361      72697465 
 1361      50616765 
 1361      00
 1362              	.LASF12:
 1363 0235 75696E74 		.ascii	"uint16_t\000"
 1363      31365F74 
 1363      00
 1364              	.LASF6:
 1365 023e 6C6F6E67 		.ascii	"long int\000"
 1365      20696E74 
 1365      00
 1366              	.LASF15:
 1367 0247 63686172 		.ascii	"char\000"
 1367      00
 1368              	.LASF16:
 1369 024c 6C6F6E67 		.ascii	"long double\000"
 1369      20646F75 
 1369      626C6500 
 1370              	.LASF0:
 1371 0258 7369676E 		.ascii	"signed char\000"
 1371      65642063 
 1371      68617200 
 1372              	.LASF20:
 1373 0264 64617461 		.ascii	"dataTX\000"
 1373      545800
 1374              	.LASF38:
 1375 026b 433A5C55 		.ascii	"C:\\Users\\noemi\\Desktop\\university\\university\\"
 1375      73657273 
 1375      5C6E6F65 
 1375      6D695C44 
 1375      65736B74 
 1376 0298 706F6C69 		.ascii	"poli\\lab sensors\\final assignment\\Final-Assignme"
 1376      5C6C6162 
 1376      2073656E 
 1376      736F7273 
 1376      5C66696E 
 1377 02c8 6E742D50 		.ascii	"nt-PSoC\\Final_Assignment\\Final_assignment_01.cyds"
 1377      536F435C 
 1377      46696E61 
 1377      6C5F4173 
ARM GAS  C:\Users\noemi\AppData\Local\Temp\ccb3u299.s 			page 29


 1377      7369676E 
 1378 02f9 6E00     		.ascii	"n\000"
 1379              	.LASF22:
 1380 02fb 45455052 		.ascii	"EEPROM_writeEnable\000"
 1380      4F4D5F77 
 1380      72697465 
 1380      456E6162 
 1380      6C6500
 1381              		.ident	"GCC: (GNU Tools for ARM Embedded Processors) 5.4.1 20160609 (release) [ARM/embedded-5-bran
