ARM GAS  C:\Users\noemi\AppData\Local\Temp\ccLuMeal.s 			page 1


   1              		.syntax unified
   2              		.cpu cortex-m3
   3              		.fpu softvfp
   4              		.eabi_attribute 20, 1
   5              		.eabi_attribute 21, 1
   6              		.eabi_attribute 23, 3
   7              		.eabi_attribute 24, 1
   8              		.eabi_attribute 25, 1
   9              		.eabi_attribute 26, 1
  10              		.eabi_attribute 30, 1
  11              		.eabi_attribute 34, 1
  12              		.eabi_attribute 18, 4
  13              		.thumb
  14              		.syntax unified
  15              		.file	"cymetadata.c"
  16              		.text
  17              	.Ltext0:
  18              		.cfi_sections	.debug_frame
  19              		.global	cy_metadata
  20              		.global	cy_meta_flashprotect
  21              		.global	cy_meta_wonvl
  22              		.global	cy_meta_custnvl
  23              		.global	cy_meta_configecc
  24              		.section	.cyconfigecc,"a",%progbits
  25              		.align	2
  26              		.type	cy_meta_configecc, %object
  27              		.size	cy_meta_configecc, 2092
  28              	cy_meta_configecc:
  29 0000 01       		.byte	1
  30 0001 45       		.byte	69
  31 0002 00       		.byte	0
  32 0003 40       		.byte	64
  33 0004 04       		.byte	4
  34 0005 52       		.byte	82
  35 0006 00       		.byte	0
  36 0007 40       		.byte	64
  37 0008 02       		.byte	2
  38 0009 64       		.byte	100
  39 000a 00       		.byte	0
  40 000b 40       		.byte	64
  41 000c 04       		.byte	4
  42 000d 65       		.byte	101
  43 000e 00       		.byte	0
  44 000f 40       		.byte	64
  45 0010 02       		.byte	2
  46 0011 05       		.byte	5
  47 0012 01       		.byte	1
  48 0013 40       		.byte	64
  49 0014 5C       		.byte	92
  50 0015 06       		.byte	6
  51 0016 01       		.byte	1
  52 0017 40       		.byte	64
  53 0018 3A       		.byte	58
  54 0019 07       		.byte	7
  55 001a 01       		.byte	1
  56 001b 40       		.byte	64
  57 001c 4D       		.byte	77
ARM GAS  C:\Users\noemi\AppData\Local\Temp\ccLuMeal.s 			page 2


  58 001d 08       		.byte	8
  59 001e 01       		.byte	1
  60 001f 40       		.byte	64
  61 0020 33       		.byte	51
  62 0021 09       		.byte	9
  63 0022 01       		.byte	1
  64 0023 40       		.byte	64
  65 0024 01       		.byte	1
  66 0025 0B       		.byte	11
  67 0026 01       		.byte	1
  68 0027 40       		.byte	64
  69 0028 48       		.byte	72
  70 0029 14       		.byte	20
  71 002a 01       		.byte	1
  72 002b 40       		.byte	64
  73 002c 47       		.byte	71
  74 002d 15       		.byte	21
  75 002e 01       		.byte	1
  76 002f 40       		.byte	64
  77 0030 19       		.byte	25
  78 0031 16       		.byte	22
  79 0032 01       		.byte	1
  80 0033 40       		.byte	64
  81 0034 43       		.byte	67
  82 0035 17       		.byte	23
  83 0036 01       		.byte	1
  84 0037 40       		.byte	64
  85 0038 53       		.byte	83
  86 0039 18       		.byte	24
  87 003a 01       		.byte	1
  88 003b 40       		.byte	64
  89 003c 3D       		.byte	61
  90 003d 19       		.byte	25
  91 003e 01       		.byte	1
  92 003f 40       		.byte	64
  93 0040 59       		.byte	89
  94 0041 1A       		.byte	26
  95 0042 01       		.byte	1
  96 0043 40       		.byte	64
  97 0044 45       		.byte	69
  98 0045 1B       		.byte	27
  99 0046 01       		.byte	1
 100 0047 40       		.byte	64
 101 0048 03       		.byte	3
 102 0049 40       		.byte	64
 103 004a 01       		.byte	1
 104 004b 40       		.byte	64
 105 004c 05       		.byte	5
 106 004d 41       		.byte	65
 107 004e 01       		.byte	1
 108 004f 40       		.byte	64
 109 0050 06       		.byte	6
 110 0051 42       		.byte	66
 111 0052 01       		.byte	1
 112 0053 40       		.byte	64
 113 0054 05       		.byte	5
 114 0055 43       		.byte	67
ARM GAS  C:\Users\noemi\AppData\Local\Temp\ccLuMeal.s 			page 3


 115 0056 01       		.byte	1
 116 0057 40       		.byte	64
 117 0058 02       		.byte	2
 118 0059 45       		.byte	69
 119 005a 01       		.byte	1
 120 005b 40       		.byte	64
 121 005c 02       		.byte	2
 122 005d 46       		.byte	70
 123 005e 01       		.byte	1
 124 005f 40       		.byte	64
 125 0060 07       		.byte	7
 126 0061 48       		.byte	72
 127 0062 01       		.byte	1
 128 0063 40       		.byte	64
 129 0064 17       		.byte	23
 130 0065 49       		.byte	73
 131 0066 01       		.byte	1
 132 0067 40       		.byte	64
 133 0068 07       		.byte	7
 134 0069 4D       		.byte	77
 135 006a 01       		.byte	1
 136 006b 40       		.byte	64
 137 006c 06       		.byte	6
 138 006d 50       		.byte	80
 139 006e 01       		.byte	1
 140 006f 40       		.byte	64
 141 0070 01       		.byte	1
 142 0071 51       		.byte	81
 143 0072 01       		.byte	1
 144 0073 40       		.byte	64
 145 0074 64       		.byte	100
 146 0075 01       		.byte	1
 147 0076 00       		.byte	0
 148 0077 20       		.byte	32
 149 0078 01       		.byte	1
 150 0079 60       		.byte	96
 151 007a 18       		.byte	24
 152 007b 60       		.byte	96
 153 007c 19       		.byte	25
 154 007d 40       		.byte	64
 155 007e 86       		.byte	-122
 156 007f 0F       		.byte	15
 157 0080 88       		.byte	-120
 158 0081 72       		.byte	114
 159 0082 85       		.byte	-123
 160 0083 0F       		.byte	15
 161 0084 88       		.byte	-120
 162 0085 0F       		.byte	15
 163 0086 8A       		.byte	-118
 164 0087 38       		.byte	56
 165 0088 8B       		.byte	-117
 166 0089 0D       		.byte	13
 167 008a 86       		.byte	-122
 168 008b 01       		.byte	1
 169 008c E6       		.byte	-26
 170 008d 02       		.byte	2
 171 008e 04       		.byte	4
ARM GAS  C:\Users\noemi\AppData\Local\Temp\ccLuMeal.s 			page 4


 172 008f 09       		.byte	9
 173 0090 05       		.byte	5
 174 0091 03       		.byte	3
 175 0092 07       		.byte	7
 176 0093 0C       		.byte	12
 177 0094 08       		.byte	8
 178 0095 08       		.byte	8
 179 0096 09       		.byte	9
 180 0097 10       		.byte	16
 181 0098 0A       		.byte	10
 182 0099 04       		.byte	4
 183 009a 0C       		.byte	12
 184 009b 08       		.byte	8
 185 009c 0D       		.byte	13
 186 009d 10       		.byte	16
 187 009e 0E       		.byte	14
 188 009f 01       		.byte	1
 189 00a0 10       		.byte	16
 190 00a1 0E       		.byte	14
 191 00a2 12       		.byte	18
 192 00a3 01       		.byte	1
 193 00a4 13       		.byte	19
 194 00a5 10       		.byte	16
 195 00a6 15       		.byte	21
 196 00a7 01       		.byte	1
 197 00a8 17       		.byte	23
 198 00a9 1A       		.byte	26
 199 00aa 18       		.byte	24
 200 00ab 04       		.byte	4
 201 00ac 19       		.byte	25
 202 00ad 10       		.byte	16
 203 00ae 1A       		.byte	26
 204 00af 09       		.byte	9
 205 00b0 1C       		.byte	28
 206 00b1 09       		.byte	9
 207 00b2 1D       		.byte	29
 208 00b3 10       		.byte	16
 209 00b4 20       		.byte	32
 210 00b5 09       		.byte	9
 211 00b6 24       		.byte	36
 212 00b7 01       		.byte	1
 213 00b8 25       		.byte	37
 214 00b9 03       		.byte	3
 215 00ba 26       		.byte	38
 216 00bb 02       		.byte	2
 217 00bc 27       		.byte	39
 218 00bd 14       		.byte	20
 219 00be 28       		.byte	40
 220 00bf 01       		.byte	1
 221 00c0 2A       		.byte	42
 222 00c1 08       		.byte	8
 223 00c2 2D       		.byte	45
 224 00c3 02       		.byte	2
 225 00c4 2F       		.byte	47
 226 00c5 1D       		.byte	29
 227 00c6 30       		.byte	48
 228 00c7 0F       		.byte	15
ARM GAS  C:\Users\noemi\AppData\Local\Temp\ccLuMeal.s 			page 5


 229 00c8 31       		.byte	49
 230 00c9 1F       		.byte	31
 231 00ca 3A       		.byte	58
 232 00cb 03       		.byte	3
 233 00cc 3B       		.byte	59
 234 00cd 02       		.byte	2
 235 00ce 56       		.byte	86
 236 00cf 02       		.byte	2
 237 00d0 57       		.byte	87
 238 00d1 20       		.byte	32
 239 00d2 58       		.byte	88
 240 00d3 04       		.byte	4
 241 00d4 59       		.byte	89
 242 00d5 04       		.byte	4
 243 00d6 5B       		.byte	91
 244 00d7 04       		.byte	4
 245 00d8 5F       		.byte	95
 246 00d9 01       		.byte	1
 247 00da 81       		.byte	-127
 248 00db 3D       		.byte	61
 249 00dc 85       		.byte	-123
 250 00dd 02       		.byte	2
 251 00de 87       		.byte	-121
 252 00df 34       		.byte	52
 253 00e0 89       		.byte	-119
 254 00e1 2D       		.byte	45
 255 00e2 8B       		.byte	-117
 256 00e3 10       		.byte	16
 257 00e4 8D       		.byte	-115
 258 00e5 1D       		.byte	29
 259 00e6 8F       		.byte	-113
 260 00e7 20       		.byte	32
 261 00e8 91       		.byte	-111
 262 00e9 40       		.byte	64
 263 00ea 92       		.byte	-110
 264 00eb 01       		.byte	1
 265 00ec 95       		.byte	-107
 266 00ed 02       		.byte	2
 267 00ee 97       		.byte	-105
 268 00ef 0D       		.byte	13
 269 00f0 99       		.byte	-103
 270 00f1 31       		.byte	49
 271 00f2 9B       		.byte	-101
 272 00f3 02       		.byte	2
 273 00f4 9D       		.byte	-99
 274 00f5 3D       		.byte	61
 275 00f6 A1       		.byte	-95
 276 00f7 3D       		.byte	61
 277 00f8 A5       		.byte	-91
 278 00f9 10       		.byte	16
 279 00fa A9       		.byte	-87
 280 00fb 40       		.byte	64
 281 00fc AD       		.byte	-83
 282 00fd 12       		.byte	18
 283 00fe AF       		.byte	-81
 284 00ff 28       		.byte	40
 285 0100 B2       		.byte	-78
ARM GAS  C:\Users\noemi\AppData\Local\Temp\ccLuMeal.s 			page 6


 286 0101 01       		.byte	1
 287 0102 B3       		.byte	-77
 288 0103 0F       		.byte	15
 289 0104 B5       		.byte	-75
 290 0105 30       		.byte	48
 291 0106 B7       		.byte	-73
 292 0107 40       		.byte	64
 293 0108 B9       		.byte	-71
 294 0109 80       		.byte	-128
 295 010a BB       		.byte	-69
 296 010b 08       		.byte	8
 297 010c BF       		.byte	-65
 298 010d 40       		.byte	64
 299 010e C0       		.byte	-64
 300 010f 30       		.byte	48
 301 0110 C1       		.byte	-63
 302 0111 06       		.byte	6
 303 0112 C5       		.byte	-59
 304 0113 21       		.byte	33
 305 0114 C7       		.byte	-57
 306 0115 0D       		.byte	13
 307 0116 C8       		.byte	-56
 308 0117 13       		.byte	19
 309 0118 C9       		.byte	-55
 310 0119 FF       		.byte	-1
 311 011a CA       		.byte	-54
 312 011b FF       		.byte	-1
 313 011c CB       		.byte	-53
 314 011d FF       		.byte	-1
 315 011e CD       		.byte	-51
 316 011f A0       		.byte	-96
 317 0120 CF       		.byte	-49
 318 0121 04       		.byte	4
 319 0122 D0       		.byte	-48
 320 0123 18       		.byte	24
 321 0124 D2       		.byte	-46
 322 0125 80       		.byte	-128
 323 0126 D8       		.byte	-40
 324 0127 04       		.byte	4
 325 0128 D9       		.byte	-39
 326 0129 04       		.byte	4
 327 012a DA       		.byte	-38
 328 012b 04       		.byte	4
 329 012c DB       		.byte	-37
 330 012d 04       		.byte	4
 331 012e DC       		.byte	-36
 332 012f 02       		.byte	2
 333 0130 DD       		.byte	-35
 334 0131 22       		.byte	34
 335 0132 DF       		.byte	-33
 336 0133 01       		.byte	1
 337 0134 E0       		.byte	-32
 338 0135 40       		.byte	64
 339 0136 E2       		.byte	-30
 340 0137 C0       		.byte	-64
 341 0138 E4       		.byte	-28
 342 0139 40       		.byte	64
ARM GAS  C:\Users\noemi\AppData\Local\Temp\ccLuMeal.s 			page 7


 343 013a E5       		.byte	-27
 344 013b 40       		.byte	64
 345 013c E6       		.byte	-26
 346 013d C0       		.byte	-64
 347 013e E8       		.byte	-24
 348 013f C0       		.byte	-64
 349 0140 EA       		.byte	-22
 350 0141 C0       		.byte	-64
 351 0142 EC       		.byte	-20
 352 0143 C0       		.byte	-64
 353 0144 EE       		.byte	-18
 354 0145 C0       		.byte	-64
 355 0146 06       		.byte	6
 356 0147 04       		.byte	4
 357 0148 07       		.byte	7
 358 0149 11       		.byte	17
 359 014a 0B       		.byte	11
 360 014b 40       		.byte	64
 361 014c 0E       		.byte	14
 362 014d 46       		.byte	70
 363 014e 0F       		.byte	15
 364 014f 0C       		.byte	12
 365 0150 15       		.byte	21
 366 0151 10       		.byte	16
 367 0152 17       		.byte	23
 368 0153 0A       		.byte	10
 369 0154 18       		.byte	24
 370 0155 20       		.byte	32
 371 0156 1B       		.byte	27
 372 0157 08       		.byte	8
 373 0158 1E       		.byte	30
 374 0159 40       		.byte	64
 375 015a 1F       		.byte	31
 376 015b 02       		.byte	2
 377 015c 20       		.byte	32
 378 015d 0A       		.byte	10
 379 015e 21       		.byte	33
 380 015f 28       		.byte	40
 381 0160 23       		.byte	35
 382 0161 08       		.byte	8
 383 0162 26       		.byte	38
 384 0163 02       		.byte	2
 385 0164 2A       		.byte	42
 386 0165 25       		.byte	37
 387 0166 2B       		.byte	43
 388 0167 02       		.byte	2
 389 0168 2D       		.byte	45
 390 0169 80       		.byte	-128
 391 016a 2E       		.byte	46
 392 016b 04       		.byte	4
 393 016c 31       		.byte	49
 394 016d 28       		.byte	40
 395 016e 32       		.byte	50
 396 016f 01       		.byte	1
 397 0170 33       		.byte	51
 398 0171 40       		.byte	64
 399 0172 36       		.byte	54
ARM GAS  C:\Users\noemi\AppData\Local\Temp\ccLuMeal.s 			page 8


 400 0173 08       		.byte	8
 401 0174 37       		.byte	55
 402 0175 51       		.byte	81
 403 0176 39       		.byte	57
 404 0177 50       		.byte	80
 405 0178 3B       		.byte	59
 406 0179 06       		.byte	6
 407 017a 3C       		.byte	60
 408 017b 88       		.byte	-120
 409 017c 3D       		.byte	61
 410 017d 10       		.byte	16
 411 017e 43       		.byte	67
 412 017f 08       		.byte	8
 413 0180 48       		.byte	72
 414 0181 10       		.byte	16
 415 0182 49       		.byte	73
 416 0183 08       		.byte	8
 417 0184 4A       		.byte	74
 418 0185 40       		.byte	64
 419 0186 4B       		.byte	75
 420 0187 20       		.byte	32
 421 0188 4D       		.byte	77
 422 0189 80       		.byte	-128
 423 018a 4E       		.byte	78
 424 018b 02       		.byte	2
 425 018c 50       		.byte	80
 426 018d 04       		.byte	4
 427 018e 65       		.byte	101
 428 018f 80       		.byte	-128
 429 0190 6D       		.byte	109
 430 0191 50       		.byte	80
 431 0192 6E       		.byte	110
 432 0193 02       		.byte	2
 433 0194 6F       		.byte	111
 434 0195 71       		.byte	113
 435 0196 73       		.byte	115
 436 0197 40       		.byte	64
 437 0198 74       		.byte	116
 438 0199 40       		.byte	64
 439 019a 76       		.byte	118
 440 019b 01       		.byte	1
 441 019c 77       		.byte	119
 442 019d 02       		.byte	2
 443 019e 80       		.byte	-128
 444 019f 04       		.byte	4
 445 01a0 86       		.byte	-122
 446 01a1 40       		.byte	64
 447 01a2 87       		.byte	-121
 448 01a3 10       		.byte	16
 449 01a4 92       		.byte	-110
 450 01a5 02       		.byte	2
 451 01a6 C0       		.byte	-64
 452 01a7 E0       		.byte	-32
 453 01a8 C2       		.byte	-62
 454 01a9 D8       		.byte	-40
 455 01aa C4       		.byte	-60
 456 01ab 70       		.byte	112
ARM GAS  C:\Users\noemi\AppData\Local\Temp\ccLuMeal.s 			page 9


 457 01ac CA       		.byte	-54
 458 01ad 5F       		.byte	95
 459 01ae CC       		.byte	-52
 460 01af FF       		.byte	-1
 461 01b0 CE       		.byte	-50
 462 01b1 7F       		.byte	127
 463 01b2 D0       		.byte	-48
 464 01b3 02       		.byte	2
 465 01b4 D2       		.byte	-46
 466 01b5 04       		.byte	4
 467 01b6 D8       		.byte	-40
 468 01b7 10       		.byte	16
 469 01b8 E4       		.byte	-28
 470 01b9 03       		.byte	3
 471 01ba 04       		.byte	4
 472 01bb 05       		.byte	5
 473 01bc 05       		.byte	5
 474 01bd 01       		.byte	1
 475 01be 06       		.byte	6
 476 01bf 18       		.byte	24
 477 01c0 09       		.byte	9
 478 01c1 01       		.byte	1
 479 01c2 0A       		.byte	10
 480 01c3 04       		.byte	4
 481 01c4 0C       		.byte	12
 482 01c5 1D       		.byte	29
 483 01c6 11       		.byte	17
 484 01c7 01       		.byte	1
 485 01c8 12       		.byte	18
 486 01c9 02       		.byte	2
 487 01ca 14       		.byte	20
 488 01cb 1D       		.byte	29
 489 01cc 1A       		.byte	26
 490 01cd 02       		.byte	2
 491 01ce 1C       		.byte	28
 492 01cf 10       		.byte	16
 493 01d0 20       		.byte	32
 494 01d1 19       		.byte	25
 495 01d2 22       		.byte	34
 496 01d3 04       		.byte	4
 497 01d4 24       		.byte	36
 498 01d5 08       		.byte	8
 499 01d6 28       		.byte	40
 500 01d7 18       		.byte	24
 501 01d8 32       		.byte	50
 502 01d9 01       		.byte	1
 503 01da 33       		.byte	51
 504 01db 01       		.byte	1
 505 01dc 34       		.byte	52
 506 01dd 02       		.byte	2
 507 01de 36       		.byte	54
 508 01df 1C       		.byte	28
 509 01e0 3E       		.byte	62
 510 01e1 14       		.byte	20
 511 01e2 40       		.byte	64
 512 01e3 02       		.byte	2
 513 01e4 46       		.byte	70
ARM GAS  C:\Users\noemi\AppData\Local\Temp\ccLuMeal.s 			page 10


 514 01e5 40       		.byte	64
 515 01e6 49       		.byte	73
 516 01e7 FF       		.byte	-1
 517 01e8 4A       		.byte	74
 518 01e9 07       		.byte	7
 519 01ea 4B       		.byte	75
 520 01eb FF       		.byte	-1
 521 01ec 4C       		.byte	76
 522 01ed 40       		.byte	64
 523 01ee 4D       		.byte	77
 524 01ef 20       		.byte	32
 525 01f0 4E       		.byte	78
 526 01f1 F0       		.byte	-16
 527 01f2 4F       		.byte	79
 528 01f3 05       		.byte	5
 529 01f4 50       		.byte	80
 530 01f5 08       		.byte	8
 531 01f6 56       		.byte	86
 532 01f7 02       		.byte	2
 533 01f8 57       		.byte	87
 534 01f9 11       		.byte	17
 535 01fa 58       		.byte	88
 536 01fb 04       		.byte	4
 537 01fc 59       		.byte	89
 538 01fd 04       		.byte	4
 539 01fe 5A       		.byte	90
 540 01ff 04       		.byte	4
 541 0200 5B       		.byte	91
 542 0201 04       		.byte	4
 543 0202 5C       		.byte	92
 544 0203 11       		.byte	17
 545 0204 5D       		.byte	93
 546 0205 11       		.byte	17
 547 0206 5F       		.byte	95
 548 0207 01       		.byte	1
 549 0208 60       		.byte	96
 550 0209 40       		.byte	64
 551 020a 61       		.byte	97
 552 020b A8       		.byte	-88
 553 020c 62       		.byte	98
 554 020d 40       		.byte	64
 555 020e 63       		.byte	99
 556 020f 20       		.byte	32
 557 0210 84       		.byte	-124
 558 0211 07       		.byte	7
 559 0212 86       		.byte	-122
 560 0213 18       		.byte	24
 561 0214 89       		.byte	-119
 562 0215 06       		.byte	6
 563 0216 8A       		.byte	-118
 564 0217 03       		.byte	3
 565 0218 8C       		.byte	-116
 566 0219 1C       		.byte	28
 567 021a 8D       		.byte	-115
 568 021b 06       		.byte	6
 569 021c 8E       		.byte	-114
 570 021d 01       		.byte	1
ARM GAS  C:\Users\noemi\AppData\Local\Temp\ccLuMeal.s 			page 11


 571 021e 8F       		.byte	-113
 572 021f 01       		.byte	1
 573 0220 90       		.byte	-112
 574 0221 1C       		.byte	28
 575 0222 91       		.byte	-111
 576 0223 06       		.byte	6
 577 0224 92       		.byte	-110
 578 0225 02       		.byte	2
 579 0226 93       		.byte	-109
 580 0227 01       		.byte	1
 581 0228 94       		.byte	-108
 582 0229 1F       		.byte	31
 583 022a 97       		.byte	-105
 584 022b 01       		.byte	1
 585 022c 99       		.byte	-103
 586 022d 02       		.byte	2
 587 022e 9D       		.byte	-99
 588 022f 04       		.byte	4
 589 0230 9E       		.byte	-98
 590 0231 04       		.byte	4
 591 0232 A0       		.byte	-96
 592 0233 10       		.byte	16
 593 0234 A4       		.byte	-92
 594 0235 08       		.byte	8
 595 0236 A5       		.byte	-91
 596 0237 01       		.byte	1
 597 0238 A7       		.byte	-89
 598 0239 06       		.byte	6
 599 023a A8       		.byte	-88
 600 023b 18       		.byte	24
 601 023c A9       		.byte	-87
 602 023d 07       		.byte	7
 603 023e AC       		.byte	-84
 604 023f 04       		.byte	4
 605 0240 AE       		.byte	-82
 606 0241 20       		.byte	32
 607 0242 B0       		.byte	-80
 608 0243 1F       		.byte	31
 609 0244 B1       		.byte	-79
 610 0245 07       		.byte	7
 611 0246 B6       		.byte	-74
 612 0247 20       		.byte	32
 613 0248 BA       		.byte	-70
 614 0249 02       		.byte	2
 615 024a BB       		.byte	-69
 616 024b 0A       		.byte	10
 617 024c D8       		.byte	-40
 618 024d 04       		.byte	4
 619 024e D9       		.byte	-39
 620 024f 04       		.byte	4
 621 0250 DC       		.byte	-36
 622 0251 11       		.byte	17
 623 0252 DF       		.byte	-33
 624 0253 01       		.byte	1
 625 0254 00       		.byte	0
 626 0255 84       		.byte	-124
 627 0256 02       		.byte	2
ARM GAS  C:\Users\noemi\AppData\Local\Temp\ccLuMeal.s 			page 12


 628 0257 08       		.byte	8
 629 0258 04       		.byte	4
 630 0259 AC       		.byte	-84
 631 025a 05       		.byte	5
 632 025b 04       		.byte	4
 633 025c 08       		.byte	8
 634 025d 08       		.byte	8
 635 025e 0A       		.byte	10
 636 025f 81       		.byte	-127
 637 0260 0B       		.byte	11
 638 0261 10       		.byte	16
 639 0262 0C       		.byte	12
 640 0263 90       		.byte	-112
 641 0264 0E       		.byte	14
 642 0265 40       		.byte	64
 643 0266 0F       		.byte	15
 644 0267 10       		.byte	16
 645 0268 10       		.byte	16
 646 0269 A2       		.byte	-94
 647 026a 13       		.byte	19
 648 026b 20       		.byte	32
 649 026c 15       		.byte	21
 650 026d 02       		.byte	2
 651 026e 17       		.byte	23
 652 026f 28       		.byte	40
 653 0270 18       		.byte	24
 654 0271 80       		.byte	-128
 655 0272 1A       		.byte	26
 656 0273 81       		.byte	-127
 657 0274 1E       		.byte	30
 658 0275 28       		.byte	40
 659 0276 1F       		.byte	31
 660 0277 40       		.byte	64
 661 0278 20       		.byte	32
 662 0279 80       		.byte	-128
 663 027a 21       		.byte	33
 664 027b 01       		.byte	1
 665 027c 22       		.byte	34
 666 027d 01       		.byte	1
 667 027e 23       		.byte	35
 668 027f 10       		.byte	16
 669 0280 24       		.byte	36
 670 0281 20       		.byte	32
 671 0282 26       		.byte	38
 672 0283 08       		.byte	8
 673 0284 28       		.byte	40
 674 0285 08       		.byte	8
 675 0286 29       		.byte	41
 676 0287 04       		.byte	4
 677 0288 30       		.byte	48
 678 0289 A0       		.byte	-96
 679 028a 32       		.byte	50
 680 028b 09       		.byte	9
 681 028c 37       		.byte	55
 682 028d 01       		.byte	1
 683 028e 38       		.byte	56
 684 028f 80       		.byte	-128
ARM GAS  C:\Users\noemi\AppData\Local\Temp\ccLuMeal.s 			page 13


 685 0290 3A       		.byte	58
 686 0291 10       		.byte	16
 687 0292 3D       		.byte	61
 688 0293 28       		.byte	40
 689 0294 47       		.byte	71
 690 0295 10       		.byte	16
 691 0296 4F       		.byte	79
 692 0297 02       		.byte	2
 693 0298 56       		.byte	86
 694 0299 20       		.byte	32
 695 029a 5E       		.byte	94
 696 029b 20       		.byte	32
 697 029c 6D       		.byte	109
 698 029d 28       		.byte	40
 699 029e 6F       		.byte	111
 700 029f 01       		.byte	1
 701 02a0 74       		.byte	116
 702 02a1 A0       		.byte	-96
 703 02a2 76       		.byte	118
 704 02a3 10       		.byte	16
 705 02a4 77       		.byte	119
 706 02a5 28       		.byte	40
 707 02a6 82       		.byte	-126
 708 02a7 01       		.byte	1
 709 02a8 84       		.byte	-124
 710 02a9 10       		.byte	16
 711 02aa C0       		.byte	-64
 712 02ab E7       		.byte	-25
 713 02ac C2       		.byte	-62
 714 02ad FD       		.byte	-3
 715 02ae C4       		.byte	-60
 716 02af 7F       		.byte	127
 717 02b0 CA       		.byte	-54
 718 02b1 06       		.byte	6
 719 02b2 CC       		.byte	-52
 720 02b3 8F       		.byte	-113
 721 02b4 CE       		.byte	-50
 722 02b5 6C       		.byte	108
 723 02b6 D0       		.byte	-48
 724 02b7 20       		.byte	32
 725 02b8 D6       		.byte	-42
 726 02b9 20       		.byte	32
 727 02ba E6       		.byte	-26
 728 02bb 02       		.byte	2
 729 02bc 06       		.byte	6
 730 02bd 01       		.byte	1
 731 02be 09       		.byte	9
 732 02bf 02       		.byte	2
 733 02c0 0A       		.byte	10
 734 02c1 04       		.byte	4
 735 02c2 0D       		.byte	13
 736 02c3 02       		.byte	2
 737 02c4 12       		.byte	18
 738 02c5 01       		.byte	1
 739 02c6 14       		.byte	20
 740 02c7 01       		.byte	1
 741 02c8 17       		.byte	23
ARM GAS  C:\Users\noemi\AppData\Local\Temp\ccLuMeal.s 			page 14


 742 02c9 01       		.byte	1
 743 02ca 19       		.byte	25
 744 02cb 02       		.byte	2
 745 02cc 25       		.byte	37
 746 02cd 01       		.byte	1
 747 02ce 26       		.byte	38
 748 02cf 02       		.byte	2
 749 02d0 30       		.byte	48
 750 02d1 01       		.byte	1
 751 02d2 31       		.byte	49
 752 02d3 01       		.byte	1
 753 02d4 32       		.byte	50
 754 02d5 04       		.byte	4
 755 02d6 34       		.byte	52
 756 02d7 02       		.byte	2
 757 02d8 37       		.byte	55
 758 02d9 02       		.byte	2
 759 02da 3E       		.byte	62
 760 02db 01       		.byte	1
 761 02dc 3F       		.byte	63
 762 02dd 40       		.byte	64
 763 02de 54       		.byte	84
 764 02df 09       		.byte	9
 765 02e0 56       		.byte	86
 766 02e1 04       		.byte	4
 767 02e2 58       		.byte	88
 768 02e3 04       		.byte	4
 769 02e4 59       		.byte	89
 770 02e5 04       		.byte	4
 771 02e6 5B       		.byte	91
 772 02e7 04       		.byte	4
 773 02e8 5C       		.byte	92
 774 02e9 22       		.byte	34
 775 02ea 5F       		.byte	95
 776 02eb 01       		.byte	1
 777 02ec 83       		.byte	-125
 778 02ed 01       		.byte	1
 779 02ee 84       		.byte	-124
 780 02ef 02       		.byte	2
 781 02f0 87       		.byte	-121
 782 02f1 02       		.byte	2
 783 02f2 8A       		.byte	-118
 784 02f3 02       		.byte	2
 785 02f4 92       		.byte	-110
 786 02f5 0C       		.byte	12
 787 02f6 93       		.byte	-109
 788 02f7 02       		.byte	2
 789 02f8 96       		.byte	-106
 790 02f9 04       		.byte	4
 791 02fa A3       		.byte	-93
 792 02fb 04       		.byte	4
 793 02fc AD       		.byte	-83
 794 02fd 01       		.byte	1
 795 02fe AE       		.byte	-82
 796 02ff 09       		.byte	9
 797 0300 B0       		.byte	-80
 798 0301 01       		.byte	1
ARM GAS  C:\Users\noemi\AppData\Local\Temp\ccLuMeal.s 			page 15


 799 0302 B1       		.byte	-79
 800 0303 01       		.byte	1
 801 0304 B2       		.byte	-78
 802 0305 02       		.byte	2
 803 0306 B4       		.byte	-76
 804 0307 04       		.byte	4
 805 0308 B5       		.byte	-75
 806 0309 02       		.byte	2
 807 030a B6       		.byte	-74
 808 030b 08       		.byte	8
 809 030c B7       		.byte	-73
 810 030d 04       		.byte	4
 811 030e BE       		.byte	-66
 812 030f 10       		.byte	16
 813 0310 C0       		.byte	-64
 814 0311 40       		.byte	64
 815 0312 C1       		.byte	-63
 816 0313 06       		.byte	6
 817 0314 C5       		.byte	-59
 818 0315 D0       		.byte	-48
 819 0316 C6       		.byte	-58
 820 0317 20       		.byte	32
 821 0318 C7       		.byte	-57
 822 0319 15       		.byte	21
 823 031a C8       		.byte	-56
 824 031b 3A       		.byte	58
 825 031c C9       		.byte	-55
 826 031d FF       		.byte	-1
 827 031e CA       		.byte	-54
 828 031f FF       		.byte	-1
 829 0320 CB       		.byte	-53
 830 0321 FF       		.byte	-1
 831 0322 CD       		.byte	-51
 832 0323 A0       		.byte	-96
 833 0324 CF       		.byte	-49
 834 0325 04       		.byte	4
 835 0326 D0       		.byte	-48
 836 0327 18       		.byte	24
 837 0328 D2       		.byte	-46
 838 0329 80       		.byte	-128
 839 032a D4       		.byte	-44
 840 032b 07       		.byte	7
 841 032c D8       		.byte	-40
 842 032d 04       		.byte	4
 843 032e D9       		.byte	-39
 844 032f 04       		.byte	4
 845 0330 DA       		.byte	-38
 846 0331 04       		.byte	4
 847 0332 DB       		.byte	-37
 848 0333 04       		.byte	4
 849 0334 DC       		.byte	-36
 850 0335 22       		.byte	34
 851 0336 DD       		.byte	-35
 852 0337 22       		.byte	34
 853 0338 DF       		.byte	-33
 854 0339 01       		.byte	1
 855 033a E0       		.byte	-32
ARM GAS  C:\Users\noemi\AppData\Local\Temp\ccLuMeal.s 			page 16


 856 033b 40       		.byte	64
 857 033c E2       		.byte	-30
 858 033d C0       		.byte	-64
 859 033e E4       		.byte	-28
 860 033f 40       		.byte	64
 861 0340 E5       		.byte	-27
 862 0341 40       		.byte	64
 863 0342 E6       		.byte	-26
 864 0343 C0       		.byte	-64
 865 0344 E8       		.byte	-24
 866 0345 C0       		.byte	-64
 867 0346 EA       		.byte	-22
 868 0347 C0       		.byte	-64
 869 0348 EC       		.byte	-20
 870 0349 C0       		.byte	-64
 871 034a EE       		.byte	-18
 872 034b C0       		.byte	-64
 873 034c 00       		.byte	0
 874 034d 28       		.byte	40
 875 034e 02       		.byte	2
 876 034f 08       		.byte	8
 877 0350 03       		.byte	3
 878 0351 20       		.byte	32
 879 0352 04       		.byte	4
 880 0353 04       		.byte	4
 881 0354 06       		.byte	6
 882 0355 08       		.byte	8
 883 0356 0A       		.byte	10
 884 0357 50       		.byte	80
 885 0358 0B       		.byte	11
 886 0359 60       		.byte	96
 887 035a 0E       		.byte	14
 888 035b 80       		.byte	-128
 889 035c 0F       		.byte	15
 890 035d 20       		.byte	32
 891 035e 11       		.byte	17
 892 035f 08       		.byte	8
 893 0360 16       		.byte	22
 894 0361 01       		.byte	1
 895 0362 18       		.byte	24
 896 0363 04       		.byte	4
 897 0364 19       		.byte	25
 898 0365 08       		.byte	8
 899 0366 1A       		.byte	26
 900 0367 80       		.byte	-128
 901 0368 1D       		.byte	29
 902 0369 40       		.byte	64
 903 036a 1E       		.byte	30
 904 036b 28       		.byte	40
 905 036c 1F       		.byte	31
 906 036d 01       		.byte	1
 907 036e 21       		.byte	33
 908 036f 01       		.byte	1
 909 0370 23       		.byte	35
 910 0371 01       		.byte	1
 911 0372 24       		.byte	36
 912 0373 40       		.byte	64
ARM GAS  C:\Users\noemi\AppData\Local\Temp\ccLuMeal.s 			page 17


 913 0374 25       		.byte	37
 914 0375 20       		.byte	32
 915 0376 26       		.byte	38
 916 0377 40       		.byte	64
 917 0378 27       		.byte	39
 918 0379 02       		.byte	2
 919 037a 29       		.byte	41
 920 037b 08       		.byte	8
 921 037c 2D       		.byte	45
 922 037d 02       		.byte	2
 923 037e 2F       		.byte	47
 924 037f 01       		.byte	1
 925 0380 32       		.byte	50
 926 0381 08       		.byte	8
 927 0382 33       		.byte	51
 928 0383 20       		.byte	32
 929 0384 37       		.byte	55
 930 0385 02       		.byte	2
 931 0386 3B       		.byte	59
 932 0387 60       		.byte	96
 933 0388 3C       		.byte	60
 934 0389 02       		.byte	2
 935 038a 3D       		.byte	61
 936 038b 08       		.byte	8
 937 038c 47       		.byte	71
 938 038d 02       		.byte	2
 939 038e 4D       		.byte	77
 940 038f 01       		.byte	1
 941 0390 4F       		.byte	79
 942 0391 20       		.byte	32
 943 0392 54       		.byte	84
 944 0393 01       		.byte	1
 945 0394 55       		.byte	85
 946 0395 04       		.byte	4
 947 0396 56       		.byte	86
 948 0397 09       		.byte	9
 949 0398 57       		.byte	87
 950 0399 10       		.byte	16
 951 039a 59       		.byte	89
 952 039b 25       		.byte	37
 953 039c 5A       		.byte	90
 954 039d 80       		.byte	-128
 955 039e 5C       		.byte	92
 956 039f 40       		.byte	64
 957 03a0 5D       		.byte	93
 958 03a1 01       		.byte	1
 959 03a2 5E       		.byte	94
 960 03a3 28       		.byte	40
 961 03a4 60       		.byte	96
 962 03a5 80       		.byte	-128
 963 03a6 63       		.byte	99
 964 03a7 01       		.byte	1
 965 03a8 75       		.byte	117
 966 03a9 02       		.byte	2
 967 03aa 80       		.byte	-128
 968 03ab 80       		.byte	-128
 969 03ac 85       		.byte	-123
ARM GAS  C:\Users\noemi\AppData\Local\Temp\ccLuMeal.s 			page 18


 970 03ad 41       		.byte	65
 971 03ae 8D       		.byte	-115
 972 03af 20       		.byte	32
 973 03b0 92       		.byte	-110
 974 03b1 50       		.byte	80
 975 03b2 99       		.byte	-103
 976 03b3 25       		.byte	37
 977 03b4 A0       		.byte	-96
 978 03b5 14       		.byte	20
 979 03b6 AC       		.byte	-84
 980 03b7 80       		.byte	-128
 981 03b8 B3       		.byte	-77
 982 03b9 80       		.byte	-128
 983 03ba B5       		.byte	-75
 984 03bb 40       		.byte	64
 985 03bc B7       		.byte	-73
 986 03bd 21       		.byte	33
 987 03be C0       		.byte	-64
 988 03bf 66       		.byte	102
 989 03c0 C2       		.byte	-62
 990 03c1 3C       		.byte	60
 991 03c2 C4       		.byte	-60
 992 03c3 84       		.byte	-124
 993 03c4 CA       		.byte	-54
 994 03c5 92       		.byte	-110
 995 03c6 CC       		.byte	-52
 996 03c7 86       		.byte	-122
 997 03c8 CE       		.byte	-50
 998 03c9 CC       		.byte	-52
 999 03ca D0       		.byte	-48
 1000 03cb 80       		.byte	-128
 1001 03cc D2       		.byte	-46
 1002 03cd 20       		.byte	32
 1003 03ce D6       		.byte	-42
 1004 03cf FF       		.byte	-1
 1005 03d0 D8       		.byte	-40
 1006 03d1 09       		.byte	9
 1007 03d2 E4       		.byte	-28
 1008 03d3 02       		.byte	2
 1009 03d4 E6       		.byte	-26
 1010 03d5 40       		.byte	64
 1011 03d6 EA       		.byte	-22
 1012 03d7 40       		.byte	64
 1013 03d8 EE       		.byte	-18
 1014 03d9 30       		.byte	48
 1015 03da 05       		.byte	5
 1016 03db 0A       		.byte	10
 1017 03dc 07       		.byte	7
 1018 03dd 04       		.byte	4
 1019 03de 09       		.byte	9
 1020 03df 04       		.byte	4
 1021 03e0 0B       		.byte	11
 1022 03e1 08       		.byte	8
 1023 03e2 0D       		.byte	13
 1024 03e3 0C       		.byte	12
 1025 03e4 0F       		.byte	15
 1026 03e5 02       		.byte	2
ARM GAS  C:\Users\noemi\AppData\Local\Temp\ccLuMeal.s 			page 19


 1027 03e6 10       		.byte	16
 1028 03e7 01       		.byte	1
 1029 03e8 12       		.byte	18
 1030 03e9 02       		.byte	2
 1031 03ea 13       		.byte	19
 1032 03eb 08       		.byte	8
 1033 03ec 14       		.byte	20
 1034 03ed 07       		.byte	7
 1035 03ee 16       		.byte	22
 1036 03ef 08       		.byte	8
 1037 03f0 18       		.byte	24
 1038 03f1 0C       		.byte	12
 1039 03f2 1F       		.byte	31
 1040 03f3 06       		.byte	6
 1041 03f4 24       		.byte	36
 1042 03f5 0A       		.byte	10
 1043 03f6 25       		.byte	37
 1044 03f7 01       		.byte	1
 1045 03f8 26       		.byte	38
 1046 03f9 05       		.byte	5
 1047 03fa 30       		.byte	48
 1048 03fb 01       		.byte	1
 1049 03fc 31       		.byte	49
 1050 03fd 0E       		.byte	14
 1051 03fe 34       		.byte	52
 1052 03ff 0E       		.byte	14
 1053 0400 37       		.byte	55
 1054 0401 01       		.byte	1
 1055 0402 38       		.byte	56
 1056 0403 22       		.byte	34
 1057 0404 3F       		.byte	63
 1058 0405 40       		.byte	64
 1059 0406 58       		.byte	88
 1060 0407 04       		.byte	4
 1061 0408 59       		.byte	89
 1062 0409 04       		.byte	4
 1063 040a 5F       		.byte	95
 1064 040b 01       		.byte	1
 1065 040c 01       		.byte	1
 1066 040d 60       		.byte	96
 1067 040e 02       		.byte	2
 1068 040f 04       		.byte	4
 1069 0410 03       		.byte	3
 1070 0411 50       		.byte	80
 1071 0412 08       		.byte	8
 1072 0413 20       		.byte	32
 1073 0414 0A       		.byte	10
 1074 0415 40       		.byte	64
 1075 0416 0B       		.byte	11
 1076 0417 10       		.byte	16
 1077 0418 0E       		.byte	14
 1078 0419 44       		.byte	68
 1079 041a 0F       		.byte	15
 1080 041b 10       		.byte	16
 1081 041c 10       		.byte	16
 1082 041d 40       		.byte	64
 1083 041e 11       		.byte	17
ARM GAS  C:\Users\noemi\AppData\Local\Temp\ccLuMeal.s 			page 20


 1084 041f 10       		.byte	16
 1085 0420 12       		.byte	18
 1086 0421 02       		.byte	2
 1087 0422 14       		.byte	20
 1088 0423 20       		.byte	32
 1089 0424 1A       		.byte	26
 1090 0425 10       		.byte	16
 1091 0426 1B       		.byte	27
 1092 0427 14       		.byte	20
 1093 0428 1E       		.byte	30
 1094 0429 04       		.byte	4
 1095 042a 1F       		.byte	31
 1096 042b 01       		.byte	1
 1097 042c 20       		.byte	32
 1098 042d 04       		.byte	4
 1099 042e 21       		.byte	33
 1100 042f 40       		.byte	64
 1101 0430 26       		.byte	38
 1102 0431 80       		.byte	-128
 1103 0432 27       		.byte	39
 1104 0433 80       		.byte	-128
 1105 0434 28       		.byte	40
 1106 0435 40       		.byte	64
 1107 0436 29       		.byte	41
 1108 0437 08       		.byte	8
 1109 0438 2A       		.byte	42
 1110 0439 01       		.byte	1
 1111 043a 2F       		.byte	47
 1112 043b 20       		.byte	32
 1113 043c 33       		.byte	51
 1114 043d 58       		.byte	88
 1115 043e 35       		.byte	53
 1116 043f 02       		.byte	2
 1117 0440 37       		.byte	55
 1118 0441 80       		.byte	-128
 1119 0442 39       		.byte	57
 1120 0443 50       		.byte	80
 1121 0444 3C       		.byte	60
 1122 0445 08       		.byte	8
 1123 0446 3E       		.byte	62
 1124 0447 50       		.byte	80
 1125 0448 40       		.byte	64
 1126 0449 24       		.byte	36
 1127 044a 42       		.byte	66
 1128 044b 50       		.byte	80
 1129 044c 48       		.byte	72
 1130 044d 05       		.byte	5
 1131 044e 49       		.byte	73
 1132 044f 06       		.byte	6
 1133 0450 4B       		.byte	75
 1134 0451 10       		.byte	16
 1135 0452 52       		.byte	82
 1136 0453 16       		.byte	22
 1137 0454 60       		.byte	96
 1138 0455 80       		.byte	-128
 1139 0456 62       		.byte	98
 1140 0457 10       		.byte	16
ARM GAS  C:\Users\noemi\AppData\Local\Temp\ccLuMeal.s 			page 21


 1141 0458 63       		.byte	99
 1142 0459 22       		.byte	34
 1143 045a 7A       		.byte	122
 1144 045b 02       		.byte	2
 1145 045c 7B       		.byte	123
 1146 045d 01       		.byte	1
 1147 045e 80       		.byte	-128
 1148 045f 04       		.byte	4
 1149 0460 81       		.byte	-127
 1150 0461 01       		.byte	1
 1151 0462 86       		.byte	-122
 1152 0463 80       		.byte	-128
 1153 0464 91       		.byte	-111
 1154 0465 50       		.byte	80
 1155 0466 92       		.byte	-110
 1156 0467 40       		.byte	64
 1157 0468 99       		.byte	-103
 1158 0469 08       		.byte	8
 1159 046a 9A       		.byte	-102
 1160 046b 01       		.byte	1
 1161 046c 9B       		.byte	-101
 1162 046d 50       		.byte	80
 1163 046e 9E       		.byte	-98
 1164 046f 04       		.byte	4
 1165 0470 A0       		.byte	-96
 1166 0471 15       		.byte	21
 1167 0472 A3       		.byte	-93
 1168 0473 08       		.byte	8
 1169 0474 A7       		.byte	-89
 1170 0475 04       		.byte	4
 1171 0476 AA       		.byte	-86
 1172 0477 48       		.byte	72
 1173 0478 AB       		.byte	-85
 1174 0479 21       		.byte	33
 1175 047a B2       		.byte	-78
 1176 047b 20       		.byte	32
 1177 047c B4       		.byte	-76
 1178 047d 10       		.byte	16
 1179 047e C0       		.byte	-64
 1180 047f 0F       		.byte	15
 1181 0480 C2       		.byte	-62
 1182 0481 7E       		.byte	126
 1183 0482 C4       		.byte	-60
 1184 0483 2B       		.byte	43
 1185 0484 CA       		.byte	-54
 1186 0485 43       		.byte	67
 1187 0486 CC       		.byte	-52
 1188 0487 9E       		.byte	-98
 1189 0488 CE       		.byte	-50
 1190 0489 7C       		.byte	124
 1191 048a D0       		.byte	-48
 1192 048b 07       		.byte	7
 1193 048c D2       		.byte	-46
 1194 048d 0C       		.byte	12
 1195 048e D8       		.byte	-40
 1196 048f 0F       		.byte	15
 1197 0490 EC       		.byte	-20
ARM GAS  C:\Users\noemi\AppData\Local\Temp\ccLuMeal.s 			page 22


 1198 0491 80       		.byte	-128
 1199 0492 01       		.byte	1
 1200 0493 40       		.byte	64
 1201 0494 02       		.byte	2
 1202 0495 28       		.byte	40
 1203 0496 03       		.byte	3
 1204 0497 03       		.byte	3
 1205 0498 05       		.byte	5
 1206 0499 21       		.byte	33
 1207 049a 06       		.byte	6
 1208 049b 20       		.byte	32
 1209 049c 07       		.byte	7
 1210 049d 06       		.byte	6
 1211 049e 08       		.byte	8
 1212 049f 03       		.byte	3
 1213 04a0 0A       		.byte	10
 1214 04a1 04       		.byte	4
 1215 04a2 0B       		.byte	11
 1216 04a3 08       		.byte	8
 1217 04a4 0C       		.byte	12
 1218 04a5 2A       		.byte	42
 1219 04a6 0E       		.byte	14
 1220 04a7 14       		.byte	20
 1221 04a8 11       		.byte	17
 1222 04a9 0C       		.byte	12
 1223 04aa 13       		.byte	19
 1224 04ab 23       		.byte	35
 1225 04ac 14       		.byte	20
 1226 04ad 03       		.byte	3
 1227 04ae 16       		.byte	22
 1228 04af 34       		.byte	52
 1229 04b0 19       		.byte	25
 1230 04b1 21       		.byte	33
 1231 04b2 1B       		.byte	27
 1232 04b3 0E       		.byte	14
 1233 04b4 1E       		.byte	30
 1234 04b5 15       		.byte	21
 1235 04b6 1F       		.byte	31
 1236 04b7 0C       		.byte	12
 1237 04b8 28       		.byte	40
 1238 04b9 03       		.byte	3
 1239 04ba 2A       		.byte	42
 1240 04bb 1C       		.byte	28
 1241 04bc 2D       		.byte	45
 1242 04bd 10       		.byte	16
 1243 04be 31       		.byte	49
 1244 04bf 60       		.byte	96
 1245 04c0 32       		.byte	50
 1246 04c1 38       		.byte	56
 1247 04c2 34       		.byte	52
 1248 04c3 0F       		.byte	15
 1249 04c4 35       		.byte	53
 1250 04c5 10       		.byte	16
 1251 04c6 37       		.byte	55
 1252 04c7 0F       		.byte	15
 1253 04c8 39       		.byte	57
 1254 04c9 02       		.byte	2
ARM GAS  C:\Users\noemi\AppData\Local\Temp\ccLuMeal.s 			page 23


 1255 04ca 3A       		.byte	58
 1256 04cb 28       		.byte	40
 1257 04cc 3B       		.byte	59
 1258 04cd 80       		.byte	-128
 1259 04ce 3F       		.byte	63
 1260 04cf 10       		.byte	16
 1261 04d0 40       		.byte	64
 1262 04d1 24       		.byte	36
 1263 04d2 41       		.byte	65
 1264 04d3 03       		.byte	3
 1265 04d4 46       		.byte	70
 1266 04d5 0E       		.byte	14
 1267 04d6 47       		.byte	71
 1268 04d7 BC       		.byte	-68
 1269 04d8 48       		.byte	72
 1270 04d9 34       		.byte	52
 1271 04da 49       		.byte	73
 1272 04db FF       		.byte	-1
 1273 04dc 4A       		.byte	74
 1274 04dd FF       		.byte	-1
 1275 04de 4B       		.byte	75
 1276 04df FF       		.byte	-1
 1277 04e0 4E       		.byte	78
 1278 04e1 F0       		.byte	-16
 1279 04e2 4F       		.byte	79
 1280 04e3 44       		.byte	68
 1281 04e4 50       		.byte	80
 1282 04e5 0C       		.byte	12
 1283 04e6 54       		.byte	84
 1284 04e7 01       		.byte	1
 1285 04e8 58       		.byte	88
 1286 04e9 04       		.byte	4
 1287 04ea 59       		.byte	89
 1288 04eb 04       		.byte	4
 1289 04ec 5A       		.byte	90
 1290 04ed 04       		.byte	4
 1291 04ee 5B       		.byte	91
 1292 04ef 04       		.byte	4
 1293 04f0 5C       		.byte	92
 1294 04f1 11       		.byte	17
 1295 04f2 5D       		.byte	93
 1296 04f3 11       		.byte	17
 1297 04f4 5F       		.byte	95
 1298 04f5 01       		.byte	1
 1299 04f6 66       		.byte	102
 1300 04f7 C0       		.byte	-64
 1301 04f8 6A       		.byte	106
 1302 04f9 40       		.byte	64
 1303 04fa 6B       		.byte	107
 1304 04fb 02       		.byte	2
 1305 04fc 83       		.byte	-125
 1306 04fd 01       		.byte	1
 1307 04fe 85       		.byte	-123
 1308 04ff 01       		.byte	1
 1309 0500 86       		.byte	-122
 1310 0501 04       		.byte	4
 1311 0502 8C       		.byte	-116
ARM GAS  C:\Users\noemi\AppData\Local\Temp\ccLuMeal.s 			page 24


 1312 0503 02       		.byte	2
 1313 0504 8D       		.byte	-115
 1314 0505 02       		.byte	2
 1315 0506 8E       		.byte	-114
 1316 0507 01       		.byte	1
 1317 0508 8F       		.byte	-113
 1318 0509 0C       		.byte	12
 1319 050a 91       		.byte	-111
 1320 050b 04       		.byte	4
 1321 050c 93       		.byte	-109
 1322 050d 02       		.byte	2
 1323 050e 95       		.byte	-107
 1324 050f 0E       		.byte	14
 1325 0510 99       		.byte	-103
 1326 0511 0E       		.byte	14
 1327 0512 9A       		.byte	-102
 1328 0513 04       		.byte	4
 1329 0514 9F       		.byte	-97
 1330 0515 01       		.byte	1
 1331 0516 A4       		.byte	-92
 1332 0517 03       		.byte	3
 1333 0518 A8       		.byte	-88
 1334 0519 03       		.byte	3
 1335 051a A9       		.byte	-87
 1336 051b 01       		.byte	1
 1337 051c AC       		.byte	-84
 1338 051d 01       		.byte	1
 1339 051e AD       		.byte	-83
 1340 051f 08       		.byte	8
 1341 0520 AE       		.byte	-82
 1342 0521 02       		.byte	2
 1343 0522 AF       		.byte	-81
 1344 0523 02       		.byte	2
 1345 0524 B0       		.byte	-80
 1346 0525 03       		.byte	3
 1347 0526 B3       		.byte	-77
 1348 0527 01       		.byte	1
 1349 0528 B4       		.byte	-76
 1350 0529 04       		.byte	4
 1351 052a B7       		.byte	-73
 1352 052b 0E       		.byte	14
 1353 052c B9       		.byte	-71
 1354 052d 08       		.byte	8
 1355 052e BE       		.byte	-66
 1356 052f 10       		.byte	16
 1357 0530 D8       		.byte	-40
 1358 0531 04       		.byte	4
 1359 0532 D9       		.byte	-39
 1360 0533 04       		.byte	4
 1361 0534 DC       		.byte	-36
 1362 0535 11       		.byte	17
 1363 0536 DF       		.byte	-33
 1364 0537 01       		.byte	1
 1365 0538 02       		.byte	2
 1366 0539 10       		.byte	16
 1367 053a 03       		.byte	3
 1368 053b 02       		.byte	2
ARM GAS  C:\Users\noemi\AppData\Local\Temp\ccLuMeal.s 			page 25


 1369 053c 05       		.byte	5
 1370 053d 20       		.byte	32
 1371 053e 06       		.byte	6
 1372 053f 24       		.byte	36
 1373 0540 07       		.byte	7
 1374 0541 41       		.byte	65
 1375 0542 0A       		.byte	10
 1376 0543 08       		.byte	8
 1377 0544 0E       		.byte	14
 1378 0545 20       		.byte	32
 1379 0546 0F       		.byte	15
 1380 0547 02       		.byte	2
 1381 0548 10       		.byte	16
 1382 0549 16       		.byte	22
 1383 054a 11       		.byte	17
 1384 054b 28       		.byte	40
 1385 054c 16       		.byte	22
 1386 054d 88       		.byte	-120
 1387 054e 17       		.byte	23
 1388 054f 02       		.byte	2
 1389 0550 18       		.byte	24
 1390 0551 04       		.byte	4
 1391 0552 1B       		.byte	27
 1392 0553 02       		.byte	2
 1393 0554 1D       		.byte	29
 1394 0555 08       		.byte	8
 1395 0556 1E       		.byte	30
 1396 0557 24       		.byte	36
 1397 0558 21       		.byte	33
 1398 0559 40       		.byte	64
 1399 055a 22       		.byte	34
 1400 055b 84       		.byte	-124
 1401 055c 27       		.byte	39
 1402 055d 49       		.byte	73
 1403 055e 28       		.byte	40
 1404 055f 08       		.byte	8
 1405 0560 2B       		.byte	43
 1406 0561 02       		.byte	2
 1407 0562 2E       		.byte	46
 1408 0563 80       		.byte	-128
 1409 0564 30       		.byte	48
 1410 0565 16       		.byte	22
 1411 0566 32       		.byte	50
 1412 0567 40       		.byte	64
 1413 0568 36       		.byte	54
 1414 0569 10       		.byte	16
 1415 056a 37       		.byte	55
 1416 056b 41       		.byte	65
 1417 056c 38       		.byte	56
 1418 056d 08       		.byte	8
 1419 056e 39       		.byte	57
 1420 056f 82       		.byte	-126
 1421 0570 3E       		.byte	62
 1422 0571 24       		.byte	36
 1423 0572 3F       		.byte	63
 1424 0573 02       		.byte	2
 1425 0574 42       		.byte	66
ARM GAS  C:\Users\noemi\AppData\Local\Temp\ccLuMeal.s 			page 26


 1426 0575 0C       		.byte	12
 1427 0576 45       		.byte	69
 1428 0577 08       		.byte	8
 1429 0578 46       		.byte	70
 1430 0579 48       		.byte	72
 1431 057a 56       		.byte	86
 1432 057b 86       		.byte	-122
 1433 057c 5D       		.byte	93
 1434 057d A0       		.byte	-96
 1435 057e 5F       		.byte	95
 1436 057f 0A       		.byte	10
 1437 0580 62       		.byte	98
 1438 0581 40       		.byte	64
 1439 0582 63       		.byte	99
 1440 0583 02       		.byte	2
 1441 0584 91       		.byte	-111
 1442 0585 02       		.byte	2
 1443 0586 92       		.byte	-110
 1444 0587 82       		.byte	-126
 1445 0588 93       		.byte	-109
 1446 0589 80       		.byte	-128
 1447 058a 94       		.byte	-108
 1448 058b 08       		.byte	8
 1449 058c 98       		.byte	-104
 1450 058d 08       		.byte	8
 1451 058e 9A       		.byte	-102
 1452 058f 20       		.byte	32
 1453 0590 9B       		.byte	-101
 1454 0591 20       		.byte	32
 1455 0592 9F       		.byte	-97
 1456 0593 10       		.byte	16
 1457 0594 A0       		.byte	-96
 1458 0595 A0       		.byte	-96
 1459 0596 A1       		.byte	-95
 1460 0597 14       		.byte	20
 1461 0598 A2       		.byte	-94
 1462 0599 0D       		.byte	13
 1463 059a A3       		.byte	-93
 1464 059b 01       		.byte	1
 1465 059c A4       		.byte	-92
 1466 059d 02       		.byte	2
 1467 059e B6       		.byte	-74
 1468 059f 40       		.byte	64
 1469 05a0 C0       		.byte	-64
 1470 05a1 F5       		.byte	-11
 1471 05a2 C2       		.byte	-62
 1472 05a3 A2       		.byte	-94
 1473 05a4 C4       		.byte	-60
 1474 05a5 47       		.byte	71
 1475 05a6 CA       		.byte	-54
 1476 05a7 1C       		.byte	28
 1477 05a8 CC       		.byte	-52
 1478 05a9 BF       		.byte	-65
 1479 05aa CE       		.byte	-50
 1480 05ab EB       		.byte	-21
 1481 05ac D0       		.byte	-48
 1482 05ad E0       		.byte	-32
ARM GAS  C:\Users\noemi\AppData\Local\Temp\ccLuMeal.s 			page 27


 1483 05ae D6       		.byte	-42
 1484 05af F0       		.byte	-16
 1485 05b0 EC       		.byte	-20
 1486 05b1 40       		.byte	64
 1487 05b2 00       		.byte	0
 1488 05b3 3C       		.byte	60
 1489 05b4 02       		.byte	2
 1490 05b5 01       		.byte	1
 1491 05b6 03       		.byte	3
 1492 05b7 01       		.byte	1
 1493 05b8 04       		.byte	4
 1494 05b9 3C       		.byte	60
 1495 05ba 06       		.byte	6
 1496 05bb C0       		.byte	-64
 1497 05bc 0A       		.byte	10
 1498 05bd 3C       		.byte	60
 1499 05be 0C       		.byte	12
 1500 05bf 28       		.byte	40
 1501 05c0 0E       		.byte	14
 1502 05c1 02       		.byte	2
 1503 05c2 0F       		.byte	15
 1504 05c3 01       		.byte	1
 1505 05c4 10       		.byte	16
 1506 05c5 C0       		.byte	-64
 1507 05c6 12       		.byte	18
 1508 05c7 3C       		.byte	60
 1509 05c8 14       		.byte	20
 1510 05c9 FC       		.byte	-4
 1511 05ca 1C       		.byte	28
 1512 05cb F0       		.byte	-16
 1513 05cc 1E       		.byte	30
 1514 05cd 0C       		.byte	12
 1515 05ce 20       		.byte	32
 1516 05cf 80       		.byte	-128
 1517 05d0 24       		.byte	36
 1518 05d1 40       		.byte	64
 1519 05d2 28       		.byte	40
 1520 05d3 C0       		.byte	-64
 1521 05d4 2C       		.byte	44
 1522 05d5 14       		.byte	20
 1523 05d6 2E       		.byte	46
 1524 05d7 02       		.byte	2
 1525 05d8 30       		.byte	48
 1526 05d9 0C       		.byte	12
 1527 05da 34       		.byte	52
 1528 05db F0       		.byte	-16
 1529 05dc 36       		.byte	54
 1530 05dd 03       		.byte	3
 1531 05de 37       		.byte	55
 1532 05df 01       		.byte	1
 1533 05e0 3A       		.byte	58
 1534 05e1 20       		.byte	32
 1535 05e2 3E       		.byte	62
 1536 05e3 40       		.byte	64
 1537 05e4 3F       		.byte	63
 1538 05e5 40       		.byte	64
 1539 05e6 40       		.byte	64
ARM GAS  C:\Users\noemi\AppData\Local\Temp\ccLuMeal.s 			page 28


 1540 05e7 36       		.byte	54
 1541 05e8 41       		.byte	65
 1542 05e9 02       		.byte	2
 1543 05ea 42       		.byte	66
 1544 05eb 05       		.byte	5
 1545 05ec 44       		.byte	68
 1546 05ed 01       		.byte	1
 1547 05ee 46       		.byte	70
 1548 05ef E0       		.byte	-32
 1549 05f0 47       		.byte	71
 1550 05f1 C0       		.byte	-64
 1551 05f2 48       		.byte	72
 1552 05f3 28       		.byte	40
 1553 05f4 49       		.byte	73
 1554 05f5 FF       		.byte	-1
 1555 05f6 4A       		.byte	74
 1556 05f7 FF       		.byte	-1
 1557 05f8 4B       		.byte	75
 1558 05f9 FF       		.byte	-1
 1559 05fa 4C       		.byte	76
 1560 05fb 62       		.byte	98
 1561 05fc 4D       		.byte	77
 1562 05fd A0       		.byte	-96
 1563 05fe 4E       		.byte	78
 1564 05ff F0       		.byte	-16
 1565 0600 4F       		.byte	79
 1566 0601 41       		.byte	65
 1567 0602 50       		.byte	80
 1568 0603 0C       		.byte	12
 1569 0604 54       		.byte	84
 1570 0605 18       		.byte	24
 1571 0606 58       		.byte	88
 1572 0607 04       		.byte	4
 1573 0608 59       		.byte	89
 1574 0609 04       		.byte	4
 1575 060a 5A       		.byte	90
 1576 060b 04       		.byte	4
 1577 060c 5B       		.byte	91
 1578 060d 04       		.byte	4
 1579 060e 5C       		.byte	92
 1580 060f 01       		.byte	1
 1581 0610 5D       		.byte	93
 1582 0611 11       		.byte	17
 1583 0612 5F       		.byte	95
 1584 0613 01       		.byte	1
 1585 0614 66       		.byte	102
 1586 0615 40       		.byte	64
 1587 0616 67       		.byte	103
 1588 0617 02       		.byte	2
 1589 0618 69       		.byte	105
 1590 0619 10       		.byte	16
 1591 061a 6A       		.byte	106
 1592 061b 30       		.byte	48
 1593 061c 6B       		.byte	107
 1594 061d 10       		.byte	16
 1595 061e 6D       		.byte	109
 1596 061f 10       		.byte	16
ARM GAS  C:\Users\noemi\AppData\Local\Temp\ccLuMeal.s 			page 29


 1597 0620 6E       		.byte	110
 1598 0621 10       		.byte	16
 1599 0622 6F       		.byte	111
 1600 0623 12       		.byte	18
 1601 0624 80       		.byte	-128
 1602 0625 09       		.byte	9
 1603 0626 82       		.byte	-126
 1604 0627 10       		.byte	16
 1605 0628 83       		.byte	-125
 1606 0629 01       		.byte	1
 1607 062a 85       		.byte	-123
 1608 062b 03       		.byte	3
 1609 062c 8A       		.byte	-118
 1610 062d 20       		.byte	32
 1611 062e 8C       		.byte	-116
 1612 062f 14       		.byte	20
 1613 0630 91       		.byte	-111
 1614 0631 02       		.byte	2
 1615 0632 94       		.byte	-108
 1616 0633 2C       		.byte	44
 1617 0634 96       		.byte	-106
 1618 0635 11       		.byte	17
 1619 0636 98       		.byte	-104
 1620 0637 30       		.byte	48
 1621 0638 99       		.byte	-103
 1622 0639 03       		.byte	3
 1623 063a 9A       		.byte	-102
 1624 063b 0C       		.byte	12
 1625 063c 9E       		.byte	-98
 1626 063d 03       		.byte	3
 1627 063e A0       		.byte	-96
 1628 063f 1C       		.byte	28
 1629 0640 A1       		.byte	-95
 1630 0641 04       		.byte	4
 1631 0642 A2       		.byte	-94
 1632 0643 22       		.byte	34
 1633 0644 A4       		.byte	-92
 1634 0645 10       		.byte	16
 1635 0646 AA       		.byte	-86
 1636 0647 20       		.byte	32
 1637 0648 B2       		.byte	-78
 1638 0649 20       		.byte	32
 1639 064a B3       		.byte	-77
 1640 064b 03       		.byte	3
 1641 064c B5       		.byte	-75
 1642 064d 04       		.byte	4
 1643 064e B6       		.byte	-74
 1644 064f 1F       		.byte	31
 1645 0650 B9       		.byte	-71
 1646 0651 08       		.byte	8
 1647 0652 BE       		.byte	-66
 1648 0653 04       		.byte	4
 1649 0654 BF       		.byte	-65
 1650 0655 14       		.byte	20
 1651 0656 D4       		.byte	-44
 1652 0657 05       		.byte	5
 1653 0658 D8       		.byte	-40
ARM GAS  C:\Users\noemi\AppData\Local\Temp\ccLuMeal.s 			page 30


 1654 0659 04       		.byte	4
 1655 065a D9       		.byte	-39
 1656 065b 04       		.byte	4
 1657 065c DB       		.byte	-37
 1658 065d 04       		.byte	4
 1659 065e DC       		.byte	-36
 1660 065f 01       		.byte	1
 1661 0660 DD       		.byte	-35
 1662 0661 20       		.byte	32
 1663 0662 DF       		.byte	-33
 1664 0663 01       		.byte	1
 1665 0664 02       		.byte	2
 1666 0665 88       		.byte	-120
 1667 0666 03       		.byte	3
 1668 0667 22       		.byte	34
 1669 0668 06       		.byte	6
 1670 0669 06       		.byte	6
 1671 066a 07       		.byte	7
 1672 066b 40       		.byte	64
 1673 066c 08       		.byte	8
 1674 066d 08       		.byte	8
 1675 066e 0A       		.byte	10
 1676 066f 82       		.byte	-126
 1677 0670 0E       		.byte	14
 1678 0671 25       		.byte	37
 1679 0672 10       		.byte	16
 1680 0673 A2       		.byte	-94
 1681 0674 13       		.byte	19
 1682 0675 20       		.byte	32
 1683 0676 15       		.byte	21
 1684 0677 10       		.byte	16
 1685 0678 16       		.byte	22
 1686 0679 20       		.byte	32
 1687 067a 17       		.byte	23
 1688 067b 01       		.byte	1
 1689 067c 18       		.byte	24
 1690 067d 09       		.byte	9
 1691 067e 19       		.byte	25
 1692 067f 01       		.byte	1
 1693 0680 1B       		.byte	27
 1694 0681 20       		.byte	32
 1695 0682 1C       		.byte	28
 1696 0683 20       		.byte	32
 1697 0684 1E       		.byte	30
 1698 0685 01       		.byte	1
 1699 0686 21       		.byte	33
 1700 0687 80       		.byte	-128
 1701 0688 26       		.byte	38
 1702 0689 20       		.byte	32
 1703 068a 27       		.byte	39
 1704 068b 10       		.byte	16
 1705 068c 2E       		.byte	46
 1706 068d 01       		.byte	1
 1707 068e 36       		.byte	54
 1708 068f 10       		.byte	16
 1709 0690 37       		.byte	55
 1710 0691 01       		.byte	1
ARM GAS  C:\Users\noemi\AppData\Local\Temp\ccLuMeal.s 			page 31


 1711 0692 38       		.byte	56
 1712 0693 0A       		.byte	10
 1713 0694 39       		.byte	57
 1714 0695 08       		.byte	8
 1715 0696 3B       		.byte	59
 1716 0697 80       		.byte	-128
 1717 0698 3E       		.byte	62
 1718 0699 04       		.byte	4
 1719 069a 3F       		.byte	63
 1720 069b 02       		.byte	2
 1721 069c 40       		.byte	64
 1722 069d 09       		.byte	9
 1723 069e 41       		.byte	65
 1724 069f 04       		.byte	4
 1725 06a0 4A       		.byte	74
 1726 06a1 08       		.byte	8
 1727 06a2 4B       		.byte	75
 1728 06a3 80       		.byte	-128
 1729 06a4 50       		.byte	80
 1730 06a5 01       		.byte	1
 1731 06a6 52       		.byte	82
 1732 06a7 10       		.byte	16
 1733 06a8 59       		.byte	89
 1734 06a9 01       		.byte	1
 1735 06aa 5E       		.byte	94
 1736 06ab 0A       		.byte	10
 1737 06ac 5F       		.byte	95
 1738 06ad 40       		.byte	64
 1739 06ae 60       		.byte	96
 1740 06af 04       		.byte	4
 1741 06b0 61       		.byte	97
 1742 06b1 80       		.byte	-128
 1743 06b2 82       		.byte	-126
 1744 06b3 20       		.byte	32
 1745 06b4 85       		.byte	-123
 1746 06b5 10       		.byte	16
 1747 06b6 87       		.byte	-121
 1748 06b7 41       		.byte	65
 1749 06b8 88       		.byte	-120
 1750 06b9 02       		.byte	2
 1751 06ba 90       		.byte	-112
 1752 06bb 04       		.byte	4
 1753 06bc 92       		.byte	-110
 1754 06bd 86       		.byte	-122
 1755 06be 93       		.byte	-109
 1756 06bf 80       		.byte	-128
 1757 06c0 94       		.byte	-108
 1758 06c1 08       		.byte	8
 1759 06c2 98       		.byte	-104
 1760 06c3 08       		.byte	8
 1761 06c4 9A       		.byte	-102
 1762 06c5 26       		.byte	38
 1763 06c6 9B       		.byte	-101
 1764 06c7 61       		.byte	97
 1765 06c8 9E       		.byte	-98
 1766 06c9 10       		.byte	16
 1767 06ca 9F       		.byte	-97
ARM GAS  C:\Users\noemi\AppData\Local\Temp\ccLuMeal.s 			page 32


 1768 06cb 10       		.byte	16
 1769 06cc A0       		.byte	-96
 1770 06cd A0       		.byte	-96
 1771 06ce A2       		.byte	-94
 1772 06cf 9D       		.byte	-99
 1773 06d0 A3       		.byte	-93
 1774 06d1 03       		.byte	3
 1775 06d2 A4       		.byte	-92
 1776 06d3 12       		.byte	18
 1777 06d4 B0       		.byte	-80
 1778 06d5 10       		.byte	16
 1779 06d6 B1       		.byte	-79
 1780 06d7 80       		.byte	-128
 1781 06d8 C0       		.byte	-64
 1782 06d9 DF       		.byte	-33
 1783 06da C2       		.byte	-62
 1784 06db ED       		.byte	-19
 1785 06dc C4       		.byte	-60
 1786 06dd 7F       		.byte	127
 1787 06de CA       		.byte	-54
 1788 06df 80       		.byte	-128
 1789 06e0 CC       		.byte	-52
 1790 06e1 A0       		.byte	-96
 1791 06e2 CE       		.byte	-50
 1792 06e3 C9       		.byte	-55
 1793 06e4 D0       		.byte	-48
 1794 06e5 0E       		.byte	14
 1795 06e6 D2       		.byte	-46
 1796 06e7 0C       		.byte	12
 1797 06e8 D6       		.byte	-42
 1798 06e9 D1       		.byte	-47
 1799 06ea D8       		.byte	-40
 1800 06eb 0C       		.byte	12
 1801 06ec E4       		.byte	-28
 1802 06ed 01       		.byte	1
 1803 06ee 30       		.byte	48
 1804 06ef 10       		.byte	16
 1805 06f0 36       		.byte	54
 1806 06f1 20       		.byte	32
 1807 06f2 CC       		.byte	-52
 1808 06f3 30       		.byte	48
 1809 06f4 61       		.byte	97
 1810 06f5 02       		.byte	2
 1811 06f6 67       		.byte	103
 1812 06f7 08       		.byte	8
 1813 06f8 9C       		.byte	-100
 1814 06f9 10       		.byte	16
 1815 06fa A6       		.byte	-90
 1816 06fb 20       		.byte	32
 1817 06fc D8       		.byte	-40
 1818 06fd C0       		.byte	-64
 1819 06fe 02       		.byte	2
 1820 06ff 40       		.byte	64
 1821 0700 97       		.byte	-105
 1822 0701 08       		.byte	8
 1823 0702 9C       		.byte	-100
 1824 0703 10       		.byte	16
ARM GAS  C:\Users\noemi\AppData\Local\Temp\ccLuMeal.s 			page 33


 1825 0704 A5       		.byte	-91
 1826 0705 02       		.byte	2
 1827 0706 A6       		.byte	-90
 1828 0707 20       		.byte	32
 1829 0708 C0       		.byte	-64
 1830 0709 10       		.byte	16
 1831 070a 97       		.byte	-105
 1832 070b 08       		.byte	8
 1833 070c 9A       		.byte	-102
 1834 070d 40       		.byte	64
 1835 070e 9C       		.byte	-100
 1836 070f 10       		.byte	16
 1837 0710 A5       		.byte	-91
 1838 0711 02       		.byte	2
 1839 0712 A6       		.byte	-90
 1840 0713 20       		.byte	32
 1841 0714 02       		.byte	2
 1842 0715 20       		.byte	32
 1843 0716 C0       		.byte	-64
 1844 0717 08       		.byte	8
 1845 0718 86       		.byte	-122
 1846 0719 20       		.byte	32
 1847 071a A2       		.byte	-94
 1848 071b 20       		.byte	32
 1849 071c 87       		.byte	-121
 1850 071d 04       		.byte	4
 1851 071e 97       		.byte	-105
 1852 071f 08       		.byte	8
 1853 0720 9C       		.byte	-100
 1854 0721 10       		.byte	16
 1855 0722 A5       		.byte	-91
 1856 0723 02       		.byte	2
 1857 0724 A6       		.byte	-90
 1858 0725 20       		.byte	32
 1859 0726 B2       		.byte	-78
 1860 0727 40       		.byte	64
 1861 0728 E6       		.byte	-26
 1862 0729 10       		.byte	16
 1863 072a 5F       		.byte	95
 1864 072b 01       		.byte	1
 1865 072c 63       		.byte	99
 1866 072d 02       		.byte	2
 1867 072e 66       		.byte	102
 1868 072f 01       		.byte	1
 1869 0730 70       		.byte	112
 1870 0731 08       		.byte	8
 1871 0732 75       		.byte	117
 1872 0733 08       		.byte	8
 1873 0734 82       		.byte	-126
 1874 0735 20       		.byte	32
 1875 0736 87       		.byte	-121
 1876 0737 01       		.byte	1
 1877 0738 8E       		.byte	-114
 1878 0739 01       		.byte	1
 1879 073a 93       		.byte	-109
 1880 073b 01       		.byte	1
 1881 073c 99       		.byte	-103
ARM GAS  C:\Users\noemi\AppData\Local\Temp\ccLuMeal.s 			page 34


 1882 073d 08       		.byte	8
 1883 073e A0       		.byte	-96
 1884 073f 08       		.byte	8
 1885 0740 A6       		.byte	-90
 1886 0741 20       		.byte	32
 1887 0742 AC       		.byte	-84
 1888 0743 10       		.byte	16
 1889 0744 B0       		.byte	-80
 1890 0745 08       		.byte	8
 1891 0746 B1       		.byte	-79
 1892 0747 02       		.byte	2
 1893 0748 B5       		.byte	-75
 1894 0749 08       		.byte	8
 1895 074a B7       		.byte	-73
 1896 074b 01       		.byte	1
 1897 074c D6       		.byte	-42
 1898 074d C0       		.byte	-64
 1899 074e D8       		.byte	-40
 1900 074f 80       		.byte	-128
 1901 0750 DC       		.byte	-36
 1902 0751 80       		.byte	-128
 1903 0752 DE       		.byte	-34
 1904 0753 20       		.byte	32
 1905 0754 E6       		.byte	-26
 1906 0755 90       		.byte	-112
 1907 0756 EE       		.byte	-18
 1908 0757 40       		.byte	64
 1909 0758 10       		.byte	16
 1910 0759 80       		.byte	-128
 1911 075a 70       		.byte	112
 1912 075b 04       		.byte	4
 1913 075c 80       		.byte	-128
 1914 075d 04       		.byte	4
 1915 075e 88       		.byte	-120
 1916 075f 80       		.byte	-128
 1917 0760 C4       		.byte	-60
 1918 0761 08       		.byte	8
 1919 0762 DC       		.byte	-36
 1920 0763 01       		.byte	1
 1921 0764 E6       		.byte	-26
 1922 0765 01       		.byte	1
 1923 0766 00       		.byte	0
 1924 0767 07       		.byte	7
 1925 0768 0A       		.byte	10
 1926 0769 05       		.byte	5
 1927 076a 0C       		.byte	12
 1928 076b 02       		.byte	2
 1929 076c 10       		.byte	16
 1930 076d 07       		.byte	7
 1931 076e 1A       		.byte	26
 1932 076f 05       		.byte	5
 1933 0770 1C       		.byte	28
 1934 0771 06       		.byte	6
 1935 0772 00       		.byte	0
 1936 0773 0F       		.byte	15
 1937 0774 01       		.byte	1
 1938 0775 80       		.byte	-128
ARM GAS  C:\Users\noemi\AppData\Local\Temp\ccLuMeal.s 			page 35


 1939 0776 00       		.byte	0
 1940 0777 00       		.byte	0
 1941 0778 40       		.byte	64
 1942 0779 00       		.byte	0
 1943 077a 00       		.byte	0
 1944 077b 00       		.byte	0
 1945 077c 25       		.byte	37
 1946 077d 00       		.byte	0
 1947 077e 00       		.byte	0
 1948 077f 00       		.byte	0
 1949 0780 25       		.byte	37
 1950 0781 00       		.byte	0
 1951 0782 00       		.byte	0
 1952 0783 00       		.byte	0
 1953 0784 04       		.byte	4
 1954 0785 02       		.byte	2
 1955 0786 00       		.byte	0
 1956 0787 00       		.byte	0
 1957 0788 04       		.byte	4
 1958 0789 00       		.byte	0
 1959 078a 21       		.byte	33
 1960 078b 02       		.byte	2
 1961 078c 06       		.byte	6
 1962 078d 00       		.byte	0
 1963 078e 30       		.byte	48
 1964 078f 00       		.byte	0
 1965 0790 06       		.byte	6
 1966 0791 00       		.byte	0
 1967 0792 18       		.byte	24
 1968 0793 01       		.byte	1
 1969 0794 02       		.byte	2
 1970 0795 02       		.byte	2
 1971 0796 28       		.byte	40
 1972 0797 00       		.byte	0
 1973 0798 00       		.byte	0
 1974 0799 02       		.byte	2
 1975 079a 00       		.byte	0
 1976 079b 00       		.byte	0
 1977 079c 25       		.byte	37
 1978 079d 02       		.byte	2
 1979 079e 00       		.byte	0
 1980 079f 00       		.byte	0
 1981 07a0 00       		.byte	0
 1982 07a1 00       		.byte	0
 1983 07a2 00       		.byte	0
 1984 07a3 01       		.byte	1
 1985 07a4 21       		.byte	33
 1986 07a5 00       		.byte	0
 1987 07a6 04       		.byte	4
 1988 07a7 00       		.byte	0
 1989 07a8 00       		.byte	0
 1990 07a9 00       		.byte	0
 1991 07aa 01       		.byte	1
 1992 07ab 00       		.byte	0
 1993 07ac 00       		.byte	0
 1994 07ad 00       		.byte	0
 1995 07ae 3E       		.byte	62
ARM GAS  C:\Users\noemi\AppData\Local\Temp\ccLuMeal.s 			page 36


 1996 07af 00       		.byte	0
 1997 07b0 01       		.byte	1
 1998 07b1 02       		.byte	2
 1999 07b2 00       		.byte	0
 2000 07b3 01       		.byte	1
 2001 07b4 08       		.byte	8
 2002 07b5 00       		.byte	0
 2003 07b6 00       		.byte	0
 2004 07b7 00       		.byte	0
 2005 07b8 00       		.byte	0
 2006 07b9 00       		.byte	0
 2007 07ba 10       		.byte	16
 2008 07bb 10       		.byte	16
 2009 07bc 34       		.byte	52
 2010 07bd 06       		.byte	6
 2011 07be 20       		.byte	32
 2012 07bf 00       		.byte	0
 2013 07c0 05       		.byte	5
 2014 07c1 BE       		.byte	-66
 2015 07c2 F0       		.byte	-16
 2016 07c3 DC       		.byte	-36
 2017 07c4 3B       		.byte	59
 2018 07c5 FF       		.byte	-1
 2019 07c6 FF       		.byte	-1
 2020 07c7 FF       		.byte	-1
 2021 07c8 22       		.byte	34
 2022 07c9 00       		.byte	0
 2023 07ca F0       		.byte	-16
 2024 07cb 0C       		.byte	12
 2025 07cc 04       		.byte	4
 2026 07cd 00       		.byte	0
 2027 07ce 00       		.byte	0
 2028 07cf 00       		.byte	0
 2029 07d0 40       		.byte	64
 2030 07d1 00       		.byte	0
 2031 07d2 04       		.byte	4
 2032 07d3 00       		.byte	0
 2033 07d4 04       		.byte	4
 2034 07d5 04       		.byte	4
 2035 07d6 04       		.byte	4
 2036 07d7 04       		.byte	4
 2037 07d8 20       		.byte	32
 2038 07d9 00       		.byte	0
 2039 07da 00       		.byte	0
 2040 07db 01       		.byte	1
 2041 07dc 00       		.byte	0
 2042 07dd 00       		.byte	0
 2043 07de C0       		.byte	-64
 2044 07df 00       		.byte	0
 2045 07e0 40       		.byte	64
 2046 07e1 01       		.byte	1
 2047 07e2 10       		.byte	16
 2048 07e3 11       		.byte	17
 2049 07e4 C0       		.byte	-64
 2050 07e5 01       		.byte	1
 2051 07e6 00       		.byte	0
 2052 07e7 11       		.byte	17
ARM GAS  C:\Users\noemi\AppData\Local\Temp\ccLuMeal.s 			page 37


 2053 07e8 40       		.byte	64
 2054 07e9 01       		.byte	1
 2055 07ea 40       		.byte	64
 2056 07eb 01       		.byte	1
 2057 07ec 00       		.byte	0
 2058 07ed 00       		.byte	0
 2059 07ee 00       		.byte	0
 2060 07ef 00       		.byte	0
 2061 07f0 00       		.byte	0
 2062 07f1 00       		.byte	0
 2063 07f2 00       		.byte	0
 2064 07f3 00       		.byte	0
 2065 07f4 00       		.byte	0
 2066 07f5 00       		.byte	0
 2067 07f6 00       		.byte	0
 2068 07f7 00       		.byte	0
 2069 07f8 00       		.byte	0
 2070 07f9 00       		.byte	0
 2071 07fa 00       		.byte	0
 2072 07fb 00       		.byte	0
 2073 07fc 00       		.byte	0
 2074 07fd 60       		.byte	96
 2075 07fe 60       		.byte	96
 2076 07ff 00       		.byte	0
 2077 0800 60       		.byte	96
 2078 0801 00       		.byte	0
 2079 0802 00       		.byte	0
 2080 0803 00       		.byte	0
 2081 0804 89       		.byte	-119
 2082 0805 00       		.byte	0
 2083 0806 54       		.byte	84
 2084 0807 8B       		.byte	-117
 2085 0808 8B       		.byte	-117
 2086 0809 00       		.byte	0
 2087 080a 83       		.byte	-125
 2088 080b 00       		.byte	0
 2089 080c 00       		.byte	0
 2090 080d 00       		.byte	0
 2091 080e 00       		.byte	0
 2092 080f 00       		.byte	0
 2093 0810 00       		.byte	0
 2094 0811 0B       		.byte	11
 2095 0812 0B       		.byte	11
 2096 0813 00       		.byte	0
 2097 0814 00       		.byte	0
 2098 0815 00       		.byte	0
 2099 0816 00       		.byte	0
 2100 0817 00       		.byte	0
 2101 0818 10       		.byte	16
 2102 0819 00       		.byte	0
 2103 081a 01       		.byte	1
 2104 081b 10       		.byte	16
 2105 081c 10       		.byte	16
 2106 081d 00       		.byte	0
 2107 081e 00       		.byte	0
 2108 081f 00       		.byte	0
 2109 0820 00       		.byte	0
ARM GAS  C:\Users\noemi\AppData\Local\Temp\ccLuMeal.s 			page 38


 2110 0821 00       		.byte	0
 2111 0822 00       		.byte	0
 2112 0823 00       		.byte	0
 2113 0824 00       		.byte	0
 2114 0825 E0       		.byte	-32
 2115 0826 E0       		.byte	-32
 2116 0827 00       		.byte	0
 2117 0828 E0       		.byte	-32
 2118 0829 00       		.byte	0
 2119 082a 00       		.byte	0
 2120 082b 00       		.byte	0
 2121              		.section	.cywolatch,"a",%progbits
 2122              		.align	2
 2123              		.type	cy_meta_wonvl, %object
 2124              		.size	cy_meta_wonvl, 4
 2125              	cy_meta_wonvl:
 2126 0000 BC       		.byte	-68
 2127 0001 90       		.byte	-112
 2128 0002 AC       		.byte	-84
 2129 0003 AF       		.byte	-81
 2130              		.section	.cycustnvl,"a",%progbits
 2131              		.align	2
 2132              		.type	cy_meta_custnvl, %object
 2133              		.size	cy_meta_custnvl, 4
 2134              	cy_meta_custnvl:
 2135 0000 00       		.byte	0
 2136 0001 00       		.byte	0
 2137 0002 40       		.byte	64
 2138 0003 05       		.byte	5
 2139              		.section	.cymeta,"a",%progbits
 2140              		.align	2
 2141              		.type	cy_metadata, %object
 2142              		.size	cy_metadata, 12
 2143              	cy_metadata:
 2144 0000 00       		.byte	0
 2145 0001 01       		.byte	1
 2146 0002 2E       		.byte	46
 2147 0003 16       		.byte	22
 2148 0004 10       		.byte	16
 2149 0005 69       		.byte	105
 2150 0006 00       		.byte	0
 2151 0007 01       		.byte	1
 2152 0008 00       		.byte	0
 2153 0009 00       		.byte	0
 2154 000a 00       		.byte	0
 2155 000b 00       		.byte	0
 2156              		.section	.cyflashprotect,"a",%progbits
 2157              		.align	2
 2158              		.type	cy_meta_flashprotect, %object
 2159              		.size	cy_meta_flashprotect, 256
 2160              	cy_meta_flashprotect:
 2161 0000 00000000 		.space	256
 2161      00000000 
 2161      00000000 
 2161      00000000 
 2161      00000000 
 2162              		.text
ARM GAS  C:\Users\noemi\AppData\Local\Temp\ccLuMeal.s 			page 39


 2163              	.Letext0:
 2164              		.file 1 "c:\\program files (x86)\\cypress\\psoc creator\\4.3\\psoc creator\\import\\gnu\\arm\\5.4.
 2165              		.file 2 "c:\\program files (x86)\\cypress\\psoc creator\\4.3\\psoc creator\\import\\gnu\\arm\\5.4.
 2166              		.file 3 "Generated_Source\\PSoC5\\cymetadata.c"
 2167              		.section	.debug_info,"",%progbits
 2168              	.Ldebug_info0:
 2169 0000 35010000 		.4byte	0x135
 2170 0004 0400     		.2byte	0x4
 2171 0006 00000000 		.4byte	.Ldebug_abbrev0
 2172 000a 04       		.byte	0x4
 2173 000b 01       		.uleb128 0x1
 2174 000c 24000000 		.4byte	.LASF17
 2175 0010 0C       		.byte	0xc
 2176 0011 0E020000 		.4byte	.LASF18
 2177 0015 7E010000 		.4byte	.LASF19
 2178 0019 00000000 		.4byte	.Ldebug_line0
 2179 001d 02       		.uleb128 0x2
 2180 001e 01       		.byte	0x1
 2181 001f 06       		.byte	0x6
 2182 0020 72010000 		.4byte	.LASF0
 2183 0024 03       		.uleb128 0x3
 2184 0025 00000000 		.4byte	.LASF9
 2185 0029 01       		.byte	0x1
 2186 002a 1D       		.byte	0x1d
 2187 002b 2F000000 		.4byte	0x2f
 2188 002f 02       		.uleb128 0x2
 2189 0030 01       		.byte	0x1
 2190 0031 08       		.byte	0x8
 2191 0032 16000000 		.4byte	.LASF1
 2192 0036 02       		.uleb128 0x2
 2193 0037 02       		.byte	0x2
 2194 0038 05       		.byte	0x5
 2195 0039 5F010000 		.4byte	.LASF2
 2196 003d 02       		.uleb128 0x2
 2197 003e 02       		.byte	0x2
 2198 003f 07       		.byte	0x7
 2199 0040 C4000000 		.4byte	.LASF3
 2200 0044 02       		.uleb128 0x2
 2201 0045 04       		.byte	0x4
 2202 0046 05       		.byte	0x5
 2203 0047 69010000 		.4byte	.LASF4
 2204 004b 02       		.uleb128 0x2
 2205 004c 04       		.byte	0x4
 2206 004d 07       		.byte	0x7
 2207 004e B2000000 		.4byte	.LASF5
 2208 0052 02       		.uleb128 0x2
 2209 0053 08       		.byte	0x8
 2210 0054 05       		.byte	0x5
 2211 0055 51010000 		.4byte	.LASF6
 2212 0059 02       		.uleb128 0x2
 2213 005a 08       		.byte	0x8
 2214 005b 07       		.byte	0x7
 2215 005c 06010000 		.4byte	.LASF7
 2216 0060 04       		.uleb128 0x4
 2217 0061 04       		.byte	0x4
 2218 0062 05       		.byte	0x5
 2219 0063 696E7400 		.ascii	"int\000"
ARM GAS  C:\Users\noemi\AppData\Local\Temp\ccLuMeal.s 			page 40


 2220 0067 02       		.uleb128 0x2
 2221 0068 04       		.byte	0x4
 2222 0069 07       		.byte	0x7
 2223 006a F9000000 		.4byte	.LASF8
 2224 006e 03       		.uleb128 0x3
 2225 006f 1D010000 		.4byte	.LASF10
 2226 0073 02       		.byte	0x2
 2227 0074 18       		.byte	0x18
 2228 0075 24000000 		.4byte	0x24
 2229 0079 05       		.uleb128 0x5
 2230 007a 91000000 		.4byte	0x91
 2231 007e 8A000000 		.4byte	0x8a
 2232 0082 06       		.uleb128 0x6
 2233 0083 8A000000 		.4byte	0x8a
 2234 0087 2B08     		.2byte	0x82b
 2235 0089 00       		.byte	0
 2236 008a 02       		.uleb128 0x2
 2237 008b 04       		.byte	0x4
 2238 008c 07       		.byte	0x7
 2239 008d 48010000 		.4byte	.LASF11
 2240 0091 07       		.uleb128 0x7
 2241 0092 6E000000 		.4byte	0x6e
 2242 0096 08       		.uleb128 0x8
 2243 0097 E7000000 		.4byte	.LASF12
 2244 009b 03       		.byte	0x3
 2245 009c 1F       		.byte	0x1f
 2246 009d A7000000 		.4byte	0xa7
 2247 00a1 05       		.uleb128 0x5
 2248 00a2 03       		.byte	0x3
 2249 00a3 00000000 		.4byte	cy_meta_configecc
 2250 00a7 07       		.uleb128 0x7
 2251 00a8 79000000 		.4byte	0x79
 2252 00ac 05       		.uleb128 0x5
 2253 00ad 91000000 		.4byte	0x91
 2254 00b1 BC000000 		.4byte	0xbc
 2255 00b5 09       		.uleb128 0x9
 2256 00b6 8A000000 		.4byte	0x8a
 2257 00ba 03       		.byte	0x3
 2258 00bb 00       		.byte	0
 2259 00bc 0A       		.uleb128 0xa
 2260 00bd D7000000 		.4byte	.LASF13
 2261 00c1 03       		.byte	0x3
 2262 00c2 3201     		.2byte	0x132
 2263 00c4 CE000000 		.4byte	0xce
 2264 00c8 05       		.uleb128 0x5
 2265 00c9 03       		.byte	0x3
 2266 00ca 00000000 		.4byte	cy_meta_custnvl
 2267 00ce 07       		.uleb128 0x7
 2268 00cf AC000000 		.4byte	0xac
 2269 00d3 0A       		.uleb128 0xa
 2270 00d4 3A010000 		.4byte	.LASF14
 2271 00d8 03       		.byte	0x3
 2272 00d9 4001     		.2byte	0x140
 2273 00db E5000000 		.4byte	0xe5
 2274 00df 05       		.uleb128 0x5
 2275 00e0 03       		.byte	0x3
 2276 00e1 00000000 		.4byte	cy_meta_wonvl
ARM GAS  C:\Users\noemi\AppData\Local\Temp\ccLuMeal.s 			page 41


 2277 00e5 07       		.uleb128 0x7
 2278 00e6 AC000000 		.4byte	0xac
 2279 00ea 05       		.uleb128 0x5
 2280 00eb 91000000 		.4byte	0x91
 2281 00ef FA000000 		.4byte	0xfa
 2282 00f3 09       		.uleb128 0x9
 2283 00f4 8A000000 		.4byte	0x8a
 2284 00f8 FF       		.byte	0xff
 2285 00f9 00       		.byte	0
 2286 00fa 0A       		.uleb128 0xa
 2287 00fb 25010000 		.4byte	.LASF15
 2288 00ff 03       		.byte	0x3
 2289 0100 4E01     		.2byte	0x14e
 2290 0102 0C010000 		.4byte	0x10c
 2291 0106 05       		.uleb128 0x5
 2292 0107 03       		.byte	0x3
 2293 0108 00000000 		.4byte	cy_meta_flashprotect
 2294 010c 07       		.uleb128 0x7
 2295 010d EA000000 		.4byte	0xea
 2296 0111 05       		.uleb128 0x5
 2297 0112 91000000 		.4byte	0x91
 2298 0116 21010000 		.4byte	0x121
 2299 011a 09       		.uleb128 0x9
 2300 011b 8A000000 		.4byte	0x8a
 2301 011f 0B       		.byte	0xb
 2302 0120 00       		.byte	0
 2303 0121 0A       		.uleb128 0xa
 2304 0122 0A000000 		.4byte	.LASF16
 2305 0126 03       		.byte	0x3
 2306 0127 7B01     		.2byte	0x17b
 2307 0129 33010000 		.4byte	0x133
 2308 012d 05       		.uleb128 0x5
 2309 012e 03       		.byte	0x3
 2310 012f 00000000 		.4byte	cy_metadata
 2311 0133 07       		.uleb128 0x7
 2312 0134 11010000 		.4byte	0x111
 2313 0138 00       		.byte	0
 2314              		.section	.debug_abbrev,"",%progbits
 2315              	.Ldebug_abbrev0:
 2316 0000 01       		.uleb128 0x1
 2317 0001 11       		.uleb128 0x11
 2318 0002 01       		.byte	0x1
 2319 0003 25       		.uleb128 0x25
 2320 0004 0E       		.uleb128 0xe
 2321 0005 13       		.uleb128 0x13
 2322 0006 0B       		.uleb128 0xb
 2323 0007 03       		.uleb128 0x3
 2324 0008 0E       		.uleb128 0xe
 2325 0009 1B       		.uleb128 0x1b
 2326 000a 0E       		.uleb128 0xe
 2327 000b 10       		.uleb128 0x10
 2328 000c 17       		.uleb128 0x17
 2329 000d 00       		.byte	0
 2330 000e 00       		.byte	0
 2331 000f 02       		.uleb128 0x2
 2332 0010 24       		.uleb128 0x24
 2333 0011 00       		.byte	0
ARM GAS  C:\Users\noemi\AppData\Local\Temp\ccLuMeal.s 			page 42


 2334 0012 0B       		.uleb128 0xb
 2335 0013 0B       		.uleb128 0xb
 2336 0014 3E       		.uleb128 0x3e
 2337 0015 0B       		.uleb128 0xb
 2338 0016 03       		.uleb128 0x3
 2339 0017 0E       		.uleb128 0xe
 2340 0018 00       		.byte	0
 2341 0019 00       		.byte	0
 2342 001a 03       		.uleb128 0x3
 2343 001b 16       		.uleb128 0x16
 2344 001c 00       		.byte	0
 2345 001d 03       		.uleb128 0x3
 2346 001e 0E       		.uleb128 0xe
 2347 001f 3A       		.uleb128 0x3a
 2348 0020 0B       		.uleb128 0xb
 2349 0021 3B       		.uleb128 0x3b
 2350 0022 0B       		.uleb128 0xb
 2351 0023 49       		.uleb128 0x49
 2352 0024 13       		.uleb128 0x13
 2353 0025 00       		.byte	0
 2354 0026 00       		.byte	0
 2355 0027 04       		.uleb128 0x4
 2356 0028 24       		.uleb128 0x24
 2357 0029 00       		.byte	0
 2358 002a 0B       		.uleb128 0xb
 2359 002b 0B       		.uleb128 0xb
 2360 002c 3E       		.uleb128 0x3e
 2361 002d 0B       		.uleb128 0xb
 2362 002e 03       		.uleb128 0x3
 2363 002f 08       		.uleb128 0x8
 2364 0030 00       		.byte	0
 2365 0031 00       		.byte	0
 2366 0032 05       		.uleb128 0x5
 2367 0033 01       		.uleb128 0x1
 2368 0034 01       		.byte	0x1
 2369 0035 49       		.uleb128 0x49
 2370 0036 13       		.uleb128 0x13
 2371 0037 01       		.uleb128 0x1
 2372 0038 13       		.uleb128 0x13
 2373 0039 00       		.byte	0
 2374 003a 00       		.byte	0
 2375 003b 06       		.uleb128 0x6
 2376 003c 21       		.uleb128 0x21
 2377 003d 00       		.byte	0
 2378 003e 49       		.uleb128 0x49
 2379 003f 13       		.uleb128 0x13
 2380 0040 2F       		.uleb128 0x2f
 2381 0041 05       		.uleb128 0x5
 2382 0042 00       		.byte	0
 2383 0043 00       		.byte	0
 2384 0044 07       		.uleb128 0x7
 2385 0045 26       		.uleb128 0x26
 2386 0046 00       		.byte	0
 2387 0047 49       		.uleb128 0x49
 2388 0048 13       		.uleb128 0x13
 2389 0049 00       		.byte	0
 2390 004a 00       		.byte	0
ARM GAS  C:\Users\noemi\AppData\Local\Temp\ccLuMeal.s 			page 43


 2391 004b 08       		.uleb128 0x8
 2392 004c 34       		.uleb128 0x34
 2393 004d 00       		.byte	0
 2394 004e 03       		.uleb128 0x3
 2395 004f 0E       		.uleb128 0xe
 2396 0050 3A       		.uleb128 0x3a
 2397 0051 0B       		.uleb128 0xb
 2398 0052 3B       		.uleb128 0x3b
 2399 0053 0B       		.uleb128 0xb
 2400 0054 49       		.uleb128 0x49
 2401 0055 13       		.uleb128 0x13
 2402 0056 3F       		.uleb128 0x3f
 2403 0057 19       		.uleb128 0x19
 2404 0058 02       		.uleb128 0x2
 2405 0059 18       		.uleb128 0x18
 2406 005a 00       		.byte	0
 2407 005b 00       		.byte	0
 2408 005c 09       		.uleb128 0x9
 2409 005d 21       		.uleb128 0x21
 2410 005e 00       		.byte	0
 2411 005f 49       		.uleb128 0x49
 2412 0060 13       		.uleb128 0x13
 2413 0061 2F       		.uleb128 0x2f
 2414 0062 0B       		.uleb128 0xb
 2415 0063 00       		.byte	0
 2416 0064 00       		.byte	0
 2417 0065 0A       		.uleb128 0xa
 2418 0066 34       		.uleb128 0x34
 2419 0067 00       		.byte	0
 2420 0068 03       		.uleb128 0x3
 2421 0069 0E       		.uleb128 0xe
 2422 006a 3A       		.uleb128 0x3a
 2423 006b 0B       		.uleb128 0xb
 2424 006c 3B       		.uleb128 0x3b
 2425 006d 05       		.uleb128 0x5
 2426 006e 49       		.uleb128 0x49
 2427 006f 13       		.uleb128 0x13
 2428 0070 3F       		.uleb128 0x3f
 2429 0071 19       		.uleb128 0x19
 2430 0072 02       		.uleb128 0x2
 2431 0073 18       		.uleb128 0x18
 2432 0074 00       		.byte	0
 2433 0075 00       		.byte	0
 2434 0076 00       		.byte	0
 2435              		.section	.debug_aranges,"",%progbits
 2436 0000 14000000 		.4byte	0x14
 2437 0004 0200     		.2byte	0x2
 2438 0006 00000000 		.4byte	.Ldebug_info0
 2439 000a 04       		.byte	0x4
 2440 000b 00       		.byte	0
 2441 000c 0000     		.2byte	0
 2442 000e 0000     		.2byte	0
 2443 0010 00000000 		.4byte	0
 2444 0014 00000000 		.4byte	0
 2445              		.section	.debug_line,"",%progbits
 2446              	.Ldebug_line0:
 2447 0000 3D010000 		.section	.debug_str,"MS",%progbits,1
ARM GAS  C:\Users\noemi\AppData\Local\Temp\ccLuMeal.s 			page 44


 2447      02003701 
 2447      00000201 
 2447      FB0E0D00 
 2447      01010101 
 2448              	.LASF9:
 2449 0000 5F5F7569 		.ascii	"__uint8_t\000"
 2449      6E74385F 
 2449      7400
 2450              	.LASF16:
 2451 000a 63795F6D 		.ascii	"cy_metadata\000"
 2451      65746164 
 2451      61746100 
 2452              	.LASF1:
 2453 0016 756E7369 		.ascii	"unsigned char\000"
 2453      676E6564 
 2453      20636861 
 2453      7200
 2454              	.LASF17:
 2455 0024 474E5520 		.ascii	"GNU C11 5.4.1 20160609 (release) [ARM/embedded-5-br"
 2455      43313120 
 2455      352E342E 
 2455      31203230 
 2455      31363036 
 2456 0057 616E6368 		.ascii	"anch revision 237715] -mcpu=cortex-m3 -mthumb -g -O"
 2456      20726576 
 2456      6973696F 
 2456      6E203233 
 2456      37373135 
 2457 008a 67202D66 		.ascii	"g -ffunction-sections -ffat-lto-objects\000"
 2457      66756E63 
 2457      74696F6E 
 2457      2D736563 
 2457      74696F6E 
 2458              	.LASF5:
 2459 00b2 6C6F6E67 		.ascii	"long unsigned int\000"
 2459      20756E73 
 2459      69676E65 
 2459      6420696E 
 2459      7400
 2460              	.LASF3:
 2461 00c4 73686F72 		.ascii	"short unsigned int\000"
 2461      7420756E 
 2461      7369676E 
 2461      65642069 
 2461      6E7400
 2462              	.LASF13:
 2463 00d7 63795F6D 		.ascii	"cy_meta_custnvl\000"
 2463      6574615F 
 2463      63757374 
 2463      6E766C00 
 2464              	.LASF12:
 2465 00e7 63795F6D 		.ascii	"cy_meta_configecc\000"
 2465      6574615F 
 2465      636F6E66 
 2465      69676563 
 2465      6300
 2466              	.LASF8:
ARM GAS  C:\Users\noemi\AppData\Local\Temp\ccLuMeal.s 			page 45


 2467 00f9 756E7369 		.ascii	"unsigned int\000"
 2467      676E6564 
 2467      20696E74 
 2467      00
 2468              	.LASF7:
 2469 0106 6C6F6E67 		.ascii	"long long unsigned int\000"
 2469      206C6F6E 
 2469      6720756E 
 2469      7369676E 
 2469      65642069 
 2470              	.LASF10:
 2471 011d 75696E74 		.ascii	"uint8_t\000"
 2471      385F7400 
 2472              	.LASF15:
 2473 0125 63795F6D 		.ascii	"cy_meta_flashprotect\000"
 2473      6574615F 
 2473      666C6173 
 2473      6870726F 
 2473      74656374 
 2474              	.LASF14:
 2475 013a 63795F6D 		.ascii	"cy_meta_wonvl\000"
 2475      6574615F 
 2475      776F6E76 
 2475      6C00
 2476              	.LASF11:
 2477 0148 73697A65 		.ascii	"sizetype\000"
 2477      74797065 
 2477      00
 2478              	.LASF6:
 2479 0151 6C6F6E67 		.ascii	"long long int\000"
 2479      206C6F6E 
 2479      6720696E 
 2479      7400
 2480              	.LASF2:
 2481 015f 73686F72 		.ascii	"short int\000"
 2481      7420696E 
 2481      7400
 2482              	.LASF4:
 2483 0169 6C6F6E67 		.ascii	"long int\000"
 2483      20696E74 
 2483      00
 2484              	.LASF0:
 2485 0172 7369676E 		.ascii	"signed char\000"
 2485      65642063 
 2485      68617200 
 2486              	.LASF19:
 2487 017e 433A5C55 		.ascii	"C:\\Users\\noemi\\Desktop\\university\\university\\"
 2487      73657273 
 2487      5C6E6F65 
 2487      6D695C44 
 2487      65736B74 
 2488 01ab 706F6C69 		.ascii	"poli\\lab sensors\\final assignment\\Final-Assignme"
 2488      5C6C6162 
 2488      2073656E 
 2488      736F7273 
 2488      5C66696E 
 2489 01db 6E742D50 		.ascii	"nt-PSoC\\Final_Assignment\\Final_assignment_01.cyds"
ARM GAS  C:\Users\noemi\AppData\Local\Temp\ccLuMeal.s 			page 46


 2489      536F435C 
 2489      46696E61 
 2489      6C5F4173 
 2489      7369676E 
 2490 020c 6E00     		.ascii	"n\000"
 2491              	.LASF18:
 2492 020e 47656E65 		.ascii	"Generated_Source\\PSoC5\\cymetadata.c\000"
 2492      72617465 
 2492      645F536F 
 2492      75726365 
 2492      5C50536F 
 2493              		.ident	"GCC: (GNU Tools for ARM Embedded Processors) 5.4.1 20160609 (release) [ARM/embedded-5-bran
