ARM GAS  C:\Users\noemi\AppData\Local\Temp\ccjXbNsL.s 			page 1


   1              		.syntax unified
   2              		.cpu cortex-m3
   3              		.fpu softvfp
   4              		.eabi_attribute 20, 1
   5              		.eabi_attribute 21, 1
   6              		.eabi_attribute 23, 3
   7              		.eabi_attribute 24, 1
   8              		.eabi_attribute 25, 1
   9              		.eabi_attribute 26, 1
  10              		.eabi_attribute 30, 1
  11              		.eabi_attribute 34, 1
  12              		.eabi_attribute 18, 4
  13              		.thumb
  14              		.syntax unified
  15              		.file	"ISR.c"
  16              		.text
  17              	.Ltext0:
  18              		.cfi_sections	.debug_frame
  19              		.section	.text.Custom_Pin_ISR,"ax",%progbits
  20              		.align	2
  21              		.global	Custom_Pin_ISR
  22              		.thumb
  23              		.thumb_func
  24              		.type	Custom_Pin_ISR, %function
  25              	Custom_Pin_ISR:
  26              	.LFB64:
  27              		.file 1 "ISR.c"
   1:ISR.c         **** /* ========================================
   2:ISR.c         ****  *
   3:ISR.c         ****  * Copyright YOUR COMPANY, THE YEAR
   4:ISR.c         ****  * All Rights Reserved
   5:ISR.c         ****  * UNPUBLISHED, LICENSED SOFTWARE.
   6:ISR.c         ****  *
   7:ISR.c         ****  * CONFIDENTIAL AND PROPRIETARY INFORMATION
   8:ISR.c         ****  * WHICH IS THE PROPERTY OF your company.
   9:ISR.c         ****  *
  10:ISR.c         ****  * ========================================
  11:ISR.c         **** */
  12:ISR.c         **** #include "ISR.h"
  13:ISR.c         ****  
  14:ISR.c         **** #define DATA_BYTES 6
  15:ISR.c         **** 
  16:ISR.c         ****  
  17:ISR.c         **** 
  18:ISR.c         **** CY_ISR(Custom_Pin_ISR){
  28              		.loc 1 18 0
  29              		.cfi_startproc
  30              		@ args = 0, pretend = 0, frame = 0
  31              		@ frame_needed = 0, uses_anonymous_args = 0
  32 0000 08B5     		push	{r3, lr}
  33              		.cfi_def_cfa_offset 8
  34              		.cfi_offset 3, -8
  35              		.cfi_offset 14, -4
  19:ISR.c         ****     
  20:ISR.c         ****     Pin_1_ClearInterrupt();
  36              		.loc 1 20 0
  37 0002 FFF7FEFF 		bl	Pin_1_ClearInterrupt
ARM GAS  C:\Users\noemi\AppData\Local\Temp\ccjXbNsL.s 			page 2


  38              	.LVL0:
  21:ISR.c         ****     PacketReadyFlag = 1;
  39              		.loc 1 21 0
  40 0006 0122     		movs	r2, #1
  41 0008 014B     		ldr	r3, .L3
  42 000a 1A70     		strb	r2, [r3]
  43 000c 08BD     		pop	{r3, pc}
  44              	.L4:
  45 000e 00BF     		.align	2
  46              	.L3:
  47 0010 00000000 		.word	PacketReadyFlag
  48              		.cfi_endproc
  49              	.LFE64:
  50              		.size	Custom_Pin_ISR, .-Custom_Pin_ISR
  51              		.comm	PacketReadyFlag,1,1
  52              		.comm	AccData,6,4
  53              		.text
  54              	.Letext0:
  55              		.file 2 "c:\\program files (x86)\\cypress\\psoc creator\\4.3\\psoc creator\\import\\gnu\\arm\\5.4.
  56              		.file 3 "c:\\program files (x86)\\cypress\\psoc creator\\4.3\\psoc creator\\import\\gnu\\arm\\5.4.
  57              		.file 4 "Generated_Source\\PSoC5/core_cm3.h"
  58              		.file 5 "ISR.h"
  59              		.file 6 "Generated_Source\\PSoC5/Pin_1.h"
  60              		.section	.debug_info,"",%progbits
  61              	.Ldebug_info0:
  62 0000 29010000 		.4byte	0x129
  63 0004 0400     		.2byte	0x4
  64 0006 00000000 		.4byte	.Ldebug_abbrev0
  65 000a 04       		.byte	0x4
  66 000b 01       		.uleb128 0x1
  67 000c 3C000000 		.4byte	.LASF21
  68 0010 0C       		.byte	0xc
  69 0011 FC010000 		.4byte	.LASF22
  70 0015 1A010000 		.4byte	.LASF23
  71 0019 00000000 		.4byte	.Ldebug_ranges0+0
  72 001d 00000000 		.4byte	0
  73 0021 00000000 		.4byte	.Ldebug_line0
  74 0025 02       		.uleb128 0x2
  75 0026 01       		.byte	0x1
  76 0027 06       		.byte	0x6
  77 0028 E4010000 		.4byte	.LASF0
  78 002c 03       		.uleb128 0x3
  79 002d F3000000 		.4byte	.LASF4
  80 0031 02       		.byte	0x2
  81 0032 1D       		.byte	0x1d
  82 0033 37000000 		.4byte	0x37
  83 0037 02       		.uleb128 0x2
  84 0038 01       		.byte	0x1
  85 0039 08       		.byte	0x8
  86 003a 2E000000 		.4byte	.LASF1
  87 003e 02       		.uleb128 0x2
  88 003f 02       		.byte	0x2
  89 0040 05       		.byte	0x5
  90 0041 12020000 		.4byte	.LASF2
  91 0045 02       		.uleb128 0x2
  92 0046 02       		.byte	0x2
  93 0047 07       		.byte	0x7
ARM GAS  C:\Users\noemi\AppData\Local\Temp\ccjXbNsL.s 			page 3


  94 0048 0E000000 		.4byte	.LASF3
  95 004c 03       		.uleb128 0x3
  96 004d 02020000 		.4byte	.LASF5
  97 0051 02       		.byte	0x2
  98 0052 3F       		.byte	0x3f
  99 0053 57000000 		.4byte	0x57
 100 0057 02       		.uleb128 0x2
 101 0058 04       		.byte	0x4
 102 0059 05       		.byte	0x5
 103 005a AA010000 		.4byte	.LASF6
 104 005e 02       		.uleb128 0x2
 105 005f 04       		.byte	0x4
 106 0060 07       		.byte	0x7
 107 0061 CA000000 		.4byte	.LASF7
 108 0065 02       		.uleb128 0x2
 109 0066 08       		.byte	0x8
 110 0067 05       		.byte	0x5
 111 0068 00000000 		.4byte	.LASF8
 112 006c 02       		.uleb128 0x2
 113 006d 08       		.byte	0x8
 114 006e 07       		.byte	0x7
 115 006f DC000000 		.4byte	.LASF9
 116 0073 04       		.uleb128 0x4
 117 0074 04       		.byte	0x4
 118 0075 05       		.byte	0x5
 119 0076 696E7400 		.ascii	"int\000"
 120 007a 02       		.uleb128 0x2
 121 007b 04       		.byte	0x4
 122 007c 07       		.byte	0x7
 123 007d 21000000 		.4byte	.LASF10
 124 0081 03       		.uleb128 0x3
 125 0082 FD000000 		.4byte	.LASF11
 126 0086 03       		.byte	0x3
 127 0087 18       		.byte	0x18
 128 0088 2C000000 		.4byte	0x2c
 129 008c 03       		.uleb128 0x3
 130 008d 2B020000 		.4byte	.LASF12
 131 0091 03       		.byte	0x3
 132 0092 2C       		.byte	0x2c
 133 0093 4C000000 		.4byte	0x4c
 134 0097 02       		.uleb128 0x2
 135 0098 04       		.byte	0x4
 136 0099 04       		.byte	0x4
 137 009a 0C020000 		.4byte	.LASF13
 138 009e 02       		.uleb128 0x2
 139 009f 08       		.byte	0x8
 140 00a0 04       		.byte	0x4
 141 00a1 D0010000 		.4byte	.LASF14
 142 00a5 02       		.uleb128 0x2
 143 00a6 01       		.byte	0x1
 144 00a7 08       		.byte	0x8
 145 00a8 15010000 		.4byte	.LASF15
 146 00ac 02       		.uleb128 0x2
 147 00ad 08       		.byte	0x8
 148 00ae 04       		.byte	0x4
 149 00af F0010000 		.4byte	.LASF16
 150 00b3 02       		.uleb128 0x2
ARM GAS  C:\Users\noemi\AppData\Local\Temp\ccjXbNsL.s 			page 4


 151 00b4 04       		.byte	0x4
 152 00b5 07       		.byte	0x7
 153 00b6 33020000 		.4byte	.LASF17
 154 00ba 05       		.uleb128 0x5
 155 00bb 81000000 		.4byte	0x81
 156 00bf 06       		.uleb128 0x6
 157 00c0 1C020000 		.4byte	.LASF24
 158 00c4 01       		.byte	0x1
 159 00c5 12       		.byte	0x12
 160 00c6 00000000 		.4byte	.LFB64
 161 00ca 14000000 		.4byte	.LFE64-.LFB64
 162 00ce 01       		.uleb128 0x1
 163 00cf 9C       		.byte	0x9c
 164 00d0 DE000000 		.4byte	0xde
 165 00d4 07       		.uleb128 0x7
 166 00d5 06000000 		.4byte	.LVL0
 167 00d9 21010000 		.4byte	0x121
 168 00dd 00       		.byte	0
 169 00de 08       		.uleb128 0x8
 170 00df D7010000 		.4byte	.LASF18
 171 00e3 04       		.byte	0x4
 172 00e4 1207     		.2byte	0x712
 173 00e6 EA000000 		.4byte	0xea
 174 00ea 05       		.uleb128 0x5
 175 00eb 8C000000 		.4byte	0x8c
 176 00ef 09       		.uleb128 0x9
 177 00f0 81000000 		.4byte	0x81
 178 00f4 FF000000 		.4byte	0xff
 179 00f8 0A       		.uleb128 0xa
 180 00f9 B3000000 		.4byte	0xb3
 181 00fd 05       		.byte	0x5
 182 00fe 00       		.byte	0
 183 00ff 0B       		.uleb128 0xb
 184 0100 C8010000 		.4byte	.LASF19
 185 0104 05       		.byte	0x5
 186 0105 17       		.byte	0x17
 187 0106 EF000000 		.4byte	0xef
 188 010a 05       		.uleb128 0x5
 189 010b 03       		.byte	0x3
 190 010c 00000000 		.4byte	AccData
 191 0110 0B       		.uleb128 0xb
 192 0111 05010000 		.4byte	.LASF20
 193 0115 05       		.byte	0x5
 194 0116 18       		.byte	0x18
 195 0117 BA000000 		.4byte	0xba
 196 011b 05       		.uleb128 0x5
 197 011c 03       		.byte	0x3
 198 011d 00000000 		.4byte	PacketReadyFlag
 199 0121 0C       		.uleb128 0xc
 200 0122 B3010000 		.4byte	.LASF25
 201 0126 B3010000 		.4byte	.LASF25
 202 012a 06       		.byte	0x6
 203 012b 2B       		.byte	0x2b
 204 012c 00       		.byte	0
 205              		.section	.debug_abbrev,"",%progbits
 206              	.Ldebug_abbrev0:
 207 0000 01       		.uleb128 0x1
ARM GAS  C:\Users\noemi\AppData\Local\Temp\ccjXbNsL.s 			page 5


 208 0001 11       		.uleb128 0x11
 209 0002 01       		.byte	0x1
 210 0003 25       		.uleb128 0x25
 211 0004 0E       		.uleb128 0xe
 212 0005 13       		.uleb128 0x13
 213 0006 0B       		.uleb128 0xb
 214 0007 03       		.uleb128 0x3
 215 0008 0E       		.uleb128 0xe
 216 0009 1B       		.uleb128 0x1b
 217 000a 0E       		.uleb128 0xe
 218 000b 55       		.uleb128 0x55
 219 000c 17       		.uleb128 0x17
 220 000d 11       		.uleb128 0x11
 221 000e 01       		.uleb128 0x1
 222 000f 10       		.uleb128 0x10
 223 0010 17       		.uleb128 0x17
 224 0011 00       		.byte	0
 225 0012 00       		.byte	0
 226 0013 02       		.uleb128 0x2
 227 0014 24       		.uleb128 0x24
 228 0015 00       		.byte	0
 229 0016 0B       		.uleb128 0xb
 230 0017 0B       		.uleb128 0xb
 231 0018 3E       		.uleb128 0x3e
 232 0019 0B       		.uleb128 0xb
 233 001a 03       		.uleb128 0x3
 234 001b 0E       		.uleb128 0xe
 235 001c 00       		.byte	0
 236 001d 00       		.byte	0
 237 001e 03       		.uleb128 0x3
 238 001f 16       		.uleb128 0x16
 239 0020 00       		.byte	0
 240 0021 03       		.uleb128 0x3
 241 0022 0E       		.uleb128 0xe
 242 0023 3A       		.uleb128 0x3a
 243 0024 0B       		.uleb128 0xb
 244 0025 3B       		.uleb128 0x3b
 245 0026 0B       		.uleb128 0xb
 246 0027 49       		.uleb128 0x49
 247 0028 13       		.uleb128 0x13
 248 0029 00       		.byte	0
 249 002a 00       		.byte	0
 250 002b 04       		.uleb128 0x4
 251 002c 24       		.uleb128 0x24
 252 002d 00       		.byte	0
 253 002e 0B       		.uleb128 0xb
 254 002f 0B       		.uleb128 0xb
 255 0030 3E       		.uleb128 0x3e
 256 0031 0B       		.uleb128 0xb
 257 0032 03       		.uleb128 0x3
 258 0033 08       		.uleb128 0x8
 259 0034 00       		.byte	0
 260 0035 00       		.byte	0
 261 0036 05       		.uleb128 0x5
 262 0037 35       		.uleb128 0x35
 263 0038 00       		.byte	0
 264 0039 49       		.uleb128 0x49
ARM GAS  C:\Users\noemi\AppData\Local\Temp\ccjXbNsL.s 			page 6


 265 003a 13       		.uleb128 0x13
 266 003b 00       		.byte	0
 267 003c 00       		.byte	0
 268 003d 06       		.uleb128 0x6
 269 003e 2E       		.uleb128 0x2e
 270 003f 01       		.byte	0x1
 271 0040 3F       		.uleb128 0x3f
 272 0041 19       		.uleb128 0x19
 273 0042 03       		.uleb128 0x3
 274 0043 0E       		.uleb128 0xe
 275 0044 3A       		.uleb128 0x3a
 276 0045 0B       		.uleb128 0xb
 277 0046 3B       		.uleb128 0x3b
 278 0047 0B       		.uleb128 0xb
 279 0048 27       		.uleb128 0x27
 280 0049 19       		.uleb128 0x19
 281 004a 11       		.uleb128 0x11
 282 004b 01       		.uleb128 0x1
 283 004c 12       		.uleb128 0x12
 284 004d 06       		.uleb128 0x6
 285 004e 40       		.uleb128 0x40
 286 004f 18       		.uleb128 0x18
 287 0050 9742     		.uleb128 0x2117
 288 0052 19       		.uleb128 0x19
 289 0053 01       		.uleb128 0x1
 290 0054 13       		.uleb128 0x13
 291 0055 00       		.byte	0
 292 0056 00       		.byte	0
 293 0057 07       		.uleb128 0x7
 294 0058 898201   		.uleb128 0x4109
 295 005b 00       		.byte	0
 296 005c 11       		.uleb128 0x11
 297 005d 01       		.uleb128 0x1
 298 005e 31       		.uleb128 0x31
 299 005f 13       		.uleb128 0x13
 300 0060 00       		.byte	0
 301 0061 00       		.byte	0
 302 0062 08       		.uleb128 0x8
 303 0063 34       		.uleb128 0x34
 304 0064 00       		.byte	0
 305 0065 03       		.uleb128 0x3
 306 0066 0E       		.uleb128 0xe
 307 0067 3A       		.uleb128 0x3a
 308 0068 0B       		.uleb128 0xb
 309 0069 3B       		.uleb128 0x3b
 310 006a 05       		.uleb128 0x5
 311 006b 49       		.uleb128 0x49
 312 006c 13       		.uleb128 0x13
 313 006d 3F       		.uleb128 0x3f
 314 006e 19       		.uleb128 0x19
 315 006f 3C       		.uleb128 0x3c
 316 0070 19       		.uleb128 0x19
 317 0071 00       		.byte	0
 318 0072 00       		.byte	0
 319 0073 09       		.uleb128 0x9
 320 0074 01       		.uleb128 0x1
 321 0075 01       		.byte	0x1
ARM GAS  C:\Users\noemi\AppData\Local\Temp\ccjXbNsL.s 			page 7


 322 0076 49       		.uleb128 0x49
 323 0077 13       		.uleb128 0x13
 324 0078 01       		.uleb128 0x1
 325 0079 13       		.uleb128 0x13
 326 007a 00       		.byte	0
 327 007b 00       		.byte	0
 328 007c 0A       		.uleb128 0xa
 329 007d 21       		.uleb128 0x21
 330 007e 00       		.byte	0
 331 007f 49       		.uleb128 0x49
 332 0080 13       		.uleb128 0x13
 333 0081 2F       		.uleb128 0x2f
 334 0082 0B       		.uleb128 0xb
 335 0083 00       		.byte	0
 336 0084 00       		.byte	0
 337 0085 0B       		.uleb128 0xb
 338 0086 34       		.uleb128 0x34
 339 0087 00       		.byte	0
 340 0088 03       		.uleb128 0x3
 341 0089 0E       		.uleb128 0xe
 342 008a 3A       		.uleb128 0x3a
 343 008b 0B       		.uleb128 0xb
 344 008c 3B       		.uleb128 0x3b
 345 008d 0B       		.uleb128 0xb
 346 008e 49       		.uleb128 0x49
 347 008f 13       		.uleb128 0x13
 348 0090 3F       		.uleb128 0x3f
 349 0091 19       		.uleb128 0x19
 350 0092 02       		.uleb128 0x2
 351 0093 18       		.uleb128 0x18
 352 0094 00       		.byte	0
 353 0095 00       		.byte	0
 354 0096 0C       		.uleb128 0xc
 355 0097 2E       		.uleb128 0x2e
 356 0098 00       		.byte	0
 357 0099 3F       		.uleb128 0x3f
 358 009a 19       		.uleb128 0x19
 359 009b 3C       		.uleb128 0x3c
 360 009c 19       		.uleb128 0x19
 361 009d 6E       		.uleb128 0x6e
 362 009e 0E       		.uleb128 0xe
 363 009f 03       		.uleb128 0x3
 364 00a0 0E       		.uleb128 0xe
 365 00a1 3A       		.uleb128 0x3a
 366 00a2 0B       		.uleb128 0xb
 367 00a3 3B       		.uleb128 0x3b
 368 00a4 0B       		.uleb128 0xb
 369 00a5 00       		.byte	0
 370 00a6 00       		.byte	0
 371 00a7 00       		.byte	0
 372              		.section	.debug_aranges,"",%progbits
 373 0000 1C000000 		.4byte	0x1c
 374 0004 0200     		.2byte	0x2
 375 0006 00000000 		.4byte	.Ldebug_info0
 376 000a 04       		.byte	0x4
 377 000b 00       		.byte	0
 378 000c 0000     		.2byte	0
ARM GAS  C:\Users\noemi\AppData\Local\Temp\ccjXbNsL.s 			page 8


 379 000e 0000     		.2byte	0
 380 0010 00000000 		.4byte	.LFB64
 381 0014 14000000 		.4byte	.LFE64-.LFB64
 382 0018 00000000 		.4byte	0
 383 001c 00000000 		.4byte	0
 384              		.section	.debug_ranges,"",%progbits
 385              	.Ldebug_ranges0:
 386 0000 00000000 		.4byte	.LFB64
 387 0004 14000000 		.4byte	.LFE64
 388 0008 00000000 		.4byte	0
 389 000c 00000000 		.4byte	0
 390              		.section	.debug_line,"",%progbits
 391              	.Ldebug_line0:
 392 0000 69010000 		.section	.debug_str,"MS",%progbits,1
 392      02005201 
 392      00000201 
 392      FB0E0D00 
 392      01010101 
 393              	.LASF8:
 394 0000 6C6F6E67 		.ascii	"long long int\000"
 394      206C6F6E 
 394      6720696E 
 394      7400
 395              	.LASF3:
 396 000e 73686F72 		.ascii	"short unsigned int\000"
 396      7420756E 
 396      7369676E 
 396      65642069 
 396      6E7400
 397              	.LASF10:
 398 0021 756E7369 		.ascii	"unsigned int\000"
 398      676E6564 
 398      20696E74 
 398      00
 399              	.LASF1:
 400 002e 756E7369 		.ascii	"unsigned char\000"
 400      676E6564 
 400      20636861 
 400      7200
 401              	.LASF21:
 402 003c 474E5520 		.ascii	"GNU C11 5.4.1 20160609 (release) [ARM/embedded-5-br"
 402      43313120 
 402      352E342E 
 402      31203230 
 402      31363036 
 403 006f 616E6368 		.ascii	"anch revision 237715] -mcpu=cortex-m3 -mthumb -g -O"
 403      20726576 
 403      6973696F 
 403      6E203233 
 403      37373135 
 404 00a2 67202D66 		.ascii	"g -ffunction-sections -ffat-lto-objects\000"
 404      66756E63 
 404      74696F6E 
 404      2D736563 
 404      74696F6E 
 405              	.LASF7:
 406 00ca 6C6F6E67 		.ascii	"long unsigned int\000"
ARM GAS  C:\Users\noemi\AppData\Local\Temp\ccjXbNsL.s 			page 9


 406      20756E73 
 406      69676E65 
 406      6420696E 
 406      7400
 407              	.LASF9:
 408 00dc 6C6F6E67 		.ascii	"long long unsigned int\000"
 408      206C6F6E 
 408      6720756E 
 408      7369676E 
 408      65642069 
 409              	.LASF4:
 410 00f3 5F5F7569 		.ascii	"__uint8_t\000"
 410      6E74385F 
 410      7400
 411              	.LASF11:
 412 00fd 75696E74 		.ascii	"uint8_t\000"
 412      385F7400 
 413              	.LASF20:
 414 0105 5061636B 		.ascii	"PacketReadyFlag\000"
 414      65745265 
 414      61647946 
 414      6C616700 
 415              	.LASF15:
 416 0115 63686172 		.ascii	"char\000"
 416      00
 417              	.LASF23:
 418 011a 433A5C55 		.ascii	"C:\\Users\\noemi\\Desktop\\university\\university\\"
 418      73657273 
 418      5C6E6F65 
 418      6D695C44 
 418      65736B74 
 419 0147 706F6C69 		.ascii	"poli\\lab sensors\\final assignment\\Final-Assignme"
 419      5C6C6162 
 419      2073656E 
 419      736F7273 
 419      5C66696E 
 420 0177 6E742D50 		.ascii	"nt-PSoC\\Final_Assignment\\Final_assignment_01.cyds"
 420      536F435C 
 420      46696E61 
 420      6C5F4173 
 420      7369676E 
 421 01a8 6E00     		.ascii	"n\000"
 422              	.LASF6:
 423 01aa 6C6F6E67 		.ascii	"long int\000"
 423      20696E74 
 423      00
 424              	.LASF25:
 425 01b3 50696E5F 		.ascii	"Pin_1_ClearInterrupt\000"
 425      315F436C 
 425      65617249 
 425      6E746572 
 425      72757074 
 426              	.LASF19:
 427 01c8 41636344 		.ascii	"AccData\000"
 427      61746100 
 428              	.LASF14:
 429 01d0 646F7562 		.ascii	"double\000"
ARM GAS  C:\Users\noemi\AppData\Local\Temp\ccjXbNsL.s 			page 10


 429      6C6500
 430              	.LASF18:
 431 01d7 49544D5F 		.ascii	"ITM_RxBuffer\000"
 431      52784275 
 431      66666572 
 431      00
 432              	.LASF0:
 433 01e4 7369676E 		.ascii	"signed char\000"
 433      65642063 
 433      68617200 
 434              	.LASF16:
 435 01f0 6C6F6E67 		.ascii	"long double\000"
 435      20646F75 
 435      626C6500 
 436              	.LASF22:
 437 01fc 4953522E 		.ascii	"ISR.c\000"
 437      6300
 438              	.LASF5:
 439 0202 5F5F696E 		.ascii	"__int32_t\000"
 439      7433325F 
 439      7400
 440              	.LASF13:
 441 020c 666C6F61 		.ascii	"float\000"
 441      7400
 442              	.LASF2:
 443 0212 73686F72 		.ascii	"short int\000"
 443      7420696E 
 443      7400
 444              	.LASF24:
 445 021c 43757374 		.ascii	"Custom_Pin_ISR\000"
 445      6F6D5F50 
 445      696E5F49 
 445      535200
 446              	.LASF12:
 447 022b 696E7433 		.ascii	"int32_t\000"
 447      325F7400 
 448              	.LASF17:
 449 0233 73697A65 		.ascii	"sizetype\000"
 449      74797065 
 449      00
 450              		.ident	"GCC: (GNU Tools for ARM Embedded Processors) 5.4.1 20160609 (release) [ARM/embedded-5-bran
