ARM GAS  C:\Users\noemi\AppData\Local\Temp\ccoSsdXb.s 			page 1


   1              		.syntax unified
   2              		.cpu cortex-m3
   3              		.fpu softvfp
   4              		.eabi_attribute 20, 1
   5              		.eabi_attribute 21, 1
   6              		.eabi_attribute 23, 3
   7              		.eabi_attribute 24, 1
   8              		.eabi_attribute 25, 1
   9              		.eabi_attribute 26, 1
  10              		.eabi_attribute 30, 1
  11              		.eabi_attribute 34, 1
  12              		.eabi_attribute 18, 4
  13              		.thumb
  14              		.syntax unified
  15              		.file	"LIS3DH_SPI.c"
  16              		.text
  17              	.Ltext0:
  18              		.cfi_sections	.debug_frame
  19              		.section	.text.LIS3DH_readByte,"ax",%progbits
  20              		.align	2
  21              		.global	LIS3DH_readByte
  22              		.thumb
  23              		.thumb_func
  24              		.type	LIS3DH_readByte, %function
  25              	LIS3DH_readByte:
  26              	.LFB0:
  27              		.file 1 "LIS3DH_SPI.c"
   1:LIS3DH_SPI.c  **** /* ========================================
   2:LIS3DH_SPI.c  ****  *
   3:LIS3DH_SPI.c  ****  * Copyright YOUR COMPANY, THE YEAR
   4:LIS3DH_SPI.c  ****  * All Rights Reserved
   5:LIS3DH_SPI.c  ****  * UNPUBLISHED, LICENSED SOFTWARE.
   6:LIS3DH_SPI.c  ****  *
   7:LIS3DH_SPI.c  ****  * CONFIDENTIAL AND PROPRIETARY INFORMATION
   8:LIS3DH_SPI.c  ****  * WHICH IS THE PROPERTY OF your company.
   9:LIS3DH_SPI.c  ****  *
  10:LIS3DH_SPI.c  ****  * ========================================
  11:LIS3DH_SPI.c  **** */
  12:LIS3DH_SPI.c  **** #include "LIS3DH_SPI.h"
  13:LIS3DH_SPI.c  **** #include "LIS3DH.h"
  14:LIS3DH_SPI.c  **** 
  15:LIS3DH_SPI.c  **** 
  16:LIS3DH_SPI.c  **** /** ====== User-level Functions ====== **/
  17:LIS3DH_SPI.c  **** 
  18:LIS3DH_SPI.c  **** uint8_t LIS3DH_readByte(uint8_t addr) {
  28              		.loc 1 18 0
  29              		.cfi_startproc
  30              		@ args = 0, pretend = 0, frame = 8
  31              		@ frame_needed = 0, uses_anonymous_args = 0
  32              	.LVL0:
  33 0000 00B5     		push	{lr}
  34              		.cfi_def_cfa_offset 4
  35              		.cfi_offset 14, -4
  36 0002 85B0     		sub	sp, sp, #20
  37              		.cfi_def_cfa_offset 24
  19:LIS3DH_SPI.c  **** 
  20:LIS3DH_SPI.c  **** 	/* Prepare the TX data packet: instruction + address */
ARM GAS  C:\Users\noemi\AppData\Local\Temp\ccoSsdXb.s 			page 2


  21:LIS3DH_SPI.c  **** 
  22:LIS3DH_SPI.c  ****     uint8_t packet[1]={(SPI_LIS3DH_READ)|(addr & address_mask6)};
  38              		.loc 1 22 0
  39 0004 00F03F00 		and	r0, r0, #63
  40              	.LVL1:
  41 0008 60F07F00 		orn	r0, r0, #127
  42 000c 8DF80C00 		strb	r0, [sp, #12]
  23:LIS3DH_SPI.c  ****     
  24:LIS3DH_SPI.c  **** 	
  25:LIS3DH_SPI.c  **** 	
  26:LIS3DH_SPI.c  **** 	/* Prepare the RX byte */
  27:LIS3DH_SPI.c  **** 	uint8_t dataRX=0;
  43              		.loc 1 27 0
  44 0010 04AA     		add	r2, sp, #16
  45 0012 0023     		movs	r3, #0
  46 0014 02F8053D 		strb	r3, [r2, #-5]!
  28:LIS3DH_SPI.c  ****    
  29:LIS3DH_SPI.c  **** 	
  30:LIS3DH_SPI.c  **** 	/* Read 1 byte from addr */
  31:LIS3DH_SPI.c  ****     
  32:LIS3DH_SPI.c  **** 	SPI_Interface_Multi_RW(packet, 1, &dataRX, 1, CS_LIS3DH);
  47              		.loc 1 32 0
  48 0018 0121     		movs	r1, #1
  49 001a 0091     		str	r1, [sp]
  50 001c 0B46     		mov	r3, r1
  51 001e 03A8     		add	r0, sp, #12
  52 0020 FFF7FEFF 		bl	SPI_Interface_Multi_RW
  53              	.LVL2:
  33:LIS3DH_SPI.c  **** 	
  34:LIS3DH_SPI.c  **** 	return dataRX;
  35:LIS3DH_SPI.c  ****     
  36:LIS3DH_SPI.c  **** }
  54              		.loc 1 36 0
  55 0024 9DF80B00 		ldrb	r0, [sp, #11]	@ zero_extendqisi2
  56 0028 05B0     		add	sp, sp, #20
  57              		.cfi_def_cfa_offset 4
  58              		@ sp needed
  59 002a 5DF804FB 		ldr	pc, [sp], #4
  60              		.cfi_endproc
  61              	.LFE0:
  62              		.size	LIS3DH_readByte, .-LIS3DH_readByte
  63 002e 00BF     		.section	.text.LIS3DH_writeByte,"ax",%progbits
  64              		.align	2
  65              		.global	LIS3DH_writeByte
  66              		.thumb
  67              		.thumb_func
  68              		.type	LIS3DH_writeByte, %function
  69              	LIS3DH_writeByte:
  70              	.LFB1:
  37:LIS3DH_SPI.c  **** 
  38:LIS3DH_SPI.c  **** void LIS3DH_writeByte(uint8_t addr, uint8_t dataByte) {
  71              		.loc 1 38 0
  72              		.cfi_startproc
  73              		@ args = 0, pretend = 0, frame = 8
  74              		@ frame_needed = 0, uses_anonymous_args = 0
  75              	.LVL3:
  76 0000 00B5     		push	{lr}
ARM GAS  C:\Users\noemi\AppData\Local\Temp\ccoSsdXb.s 			page 3


  77              		.cfi_def_cfa_offset 4
  78              		.cfi_offset 14, -4
  79 0002 85B0     		sub	sp, sp, #20
  80              		.cfi_def_cfa_offset 24
  39:LIS3DH_SPI.c  ****     
  40:LIS3DH_SPI.c  ****     /* Enable WRITE operations */
  41:LIS3DH_SPI.c  **** //    EEPROM_writeEnable();
  42:LIS3DH_SPI.c  **** 
  43:LIS3DH_SPI.c  **** 	/* Prepare the TX packet */
  44:LIS3DH_SPI.c  ****     uint8_t dataTX[2] = {((SPI_LIS3DH_WRITE)|(addr & address_mask6)), dataByte};
  81              		.loc 1 44 0
  82 0004 00F03F00 		and	r0, r0, #63
  83              	.LVL4:
  84 0008 8DF80C00 		strb	r0, [sp, #12]
  85 000c 8DF80D10 		strb	r1, [sp, #13]
  45:LIS3DH_SPI.c  **** 	/* Nothing to RX... */
  46:LIS3DH_SPI.c  **** 	uint8_t temp = 0;
  86              		.loc 1 46 0
  87 0010 0023     		movs	r3, #0
  88 0012 04AA     		add	r2, sp, #16
  89 0014 02F8053D 		strb	r3, [r2, #-5]!
  47:LIS3DH_SPI.c  **** 	/* Write 1 byte to addr */
  48:LIS3DH_SPI.c  **** 	SPI_Interface_Multi_RW(dataTX, 2, &temp, 0, CS_LIS3DH);
  90              		.loc 1 48 0
  91 0018 0121     		movs	r1, #1
  92              	.LVL5:
  93 001a 0091     		str	r1, [sp]
  94 001c 0221     		movs	r1, #2
  95 001e 03A8     		add	r0, sp, #12
  96 0020 FFF7FEFF 		bl	SPI_Interface_Multi_RW
  97              	.LVL6:
  49:LIS3DH_SPI.c  **** 	    
  50:LIS3DH_SPI.c  **** }
  98              		.loc 1 50 0
  99 0024 05B0     		add	sp, sp, #20
 100              		.cfi_def_cfa_offset 4
 101              		@ sp needed
 102 0026 5DF804FB 		ldr	pc, [sp], #4
 103              		.cfi_endproc
 104              	.LFE1:
 105              		.size	LIS3DH_writeByte, .-LIS3DH_writeByte
 106 002a 00BF     		.section	.text.LIS3DH_readPage,"ax",%progbits
 107              		.align	2
 108              		.global	LIS3DH_readPage
 109              		.thumb
 110              		.thumb_func
 111              		.type	LIS3DH_readPage, %function
 112              	LIS3DH_readPage:
 113              	.LFB2:
  51:LIS3DH_SPI.c  **** 
  52:LIS3DH_SPI.c  **** 
  53:LIS3DH_SPI.c  **** void LIS3DH_readPage(uint8_t addr, uint8_t* dataRX, uint8_t nBytes) {
 114              		.loc 1 53 0
 115              		.cfi_startproc
 116              		@ args = 0, pretend = 0, frame = 8
 117              		@ frame_needed = 0, uses_anonymous_args = 0
 118              	.LVL7:
ARM GAS  C:\Users\noemi\AppData\Local\Temp\ccoSsdXb.s 			page 4


 119 0000 10B5     		push	{r4, lr}
 120              		.cfi_def_cfa_offset 8
 121              		.cfi_offset 4, -8
 122              		.cfi_offset 14, -4
 123 0002 84B0     		sub	sp, sp, #16
 124              		.cfi_def_cfa_offset 24
  54:LIS3DH_SPI.c  ****     
  55:LIS3DH_SPI.c  **** 	/* Prepare the TX data packet: instruction + address */
  56:LIS3DH_SPI.c  ****     uint8_t dataTX[1]={(SPI_LIS3DH_READ)|(SPI_LIS3DH_MS)|(addr & address_mask6)};
 125              		.loc 1 56 0
 126 0004 40F0C003 		orr	r3, r0, #192
 127 0008 04A8     		add	r0, sp, #16
 128              	.LVL8:
 129 000a 00F8043D 		strb	r3, [r0, #-4]!
  57:LIS3DH_SPI.c  ****     
  58:LIS3DH_SPI.c  **** 	
  59:LIS3DH_SPI.c  **** 	
  60:LIS3DH_SPI.c  **** 	/* Read the nBytes */
  61:LIS3DH_SPI.c  **** 	SPI_Interface_Multi_RW(dataTX, 1, dataRX, nBytes, CS_LIS3DH);
 130              		.loc 1 61 0
 131 000e 0124     		movs	r4, #1
 132 0010 0094     		str	r4, [sp]
 133 0012 1346     		mov	r3, r2
 134 0014 0A46     		mov	r2, r1
 135              	.LVL9:
 136 0016 2146     		mov	r1, r4
 137              	.LVL10:
 138 0018 FFF7FEFF 		bl	SPI_Interface_Multi_RW
 139              	.LVL11:
  62:LIS3DH_SPI.c  **** 		
  63:LIS3DH_SPI.c  **** }
 140              		.loc 1 63 0
 141 001c 04B0     		add	sp, sp, #16
 142              		.cfi_def_cfa_offset 8
 143              		@ sp needed
 144 001e 10BD     		pop	{r4, pc}
 145              		.cfi_endproc
 146              	.LFE2:
 147              		.size	LIS3DH_readPage, .-LIS3DH_readPage
 148              		.section	.text.LIS3DH_writePage,"ax",%progbits
 149              		.align	2
 150              		.global	LIS3DH_writePage
 151              		.thumb
 152              		.thumb_func
 153              		.type	LIS3DH_writePage, %function
 154              	LIS3DH_writePage:
 155              	.LFB3:
  64:LIS3DH_SPI.c  **** 
  65:LIS3DH_SPI.c  **** void LIS3DH_writePage(uint8_t addr, uint8_t* data, uint8_t nBytes) {
 156              		.loc 1 65 0
 157              		.cfi_startproc
 158              		@ args = 0, pretend = 0, frame = 8
 159              		@ frame_needed = 1, uses_anonymous_args = 0
 160              	.LVL12:
 161 0000 2DE9F043 		push	{r4, r5, r6, r7, r8, r9, lr}
 162              		.cfi_def_cfa_offset 28
 163              		.cfi_offset 4, -28
ARM GAS  C:\Users\noemi\AppData\Local\Temp\ccoSsdXb.s 			page 5


 164              		.cfi_offset 5, -24
 165              		.cfi_offset 6, -20
 166              		.cfi_offset 7, -16
 167              		.cfi_offset 8, -12
 168              		.cfi_offset 9, -8
 169              		.cfi_offset 14, -4
 170 0004 85B0     		sub	sp, sp, #20
 171              		.cfi_def_cfa_offset 48
 172 0006 02AF     		add	r7, sp, #8
 173              		.cfi_def_cfa 7, 40
 174 0008 0446     		mov	r4, r0
 175 000a 8946     		mov	r9, r1
 176 000c 1546     		mov	r5, r2
  66:LIS3DH_SPI.c  **** 	    
  67:LIS3DH_SPI.c  ****     CyDelayUs(1);
 177              		.loc 1 67 0
 178 000e 0120     		movs	r0, #1
 179              	.LVL13:
 180 0010 FFF7FEFF 		bl	CyDelayUs
 181              	.LVL14:
  68:LIS3DH_SPI.c  ****     
  69:LIS3DH_SPI.c  **** 	/* Prepare the TX packet of size nBytes+3 
  70:LIS3DH_SPI.c  ****        [ Write Instruction - Address MSB - Address LSB - +++data+++ ]
  71:LIS3DH_SPI.c  ****     */
  72:LIS3DH_SPI.c  **** 	uint8_t dataTX[1+nBytes];
 182              		.loc 1 72 0
 183 0014 05F10108 		add	r8, r5, #1
 184              	.LVL15:
 185 0018 05F10803 		add	r3, r5, #8
 186 001c 23F00703 		bic	r3, r3, #7
 187 0020 ADEB030D 		sub	sp, sp, r3
 188 0024 02AE     		add	r6, sp, #8
 189              	.LVL16:
  73:LIS3DH_SPI.c  ****     dataTX[0] = (SPI_LIS3DH_WRITE)|(SPI_LIS3DH_MS)|(addr & address_mask6);
 190              		.loc 1 73 0
 191 0026 04F03F04 		and	r4, r4, #63
 192 002a 44F04004 		orr	r4, r4, #64
 193 002e 8DF80840 		strb	r4, [sp, #8]
  74:LIS3DH_SPI.c  **** 
  75:LIS3DH_SPI.c  ****     /* Copy the input data in the memory */
  76:LIS3DH_SPI.c  **** 	memcpy(&dataTX[1], data, nBytes);
 194              		.loc 1 76 0
 195 0032 2A46     		mov	r2, r5
 196 0034 4946     		mov	r1, r9
 197 0036 0DF10900 		add	r0, sp, #9
 198 003a FFF7FEFF 		bl	memcpy
 199              	.LVL17:
  77:LIS3DH_SPI.c  **** 	
  78:LIS3DH_SPI.c  **** 	/* Nothing to RX: point to a dummy variable */
  79:LIS3DH_SPI.c  **** 	uint8_t temp = 0;
 200              		.loc 1 79 0
 201 003e 0023     		movs	r3, #0
 202 0040 07F10802 		add	r2, r7, #8
 203 0044 02F8013D 		strb	r3, [r2, #-1]!
  80:LIS3DH_SPI.c  **** 	
  81:LIS3DH_SPI.c  **** 	SPI_Interface_Multi_RW(dataTX, 1+nBytes, &temp, 0, CS_LIS3DH);
 204              		.loc 1 81 0
ARM GAS  C:\Users\noemi\AppData\Local\Temp\ccoSsdXb.s 			page 6


 205 0048 0121     		movs	r1, #1
 206 004a 0091     		str	r1, [sp]
 207 004c 5FFA88F1 		uxtb	r1, r8
 208 0050 3046     		mov	r0, r6
 209 0052 FFF7FEFF 		bl	SPI_Interface_Multi_RW
 210              	.LVL18:
  82:LIS3DH_SPI.c  **** 	
  83:LIS3DH_SPI.c  **** }
 211              		.loc 1 83 0
 212 0056 0C37     		adds	r7, r7, #12
 213              		.cfi_def_cfa_offset 28
 214 0058 BD46     		mov	sp, r7
 215              		.cfi_def_cfa_register 13
 216              		@ sp needed
 217 005a BDE8F083 		pop	{r4, r5, r6, r7, r8, r9, pc}
 218              		.cfi_endproc
 219              	.LFE3:
 220              		.size	LIS3DH_writePage, .-LIS3DH_writePage
 221 005e 00BF     		.text
 222              	.Letext0:
 223              		.file 2 "c:\\program files (x86)\\cypress\\psoc creator\\4.3\\psoc creator\\import\\gnu\\arm\\5.4.
 224              		.file 3 "c:\\program files (x86)\\cypress\\psoc creator\\4.3\\psoc creator\\import\\gnu\\arm\\5.4.
 225              		.file 4 "SPI_Interface.h"
 226              		.file 5 "Generated_Source\\PSoC5/CyLib.h"
 227              		.section	.debug_info,"",%progbits
 228              	.Ldebug_info0:
 229 0000 0A030000 		.4byte	0x30a
 230 0004 0400     		.2byte	0x4
 231 0006 00000000 		.4byte	.Ldebug_abbrev0
 232 000a 04       		.byte	0x4
 233 000b 01       		.uleb128 0x1
 234 000c 64000000 		.4byte	.LASF29
 235 0010 0C       		.byte	0xc
 236 0011 F2000000 		.4byte	.LASF30
 237 0015 F6010000 		.4byte	.LASF31
 238 0019 00000000 		.4byte	.Ldebug_ranges0+0
 239 001d 00000000 		.4byte	0
 240 0021 00000000 		.4byte	.Ldebug_line0
 241 0025 02       		.uleb128 0x2
 242 0026 01       		.byte	0x1
 243 0027 06       		.byte	0x6
 244 0028 E3010000 		.4byte	.LASF0
 245 002c 03       		.uleb128 0x3
 246 002d 10000000 		.4byte	.LASF9
 247 0031 02       		.byte	0x2
 248 0032 1D       		.byte	0x1d
 249 0033 37000000 		.4byte	0x37
 250 0037 02       		.uleb128 0x2
 251 0038 01       		.byte	0x1
 252 0039 08       		.byte	0x8
 253 003a 56000000 		.4byte	.LASF1
 254 003e 02       		.uleb128 0x2
 255 003f 02       		.byte	0x2
 256 0040 05       		.byte	0x5
 257 0041 9E010000 		.4byte	.LASF2
 258 0045 02       		.uleb128 0x2
 259 0046 02       		.byte	0x2
ARM GAS  C:\Users\noemi\AppData\Local\Temp\ccoSsdXb.s 			page 7


 260 0047 07       		.byte	0x7
 261 0048 21000000 		.4byte	.LASF3
 262 004c 02       		.uleb128 0x2
 263 004d 04       		.byte	0x4
 264 004e 05       		.byte	0x5
 265 004f C9010000 		.4byte	.LASF4
 266 0053 02       		.uleb128 0x2
 267 0054 04       		.byte	0x4
 268 0055 07       		.byte	0x7
 269 0056 FF000000 		.4byte	.LASF5
 270 005a 02       		.uleb128 0x2
 271 005b 08       		.byte	0x8
 272 005c 05       		.byte	0x5
 273 005d 89010000 		.4byte	.LASF6
 274 0061 02       		.uleb128 0x2
 275 0062 08       		.byte	0x8
 276 0063 07       		.byte	0x7
 277 0064 49010000 		.4byte	.LASF7
 278 0068 04       		.uleb128 0x4
 279 0069 04       		.byte	0x4
 280 006a 05       		.byte	0x5
 281 006b 696E7400 		.ascii	"int\000"
 282 006f 02       		.uleb128 0x2
 283 0070 04       		.byte	0x4
 284 0071 07       		.byte	0x7
 285 0072 3C010000 		.4byte	.LASF8
 286 0076 03       		.uleb128 0x3
 287 0077 60010000 		.4byte	.LASF10
 288 007b 03       		.byte	0x3
 289 007c 18       		.byte	0x18
 290 007d 2C000000 		.4byte	0x2c
 291 0081 02       		.uleb128 0x2
 292 0082 04       		.byte	0x4
 293 0083 04       		.byte	0x4
 294 0084 4B000000 		.4byte	.LASF11
 295 0088 02       		.uleb128 0x2
 296 0089 08       		.byte	0x8
 297 008a 04       		.byte	0x4
 298 008b 24010000 		.4byte	.LASF12
 299 008f 02       		.uleb128 0x2
 300 0090 01       		.byte	0x1
 301 0091 08       		.byte	0x8
 302 0092 D2010000 		.4byte	.LASF13
 303 0096 02       		.uleb128 0x2
 304 0097 08       		.byte	0x8
 305 0098 04       		.byte	0x4
 306 0099 D7010000 		.4byte	.LASF14
 307 009d 02       		.uleb128 0x2
 308 009e 04       		.byte	0x4
 309 009f 07       		.byte	0x7
 310 00a0 80010000 		.4byte	.LASF15
 311 00a4 05       		.uleb128 0x5
 312 00a5 00000000 		.4byte	.LASF32
 313 00a9 01       		.byte	0x1
 314 00aa 12       		.byte	0x12
 315 00ab 76000000 		.4byte	0x76
 316 00af 00000000 		.4byte	.LFB0
ARM GAS  C:\Users\noemi\AppData\Local\Temp\ccoSsdXb.s 			page 8


 317 00b3 2E000000 		.4byte	.LFE0-.LFB0
 318 00b7 01       		.uleb128 0x1
 319 00b8 9C       		.byte	0x9c
 320 00b9 0F010000 		.4byte	0x10f
 321 00bd 06       		.uleb128 0x6
 322 00be 16010000 		.4byte	.LASF18
 323 00c2 01       		.byte	0x1
 324 00c3 12       		.byte	0x12
 325 00c4 76000000 		.4byte	0x76
 326 00c8 00000000 		.4byte	.LLST0
 327 00cc 07       		.uleb128 0x7
 328 00cd 2B010000 		.4byte	.LASF16
 329 00d1 01       		.byte	0x1
 330 00d2 16       		.byte	0x16
 331 00d3 0F010000 		.4byte	0x10f
 332 00d7 02       		.uleb128 0x2
 333 00d8 91       		.byte	0x91
 334 00d9 74       		.sleb128 -12
 335 00da 07       		.uleb128 0x7
 336 00db 79010000 		.4byte	.LASF17
 337 00df 01       		.byte	0x1
 338 00e0 1B       		.byte	0x1b
 339 00e1 76000000 		.4byte	0x76
 340 00e5 02       		.uleb128 0x2
 341 00e6 91       		.byte	0x91
 342 00e7 73       		.sleb128 -13
 343 00e8 08       		.uleb128 0x8
 344 00e9 24000000 		.4byte	.LVL2
 345 00ed EE020000 		.4byte	0x2ee
 346 00f1 09       		.uleb128 0x9
 347 00f2 01       		.uleb128 0x1
 348 00f3 50       		.byte	0x50
 349 00f4 02       		.uleb128 0x2
 350 00f5 91       		.byte	0x91
 351 00f6 74       		.sleb128 -12
 352 00f7 09       		.uleb128 0x9
 353 00f8 01       		.uleb128 0x1
 354 00f9 51       		.byte	0x51
 355 00fa 01       		.uleb128 0x1
 356 00fb 31       		.byte	0x31
 357 00fc 09       		.uleb128 0x9
 358 00fd 01       		.uleb128 0x1
 359 00fe 52       		.byte	0x52
 360 00ff 02       		.uleb128 0x2
 361 0100 91       		.byte	0x91
 362 0101 73       		.sleb128 -13
 363 0102 09       		.uleb128 0x9
 364 0103 01       		.uleb128 0x1
 365 0104 53       		.byte	0x53
 366 0105 01       		.uleb128 0x1
 367 0106 31       		.byte	0x31
 368 0107 09       		.uleb128 0x9
 369 0108 02       		.uleb128 0x2
 370 0109 7D       		.byte	0x7d
 371 010a 00       		.sleb128 0
 372 010b 01       		.uleb128 0x1
 373 010c 31       		.byte	0x31
ARM GAS  C:\Users\noemi\AppData\Local\Temp\ccoSsdXb.s 			page 9


 374 010d 00       		.byte	0
 375 010e 00       		.byte	0
 376 010f 0A       		.uleb128 0xa
 377 0110 76000000 		.4byte	0x76
 378 0114 1F010000 		.4byte	0x11f
 379 0118 0B       		.uleb128 0xb
 380 0119 9D000000 		.4byte	0x9d
 381 011d 00       		.byte	0
 382 011e 00       		.byte	0
 383 011f 0C       		.uleb128 0xc
 384 0120 B8010000 		.4byte	.LASF22
 385 0124 01       		.byte	0x1
 386 0125 26       		.byte	0x26
 387 0126 00000000 		.4byte	.LFB1
 388 012a 2A000000 		.4byte	.LFE1-.LFB1
 389 012e 01       		.uleb128 0x1
 390 012f 9C       		.byte	0x9c
 391 0130 95010000 		.4byte	0x195
 392 0134 06       		.uleb128 0x6
 393 0135 16010000 		.4byte	.LASF18
 394 0139 01       		.byte	0x1
 395 013a 26       		.byte	0x26
 396 013b 76000000 		.4byte	0x76
 397 013f 21000000 		.4byte	.LLST1
 398 0143 06       		.uleb128 0x6
 399 0144 1B010000 		.4byte	.LASF19
 400 0148 01       		.byte	0x1
 401 0149 26       		.byte	0x26
 402 014a 76000000 		.4byte	0x76
 403 014e 42000000 		.4byte	.LLST2
 404 0152 07       		.uleb128 0x7
 405 0153 EF010000 		.4byte	.LASF20
 406 0157 01       		.byte	0x1
 407 0158 2C       		.byte	0x2c
 408 0159 95010000 		.4byte	0x195
 409 015d 02       		.uleb128 0x2
 410 015e 91       		.byte	0x91
 411 015f 74       		.sleb128 -12
 412 0160 07       		.uleb128 0x7
 413 0161 11010000 		.4byte	.LASF21
 414 0165 01       		.byte	0x1
 415 0166 2E       		.byte	0x2e
 416 0167 76000000 		.4byte	0x76
 417 016b 02       		.uleb128 0x2
 418 016c 91       		.byte	0x91
 419 016d 73       		.sleb128 -13
 420 016e 08       		.uleb128 0x8
 421 016f 24000000 		.4byte	.LVL6
 422 0173 EE020000 		.4byte	0x2ee
 423 0177 09       		.uleb128 0x9
 424 0178 01       		.uleb128 0x1
 425 0179 50       		.byte	0x50
 426 017a 02       		.uleb128 0x2
 427 017b 91       		.byte	0x91
 428 017c 74       		.sleb128 -12
 429 017d 09       		.uleb128 0x9
 430 017e 01       		.uleb128 0x1
ARM GAS  C:\Users\noemi\AppData\Local\Temp\ccoSsdXb.s 			page 10


 431 017f 51       		.byte	0x51
 432 0180 01       		.uleb128 0x1
 433 0181 32       		.byte	0x32
 434 0182 09       		.uleb128 0x9
 435 0183 01       		.uleb128 0x1
 436 0184 52       		.byte	0x52
 437 0185 02       		.uleb128 0x2
 438 0186 91       		.byte	0x91
 439 0187 73       		.sleb128 -13
 440 0188 09       		.uleb128 0x9
 441 0189 01       		.uleb128 0x1
 442 018a 53       		.byte	0x53
 443 018b 01       		.uleb128 0x1
 444 018c 30       		.byte	0x30
 445 018d 09       		.uleb128 0x9
 446 018e 02       		.uleb128 0x2
 447 018f 7D       		.byte	0x7d
 448 0190 00       		.sleb128 0
 449 0191 01       		.uleb128 0x1
 450 0192 31       		.byte	0x31
 451 0193 00       		.byte	0
 452 0194 00       		.byte	0
 453 0195 0A       		.uleb128 0xa
 454 0196 76000000 		.4byte	0x76
 455 019a A5010000 		.4byte	0x1a5
 456 019e 0B       		.uleb128 0xb
 457 019f 9D000000 		.4byte	0x9d
 458 01a3 01       		.byte	0x1
 459 01a4 00       		.byte	0
 460 01a5 0C       		.uleb128 0xc
 461 01a6 A8010000 		.4byte	.LASF23
 462 01aa 01       		.byte	0x1
 463 01ab 35       		.byte	0x35
 464 01ac 00000000 		.4byte	.LFB2
 465 01b0 20000000 		.4byte	.LFE2-.LFB2
 466 01b4 01       		.uleb128 0x1
 467 01b5 9C       		.byte	0x9c
 468 01b6 1A020000 		.4byte	0x21a
 469 01ba 06       		.uleb128 0x6
 470 01bb 16010000 		.4byte	.LASF18
 471 01bf 01       		.byte	0x1
 472 01c0 35       		.byte	0x35
 473 01c1 76000000 		.4byte	0x76
 474 01c5 6F000000 		.4byte	.LLST3
 475 01c9 06       		.uleb128 0x6
 476 01ca 79010000 		.4byte	.LASF17
 477 01ce 01       		.byte	0x1
 478 01cf 35       		.byte	0x35
 479 01d0 1A020000 		.4byte	0x21a
 480 01d4 90000000 		.4byte	.LLST4
 481 01d8 06       		.uleb128 0x6
 482 01d9 1A000000 		.4byte	.LASF24
 483 01dd 01       		.byte	0x1
 484 01de 35       		.byte	0x35
 485 01df 76000000 		.4byte	0x76
 486 01e3 BC000000 		.4byte	.LLST5
 487 01e7 07       		.uleb128 0x7
ARM GAS  C:\Users\noemi\AppData\Local\Temp\ccoSsdXb.s 			page 11


 488 01e8 EF010000 		.4byte	.LASF20
 489 01ec 01       		.byte	0x1
 490 01ed 38       		.byte	0x38
 491 01ee 0F010000 		.4byte	0x10f
 492 01f2 02       		.uleb128 0x2
 493 01f3 91       		.byte	0x91
 494 01f4 74       		.sleb128 -12
 495 01f5 08       		.uleb128 0x8
 496 01f6 1C000000 		.4byte	.LVL11
 497 01fa EE020000 		.4byte	0x2ee
 498 01fe 09       		.uleb128 0x9
 499 01ff 01       		.uleb128 0x1
 500 0200 50       		.byte	0x50
 501 0201 02       		.uleb128 0x2
 502 0202 91       		.byte	0x91
 503 0203 74       		.sleb128 -12
 504 0204 09       		.uleb128 0x9
 505 0205 01       		.uleb128 0x1
 506 0206 51       		.byte	0x51
 507 0207 02       		.uleb128 0x2
 508 0208 74       		.byte	0x74
 509 0209 00       		.sleb128 0
 510 020a 09       		.uleb128 0x9
 511 020b 01       		.uleb128 0x1
 512 020c 52       		.byte	0x52
 513 020d 03       		.uleb128 0x3
 514 020e F3       		.byte	0xf3
 515 020f 01       		.uleb128 0x1
 516 0210 51       		.byte	0x51
 517 0211 09       		.uleb128 0x9
 518 0212 02       		.uleb128 0x2
 519 0213 7D       		.byte	0x7d
 520 0214 00       		.sleb128 0
 521 0215 02       		.uleb128 0x2
 522 0216 74       		.byte	0x74
 523 0217 00       		.sleb128 0
 524 0218 00       		.byte	0
 525 0219 00       		.byte	0
 526 021a 0D       		.uleb128 0xd
 527 021b 04       		.byte	0x4
 528 021c 76000000 		.4byte	0x76
 529 0220 0C       		.uleb128 0xc
 530 0221 68010000 		.4byte	.LASF25
 531 0225 01       		.byte	0x1
 532 0226 41       		.byte	0x41
 533 0227 00000000 		.4byte	.LFB3
 534 022b 5E000000 		.4byte	.LFE3-.LFB3
 535 022f 01       		.uleb128 0x1
 536 0230 9C       		.byte	0x9c
 537 0231 D9020000 		.4byte	0x2d9
 538 0235 06       		.uleb128 0x6
 539 0236 16010000 		.4byte	.LASF18
 540 023a 01       		.byte	0x1
 541 023b 41       		.byte	0x41
 542 023c 76000000 		.4byte	0x76
 543 0240 DD000000 		.4byte	.LLST6
 544 0244 06       		.uleb128 0x6
ARM GAS  C:\Users\noemi\AppData\Local\Temp\ccoSsdXb.s 			page 12


 545 0245 51000000 		.4byte	.LASF26
 546 0249 01       		.byte	0x1
 547 024a 41       		.byte	0x41
 548 024b 1A020000 		.4byte	0x21a
 549 024f FE000000 		.4byte	.LLST7
 550 0253 06       		.uleb128 0x6
 551 0254 1A000000 		.4byte	.LASF24
 552 0258 01       		.byte	0x1
 553 0259 41       		.byte	0x41
 554 025a 76000000 		.4byte	0x76
 555 025e 1C010000 		.4byte	.LLST8
 556 0262 07       		.uleb128 0x7
 557 0263 EF010000 		.4byte	.LASF20
 558 0267 01       		.byte	0x1
 559 0268 48       		.byte	0x48
 560 0269 D9020000 		.4byte	0x2d9
 561 026d 02       		.uleb128 0x2
 562 026e 76       		.byte	0x76
 563 026f 00       		.sleb128 0
 564 0270 07       		.uleb128 0x7
 565 0271 11010000 		.4byte	.LASF21
 566 0275 01       		.byte	0x1
 567 0276 4F       		.byte	0x4f
 568 0277 76000000 		.4byte	0x76
 569 027b 02       		.uleb128 0x2
 570 027c 91       		.byte	0x91
 571 027d 5F       		.sleb128 -33
 572 027e 0E       		.uleb128 0xe
 573 027f 14000000 		.4byte	.LVL14
 574 0283 F9020000 		.4byte	0x2f9
 575 0287 91020000 		.4byte	0x291
 576 028b 09       		.uleb128 0x9
 577 028c 01       		.uleb128 0x1
 578 028d 50       		.byte	0x50
 579 028e 01       		.uleb128 0x1
 580 028f 31       		.byte	0x31
 581 0290 00       		.byte	0
 582 0291 0E       		.uleb128 0xe
 583 0292 3E000000 		.4byte	.LVL17
 584 0296 04030000 		.4byte	0x304
 585 029a B1020000 		.4byte	0x2b1
 586 029e 09       		.uleb128 0x9
 587 029f 01       		.uleb128 0x1
 588 02a0 50       		.byte	0x50
 589 02a1 02       		.uleb128 0x2
 590 02a2 7D       		.byte	0x7d
 591 02a3 09       		.sleb128 9
 592 02a4 09       		.uleb128 0x9
 593 02a5 01       		.uleb128 0x1
 594 02a6 51       		.byte	0x51
 595 02a7 02       		.uleb128 0x2
 596 02a8 79       		.byte	0x79
 597 02a9 00       		.sleb128 0
 598 02aa 09       		.uleb128 0x9
 599 02ab 01       		.uleb128 0x1
 600 02ac 52       		.byte	0x52
 601 02ad 02       		.uleb128 0x2
ARM GAS  C:\Users\noemi\AppData\Local\Temp\ccoSsdXb.s 			page 13


 602 02ae 75       		.byte	0x75
 603 02af 00       		.sleb128 0
 604 02b0 00       		.byte	0
 605 02b1 08       		.uleb128 0x8
 606 02b2 56000000 		.4byte	.LVL18
 607 02b6 EE020000 		.4byte	0x2ee
 608 02ba 09       		.uleb128 0x9
 609 02bb 01       		.uleb128 0x1
 610 02bc 50       		.byte	0x50
 611 02bd 02       		.uleb128 0x2
 612 02be 76       		.byte	0x76
 613 02bf 00       		.sleb128 0
 614 02c0 09       		.uleb128 0x9
 615 02c1 01       		.uleb128 0x1
 616 02c2 51       		.byte	0x51
 617 02c3 02       		.uleb128 0x2
 618 02c4 78       		.byte	0x78
 619 02c5 00       		.sleb128 0
 620 02c6 09       		.uleb128 0x9
 621 02c7 01       		.uleb128 0x1
 622 02c8 52       		.byte	0x52
 623 02c9 02       		.uleb128 0x2
 624 02ca 77       		.byte	0x77
 625 02cb 1F       		.sleb128 31
 626 02cc 09       		.uleb128 0x9
 627 02cd 01       		.uleb128 0x1
 628 02ce 53       		.byte	0x53
 629 02cf 01       		.uleb128 0x1
 630 02d0 30       		.byte	0x30
 631 02d1 09       		.uleb128 0x9
 632 02d2 02       		.uleb128 0x2
 633 02d3 7D       		.byte	0x7d
 634 02d4 00       		.sleb128 0
 635 02d5 01       		.uleb128 0x1
 636 02d6 31       		.byte	0x31
 637 02d7 00       		.byte	0
 638 02d8 00       		.byte	0
 639 02d9 0A       		.uleb128 0xa
 640 02da 76000000 		.4byte	0x76
 641 02de EE020000 		.4byte	0x2ee
 642 02e2 0F       		.uleb128 0xf
 643 02e3 9D000000 		.4byte	0x9d
 644 02e7 05       		.uleb128 0x5
 645 02e8 75       		.byte	0x75
 646 02e9 00       		.sleb128 0
 647 02ea 08       		.byte	0x8
 648 02eb FF       		.byte	0xff
 649 02ec 1A       		.byte	0x1a
 650 02ed 00       		.byte	0
 651 02ee 10       		.uleb128 0x10
 652 02ef 34000000 		.4byte	.LASF27
 653 02f3 34000000 		.4byte	.LASF27
 654 02f7 04       		.byte	0x4
 655 02f8 58       		.byte	0x58
 656 02f9 10       		.uleb128 0x10
 657 02fa 32010000 		.4byte	.LASF28
 658 02fe 32010000 		.4byte	.LASF28
ARM GAS  C:\Users\noemi\AppData\Local\Temp\ccoSsdXb.s 			page 14


 659 0302 05       		.byte	0x5
 660 0303 77       		.byte	0x77
 661 0304 11       		.uleb128 0x11
 662 0305 97010000 		.4byte	.LASF33
 663 0309 97010000 		.4byte	.LASF33
 664 030d 00       		.byte	0
 665              		.section	.debug_abbrev,"",%progbits
 666              	.Ldebug_abbrev0:
 667 0000 01       		.uleb128 0x1
 668 0001 11       		.uleb128 0x11
 669 0002 01       		.byte	0x1
 670 0003 25       		.uleb128 0x25
 671 0004 0E       		.uleb128 0xe
 672 0005 13       		.uleb128 0x13
 673 0006 0B       		.uleb128 0xb
 674 0007 03       		.uleb128 0x3
 675 0008 0E       		.uleb128 0xe
 676 0009 1B       		.uleb128 0x1b
 677 000a 0E       		.uleb128 0xe
 678 000b 55       		.uleb128 0x55
 679 000c 17       		.uleb128 0x17
 680 000d 11       		.uleb128 0x11
 681 000e 01       		.uleb128 0x1
 682 000f 10       		.uleb128 0x10
 683 0010 17       		.uleb128 0x17
 684 0011 00       		.byte	0
 685 0012 00       		.byte	0
 686 0013 02       		.uleb128 0x2
 687 0014 24       		.uleb128 0x24
 688 0015 00       		.byte	0
 689 0016 0B       		.uleb128 0xb
 690 0017 0B       		.uleb128 0xb
 691 0018 3E       		.uleb128 0x3e
 692 0019 0B       		.uleb128 0xb
 693 001a 03       		.uleb128 0x3
 694 001b 0E       		.uleb128 0xe
 695 001c 00       		.byte	0
 696 001d 00       		.byte	0
 697 001e 03       		.uleb128 0x3
 698 001f 16       		.uleb128 0x16
 699 0020 00       		.byte	0
 700 0021 03       		.uleb128 0x3
 701 0022 0E       		.uleb128 0xe
 702 0023 3A       		.uleb128 0x3a
 703 0024 0B       		.uleb128 0xb
 704 0025 3B       		.uleb128 0x3b
 705 0026 0B       		.uleb128 0xb
 706 0027 49       		.uleb128 0x49
 707 0028 13       		.uleb128 0x13
 708 0029 00       		.byte	0
 709 002a 00       		.byte	0
 710 002b 04       		.uleb128 0x4
 711 002c 24       		.uleb128 0x24
 712 002d 00       		.byte	0
 713 002e 0B       		.uleb128 0xb
 714 002f 0B       		.uleb128 0xb
 715 0030 3E       		.uleb128 0x3e
ARM GAS  C:\Users\noemi\AppData\Local\Temp\ccoSsdXb.s 			page 15


 716 0031 0B       		.uleb128 0xb
 717 0032 03       		.uleb128 0x3
 718 0033 08       		.uleb128 0x8
 719 0034 00       		.byte	0
 720 0035 00       		.byte	0
 721 0036 05       		.uleb128 0x5
 722 0037 2E       		.uleb128 0x2e
 723 0038 01       		.byte	0x1
 724 0039 3F       		.uleb128 0x3f
 725 003a 19       		.uleb128 0x19
 726 003b 03       		.uleb128 0x3
 727 003c 0E       		.uleb128 0xe
 728 003d 3A       		.uleb128 0x3a
 729 003e 0B       		.uleb128 0xb
 730 003f 3B       		.uleb128 0x3b
 731 0040 0B       		.uleb128 0xb
 732 0041 27       		.uleb128 0x27
 733 0042 19       		.uleb128 0x19
 734 0043 49       		.uleb128 0x49
 735 0044 13       		.uleb128 0x13
 736 0045 11       		.uleb128 0x11
 737 0046 01       		.uleb128 0x1
 738 0047 12       		.uleb128 0x12
 739 0048 06       		.uleb128 0x6
 740 0049 40       		.uleb128 0x40
 741 004a 18       		.uleb128 0x18
 742 004b 9742     		.uleb128 0x2117
 743 004d 19       		.uleb128 0x19
 744 004e 01       		.uleb128 0x1
 745 004f 13       		.uleb128 0x13
 746 0050 00       		.byte	0
 747 0051 00       		.byte	0
 748 0052 06       		.uleb128 0x6
 749 0053 05       		.uleb128 0x5
 750 0054 00       		.byte	0
 751 0055 03       		.uleb128 0x3
 752 0056 0E       		.uleb128 0xe
 753 0057 3A       		.uleb128 0x3a
 754 0058 0B       		.uleb128 0xb
 755 0059 3B       		.uleb128 0x3b
 756 005a 0B       		.uleb128 0xb
 757 005b 49       		.uleb128 0x49
 758 005c 13       		.uleb128 0x13
 759 005d 02       		.uleb128 0x2
 760 005e 17       		.uleb128 0x17
 761 005f 00       		.byte	0
 762 0060 00       		.byte	0
 763 0061 07       		.uleb128 0x7
 764 0062 34       		.uleb128 0x34
 765 0063 00       		.byte	0
 766 0064 03       		.uleb128 0x3
 767 0065 0E       		.uleb128 0xe
 768 0066 3A       		.uleb128 0x3a
 769 0067 0B       		.uleb128 0xb
 770 0068 3B       		.uleb128 0x3b
 771 0069 0B       		.uleb128 0xb
 772 006a 49       		.uleb128 0x49
ARM GAS  C:\Users\noemi\AppData\Local\Temp\ccoSsdXb.s 			page 16


 773 006b 13       		.uleb128 0x13
 774 006c 02       		.uleb128 0x2
 775 006d 18       		.uleb128 0x18
 776 006e 00       		.byte	0
 777 006f 00       		.byte	0
 778 0070 08       		.uleb128 0x8
 779 0071 898201   		.uleb128 0x4109
 780 0074 01       		.byte	0x1
 781 0075 11       		.uleb128 0x11
 782 0076 01       		.uleb128 0x1
 783 0077 31       		.uleb128 0x31
 784 0078 13       		.uleb128 0x13
 785 0079 00       		.byte	0
 786 007a 00       		.byte	0
 787 007b 09       		.uleb128 0x9
 788 007c 8A8201   		.uleb128 0x410a
 789 007f 00       		.byte	0
 790 0080 02       		.uleb128 0x2
 791 0081 18       		.uleb128 0x18
 792 0082 9142     		.uleb128 0x2111
 793 0084 18       		.uleb128 0x18
 794 0085 00       		.byte	0
 795 0086 00       		.byte	0
 796 0087 0A       		.uleb128 0xa
 797 0088 01       		.uleb128 0x1
 798 0089 01       		.byte	0x1
 799 008a 49       		.uleb128 0x49
 800 008b 13       		.uleb128 0x13
 801 008c 01       		.uleb128 0x1
 802 008d 13       		.uleb128 0x13
 803 008e 00       		.byte	0
 804 008f 00       		.byte	0
 805 0090 0B       		.uleb128 0xb
 806 0091 21       		.uleb128 0x21
 807 0092 00       		.byte	0
 808 0093 49       		.uleb128 0x49
 809 0094 13       		.uleb128 0x13
 810 0095 2F       		.uleb128 0x2f
 811 0096 0B       		.uleb128 0xb
 812 0097 00       		.byte	0
 813 0098 00       		.byte	0
 814 0099 0C       		.uleb128 0xc
 815 009a 2E       		.uleb128 0x2e
 816 009b 01       		.byte	0x1
 817 009c 3F       		.uleb128 0x3f
 818 009d 19       		.uleb128 0x19
 819 009e 03       		.uleb128 0x3
 820 009f 0E       		.uleb128 0xe
 821 00a0 3A       		.uleb128 0x3a
 822 00a1 0B       		.uleb128 0xb
 823 00a2 3B       		.uleb128 0x3b
 824 00a3 0B       		.uleb128 0xb
 825 00a4 27       		.uleb128 0x27
 826 00a5 19       		.uleb128 0x19
 827 00a6 11       		.uleb128 0x11
 828 00a7 01       		.uleb128 0x1
 829 00a8 12       		.uleb128 0x12
ARM GAS  C:\Users\noemi\AppData\Local\Temp\ccoSsdXb.s 			page 17


 830 00a9 06       		.uleb128 0x6
 831 00aa 40       		.uleb128 0x40
 832 00ab 18       		.uleb128 0x18
 833 00ac 9742     		.uleb128 0x2117
 834 00ae 19       		.uleb128 0x19
 835 00af 01       		.uleb128 0x1
 836 00b0 13       		.uleb128 0x13
 837 00b1 00       		.byte	0
 838 00b2 00       		.byte	0
 839 00b3 0D       		.uleb128 0xd
 840 00b4 0F       		.uleb128 0xf
 841 00b5 00       		.byte	0
 842 00b6 0B       		.uleb128 0xb
 843 00b7 0B       		.uleb128 0xb
 844 00b8 49       		.uleb128 0x49
 845 00b9 13       		.uleb128 0x13
 846 00ba 00       		.byte	0
 847 00bb 00       		.byte	0
 848 00bc 0E       		.uleb128 0xe
 849 00bd 898201   		.uleb128 0x4109
 850 00c0 01       		.byte	0x1
 851 00c1 11       		.uleb128 0x11
 852 00c2 01       		.uleb128 0x1
 853 00c3 31       		.uleb128 0x31
 854 00c4 13       		.uleb128 0x13
 855 00c5 01       		.uleb128 0x1
 856 00c6 13       		.uleb128 0x13
 857 00c7 00       		.byte	0
 858 00c8 00       		.byte	0
 859 00c9 0F       		.uleb128 0xf
 860 00ca 21       		.uleb128 0x21
 861 00cb 00       		.byte	0
 862 00cc 49       		.uleb128 0x49
 863 00cd 13       		.uleb128 0x13
 864 00ce 2F       		.uleb128 0x2f
 865 00cf 18       		.uleb128 0x18
 866 00d0 00       		.byte	0
 867 00d1 00       		.byte	0
 868 00d2 10       		.uleb128 0x10
 869 00d3 2E       		.uleb128 0x2e
 870 00d4 00       		.byte	0
 871 00d5 3F       		.uleb128 0x3f
 872 00d6 19       		.uleb128 0x19
 873 00d7 3C       		.uleb128 0x3c
 874 00d8 19       		.uleb128 0x19
 875 00d9 6E       		.uleb128 0x6e
 876 00da 0E       		.uleb128 0xe
 877 00db 03       		.uleb128 0x3
 878 00dc 0E       		.uleb128 0xe
 879 00dd 3A       		.uleb128 0x3a
 880 00de 0B       		.uleb128 0xb
 881 00df 3B       		.uleb128 0x3b
 882 00e0 0B       		.uleb128 0xb
 883 00e1 00       		.byte	0
 884 00e2 00       		.byte	0
 885 00e3 11       		.uleb128 0x11
 886 00e4 2E       		.uleb128 0x2e
ARM GAS  C:\Users\noemi\AppData\Local\Temp\ccoSsdXb.s 			page 18


 887 00e5 00       		.byte	0
 888 00e6 3F       		.uleb128 0x3f
 889 00e7 19       		.uleb128 0x19
 890 00e8 3C       		.uleb128 0x3c
 891 00e9 19       		.uleb128 0x19
 892 00ea 6E       		.uleb128 0x6e
 893 00eb 0E       		.uleb128 0xe
 894 00ec 03       		.uleb128 0x3
 895 00ed 0E       		.uleb128 0xe
 896 00ee 00       		.byte	0
 897 00ef 00       		.byte	0
 898 00f0 00       		.byte	0
 899              		.section	.debug_loc,"",%progbits
 900              	.Ldebug_loc0:
 901              	.LLST0:
 902 0000 00000000 		.4byte	.LVL0
 903 0004 08000000 		.4byte	.LVL1
 904 0008 0100     		.2byte	0x1
 905 000a 50       		.byte	0x50
 906 000b 08000000 		.4byte	.LVL1
 907 000f 2E000000 		.4byte	.LFE0
 908 0013 0400     		.2byte	0x4
 909 0015 F3       		.byte	0xf3
 910 0016 01       		.uleb128 0x1
 911 0017 50       		.byte	0x50
 912 0018 9F       		.byte	0x9f
 913 0019 00000000 		.4byte	0
 914 001d 00000000 		.4byte	0
 915              	.LLST1:
 916 0021 00000000 		.4byte	.LVL3
 917 0025 08000000 		.4byte	.LVL4
 918 0029 0100     		.2byte	0x1
 919 002b 50       		.byte	0x50
 920 002c 08000000 		.4byte	.LVL4
 921 0030 2A000000 		.4byte	.LFE1
 922 0034 0400     		.2byte	0x4
 923 0036 F3       		.byte	0xf3
 924 0037 01       		.uleb128 0x1
 925 0038 50       		.byte	0x50
 926 0039 9F       		.byte	0x9f
 927 003a 00000000 		.4byte	0
 928 003e 00000000 		.4byte	0
 929              	.LLST2:
 930 0042 00000000 		.4byte	.LVL3
 931 0046 1A000000 		.4byte	.LVL5
 932 004a 0100     		.2byte	0x1
 933 004c 51       		.byte	0x51
 934 004d 1A000000 		.4byte	.LVL5
 935 0051 23000000 		.4byte	.LVL6-1
 936 0055 0200     		.2byte	0x2
 937 0057 91       		.byte	0x91
 938 0058 75       		.sleb128 -11
 939 0059 23000000 		.4byte	.LVL6-1
 940 005d 2A000000 		.4byte	.LFE1
 941 0061 0400     		.2byte	0x4
 942 0063 F3       		.byte	0xf3
 943 0064 01       		.uleb128 0x1
ARM GAS  C:\Users\noemi\AppData\Local\Temp\ccoSsdXb.s 			page 19


 944 0065 51       		.byte	0x51
 945 0066 9F       		.byte	0x9f
 946 0067 00000000 		.4byte	0
 947 006b 00000000 		.4byte	0
 948              	.LLST3:
 949 006f 00000000 		.4byte	.LVL7
 950 0073 0A000000 		.4byte	.LVL8
 951 0077 0100     		.2byte	0x1
 952 0079 50       		.byte	0x50
 953 007a 0A000000 		.4byte	.LVL8
 954 007e 20000000 		.4byte	.LFE2
 955 0082 0400     		.2byte	0x4
 956 0084 F3       		.byte	0xf3
 957 0085 01       		.uleb128 0x1
 958 0086 50       		.byte	0x50
 959 0087 9F       		.byte	0x9f
 960 0088 00000000 		.4byte	0
 961 008c 00000000 		.4byte	0
 962              	.LLST4:
 963 0090 00000000 		.4byte	.LVL7
 964 0094 18000000 		.4byte	.LVL10
 965 0098 0100     		.2byte	0x1
 966 009a 51       		.byte	0x51
 967 009b 18000000 		.4byte	.LVL10
 968 009f 1B000000 		.4byte	.LVL11-1
 969 00a3 0100     		.2byte	0x1
 970 00a5 52       		.byte	0x52
 971 00a6 1B000000 		.4byte	.LVL11-1
 972 00aa 20000000 		.4byte	.LFE2
 973 00ae 0400     		.2byte	0x4
 974 00b0 F3       		.byte	0xf3
 975 00b1 01       		.uleb128 0x1
 976 00b2 51       		.byte	0x51
 977 00b3 9F       		.byte	0x9f
 978 00b4 00000000 		.4byte	0
 979 00b8 00000000 		.4byte	0
 980              	.LLST5:
 981 00bc 00000000 		.4byte	.LVL7
 982 00c0 16000000 		.4byte	.LVL9
 983 00c4 0100     		.2byte	0x1
 984 00c6 52       		.byte	0x52
 985 00c7 16000000 		.4byte	.LVL9
 986 00cb 20000000 		.4byte	.LFE2
 987 00cf 0400     		.2byte	0x4
 988 00d1 F3       		.byte	0xf3
 989 00d2 01       		.uleb128 0x1
 990 00d3 52       		.byte	0x52
 991 00d4 9F       		.byte	0x9f
 992 00d5 00000000 		.4byte	0
 993 00d9 00000000 		.4byte	0
 994              	.LLST6:
 995 00dd 00000000 		.4byte	.LVL12
 996 00e1 10000000 		.4byte	.LVL13
 997 00e5 0100     		.2byte	0x1
 998 00e7 50       		.byte	0x50
 999 00e8 10000000 		.4byte	.LVL13
 1000 00ec 5E000000 		.4byte	.LFE3
ARM GAS  C:\Users\noemi\AppData\Local\Temp\ccoSsdXb.s 			page 20


 1001 00f0 0400     		.2byte	0x4
 1002 00f2 F3       		.byte	0xf3
 1003 00f3 01       		.uleb128 0x1
 1004 00f4 50       		.byte	0x50
 1005 00f5 9F       		.byte	0x9f
 1006 00f6 00000000 		.4byte	0
 1007 00fa 00000000 		.4byte	0
 1008              	.LLST7:
 1009 00fe 00000000 		.4byte	.LVL12
 1010 0102 13000000 		.4byte	.LVL14-1
 1011 0106 0100     		.2byte	0x1
 1012 0108 51       		.byte	0x51
 1013 0109 13000000 		.4byte	.LVL14-1
 1014 010d 5E000000 		.4byte	.LFE3
 1015 0111 0100     		.2byte	0x1
 1016 0113 59       		.byte	0x59
 1017 0114 00000000 		.4byte	0
 1018 0118 00000000 		.4byte	0
 1019              	.LLST8:
 1020 011c 00000000 		.4byte	.LVL12
 1021 0120 13000000 		.4byte	.LVL14-1
 1022 0124 0100     		.2byte	0x1
 1023 0126 52       		.byte	0x52
 1024 0127 13000000 		.4byte	.LVL14-1
 1025 012b 5E000000 		.4byte	.LFE3
 1026 012f 0400     		.2byte	0x4
 1027 0131 F3       		.byte	0xf3
 1028 0132 01       		.uleb128 0x1
 1029 0133 52       		.byte	0x52
 1030 0134 9F       		.byte	0x9f
 1031 0135 00000000 		.4byte	0
 1032 0139 00000000 		.4byte	0
 1033              		.section	.debug_aranges,"",%progbits
 1034 0000 34000000 		.4byte	0x34
 1035 0004 0200     		.2byte	0x2
 1036 0006 00000000 		.4byte	.Ldebug_info0
 1037 000a 04       		.byte	0x4
 1038 000b 00       		.byte	0
 1039 000c 0000     		.2byte	0
 1040 000e 0000     		.2byte	0
 1041 0010 00000000 		.4byte	.LFB0
 1042 0014 2E000000 		.4byte	.LFE0-.LFB0
 1043 0018 00000000 		.4byte	.LFB1
 1044 001c 2A000000 		.4byte	.LFE1-.LFB1
 1045 0020 00000000 		.4byte	.LFB2
 1046 0024 20000000 		.4byte	.LFE2-.LFB2
 1047 0028 00000000 		.4byte	.LFB3
 1048 002c 5E000000 		.4byte	.LFE3-.LFB3
 1049 0030 00000000 		.4byte	0
 1050 0034 00000000 		.4byte	0
 1051              		.section	.debug_ranges,"",%progbits
 1052              	.Ldebug_ranges0:
 1053 0000 00000000 		.4byte	.LFB0
 1054 0004 2E000000 		.4byte	.LFE0
 1055 0008 00000000 		.4byte	.LFB1
 1056 000c 2A000000 		.4byte	.LFE1
 1057 0010 00000000 		.4byte	.LFB2
ARM GAS  C:\Users\noemi\AppData\Local\Temp\ccoSsdXb.s 			page 21


 1058 0014 20000000 		.4byte	.LFE2
 1059 0018 00000000 		.4byte	.LFB3
 1060 001c 5E000000 		.4byte	.LFE3
 1061 0020 00000000 		.4byte	0
 1062 0024 00000000 		.4byte	0
 1063              		.section	.debug_line,"",%progbits
 1064              	.Ldebug_line0:
 1065 0000 AA010000 		.section	.debug_str,"MS",%progbits,1
 1065      02005501 
 1065      00000201 
 1065      FB0E0D00 
 1065      01010101 
 1066              	.LASF32:
 1067 0000 4C495333 		.ascii	"LIS3DH_readByte\000"
 1067      44485F72 
 1067      65616442 
 1067      79746500 
 1068              	.LASF9:
 1069 0010 5F5F7569 		.ascii	"__uint8_t\000"
 1069      6E74385F 
 1069      7400
 1070              	.LASF24:
 1071 001a 6E427974 		.ascii	"nBytes\000"
 1071      657300
 1072              	.LASF3:
 1073 0021 73686F72 		.ascii	"short unsigned int\000"
 1073      7420756E 
 1073      7369676E 
 1073      65642069 
 1073      6E7400
 1074              	.LASF27:
 1075 0034 5350495F 		.ascii	"SPI_Interface_Multi_RW\000"
 1075      496E7465 
 1075      72666163 
 1075      655F4D75 
 1075      6C74695F 
 1076              	.LASF11:
 1077 004b 666C6F61 		.ascii	"float\000"
 1077      7400
 1078              	.LASF26:
 1079 0051 64617461 		.ascii	"data\000"
 1079      00
 1080              	.LASF1:
 1081 0056 756E7369 		.ascii	"unsigned char\000"
 1081      676E6564 
 1081      20636861 
 1081      7200
 1082              	.LASF29:
 1083 0064 474E5520 		.ascii	"GNU C11 5.4.1 20160609 (release) [ARM/embedded-5-br"
 1083      43313120 
 1083      352E342E 
 1083      31203230 
 1083      31363036 
 1084 0097 616E6368 		.ascii	"anch revision 237715] -mcpu=cortex-m3 -mthumb -g -O"
 1084      20726576 
 1084      6973696F 
 1084      6E203233 
ARM GAS  C:\Users\noemi\AppData\Local\Temp\ccoSsdXb.s 			page 22


 1084      37373135 
 1085 00ca 67202D66 		.ascii	"g -ffunction-sections -ffat-lto-objects\000"
 1085      66756E63 
 1085      74696F6E 
 1085      2D736563 
 1085      74696F6E 
 1086              	.LASF30:
 1087 00f2 4C495333 		.ascii	"LIS3DH_SPI.c\000"
 1087      44485F53 
 1087      50492E63 
 1087      00
 1088              	.LASF5:
 1089 00ff 6C6F6E67 		.ascii	"long unsigned int\000"
 1089      20756E73 
 1089      69676E65 
 1089      6420696E 
 1089      7400
 1090              	.LASF21:
 1091 0111 74656D70 		.ascii	"temp\000"
 1091      00
 1092              	.LASF18:
 1093 0116 61646472 		.ascii	"addr\000"
 1093      00
 1094              	.LASF19:
 1095 011b 64617461 		.ascii	"dataByte\000"
 1095      42797465 
 1095      00
 1096              	.LASF12:
 1097 0124 646F7562 		.ascii	"double\000"
 1097      6C6500
 1098              	.LASF16:
 1099 012b 7061636B 		.ascii	"packet\000"
 1099      657400
 1100              	.LASF28:
 1101 0132 43794465 		.ascii	"CyDelayUs\000"
 1101      6C617955 
 1101      7300
 1102              	.LASF8:
 1103 013c 756E7369 		.ascii	"unsigned int\000"
 1103      676E6564 
 1103      20696E74 
 1103      00
 1104              	.LASF7:
 1105 0149 6C6F6E67 		.ascii	"long long unsigned int\000"
 1105      206C6F6E 
 1105      6720756E 
 1105      7369676E 
 1105      65642069 
 1106              	.LASF10:
 1107 0160 75696E74 		.ascii	"uint8_t\000"
 1107      385F7400 
 1108              	.LASF25:
 1109 0168 4C495333 		.ascii	"LIS3DH_writePage\000"
 1109      44485F77 
 1109      72697465 
 1109      50616765 
 1109      00
ARM GAS  C:\Users\noemi\AppData\Local\Temp\ccoSsdXb.s 			page 23


 1110              	.LASF17:
 1111 0179 64617461 		.ascii	"dataRX\000"
 1111      525800
 1112              	.LASF15:
 1113 0180 73697A65 		.ascii	"sizetype\000"
 1113      74797065 
 1113      00
 1114              	.LASF6:
 1115 0189 6C6F6E67 		.ascii	"long long int\000"
 1115      206C6F6E 
 1115      6720696E 
 1115      7400
 1116              	.LASF33:
 1117 0197 6D656D63 		.ascii	"memcpy\000"
 1117      707900
 1118              	.LASF2:
 1119 019e 73686F72 		.ascii	"short int\000"
 1119      7420696E 
 1119      7400
 1120              	.LASF23:
 1121 01a8 4C495333 		.ascii	"LIS3DH_readPage\000"
 1121      44485F72 
 1121      65616450 
 1121      61676500 
 1122              	.LASF22:
 1123 01b8 4C495333 		.ascii	"LIS3DH_writeByte\000"
 1123      44485F77 
 1123      72697465 
 1123      42797465 
 1123      00
 1124              	.LASF4:
 1125 01c9 6C6F6E67 		.ascii	"long int\000"
 1125      20696E74 
 1125      00
 1126              	.LASF13:
 1127 01d2 63686172 		.ascii	"char\000"
 1127      00
 1128              	.LASF14:
 1129 01d7 6C6F6E67 		.ascii	"long double\000"
 1129      20646F75 
 1129      626C6500 
 1130              	.LASF0:
 1131 01e3 7369676E 		.ascii	"signed char\000"
 1131      65642063 
 1131      68617200 
 1132              	.LASF20:
 1133 01ef 64617461 		.ascii	"dataTX\000"
 1133      545800
 1134              	.LASF31:
 1135 01f6 433A5C55 		.ascii	"C:\\Users\\noemi\\Desktop\\university\\university\\"
 1135      73657273 
 1135      5C6E6F65 
 1135      6D695C44 
 1135      65736B74 
 1136 0223 706F6C69 		.ascii	"poli\\lab sensors\\final assignment\\Final-Assignme"
 1136      5C6C6162 
 1136      2073656E 
ARM GAS  C:\Users\noemi\AppData\Local\Temp\ccoSsdXb.s 			page 24


 1136      736F7273 
 1136      5C66696E 
 1137 0253 6E742D50 		.ascii	"nt-PSoC\\Final_Assignment\\Final_assignment_01.cyds"
 1137      536F435C 
 1137      46696E61 
 1137      6C5F4173 
 1137      7369676E 
 1138 0284 6E00     		.ascii	"n\000"
 1139              		.ident	"GCC: (GNU Tools for ARM Embedded Processors) 5.4.1 20160609 (release) [ARM/embedded-5-bran
