#***************************************************************************

#sjplacer

#Version:            1.1

#Build Date:         Sep  9 2019 11:47:43

#File Generated:     May 27 2020 10:56:24

#Purpose:            

#Copyright (C) 2010-2011 by Softjin Technologies Pvt Ltd. All rights reserved.

#***************************************************************************

Executing : C:\Program Files (x86)\Cypress\PSoC Creator\4.3\PSoC Creator\bin/sjplacer.exe --proj-name Final_assignment_01 --netlist-vh2 Final_assignment_01_p.vh2 --arch p35_udb4x6 --arch-file C:\Program Files (x86)\Cypress\PSoC Creator\4.3\PSoC Creator\dev\arch/udbdsi_4x6_24.cydata --ip-file C:\Program Files (x86)\Cypress\PSoC Creator\4.3\PSoC Creator\dev\psoc5/psoc5lp/ip_blocks.cydata --rrg-file C:\Program Files (x86)\Cypress\PSoC Creator\4.3\PSoC Creator\dev\psoc5/psoc5lp/route_arch-rrg.cydata --irq-file C:\Program Files (x86)\Cypress\PSoC Creator\4.3\PSoC Creator\dev\psoc5/psoc5lp/irqconn.cydata --drq-file C:\Program Files (x86)\Cypress\PSoC Creator\4.3\PSoC Creator\dev\psoc5/psoc5lp/dmaconn.cydata --dsi-conn-file C:\Program Files (x86)\Cypress\PSoC Creator\4.3\PSoC Creator\dev\psoc5/psoc5lp/dsiconn.cydata --pins-file pins_68-QFN.xml --lib-file Final_assignment_01_p.lib --sdc-file Final_assignment_01.sdc --io-pcf Final_assignment_01.pci --outdir .

		Softjin Techologies Placer, Version 1.1

Build Date : Sep  9 2019	11:45:12

D2004: Option and Settings Summary
=============================================================
Netlist vh2 file          - Final_assignment_01_p.vh2
Architecture file         - C:\Program Files (x86)\Cypress\PSoC Creator\4.3\PSoC Creator\dev\arch/udbdsi_4x6_24.cydata
Package                   - 
Defparam file             - 
SDC file                  - Final_assignment_01.sdc
Output directory          - .
Timing library            - Final_assignment_01_p.lib
IO Placement file         - Final_assignment_01.pci

D2050: Starting reading inputs for placer
=============================================================
D2065: Reading netlist file : "Final_assignment_01_p.vh2"
D2065: Reading arch file : "C:\Program Files (x86)\Cypress\PSoC Creator\4.3\PSoC Creator\dev\arch/udbdsi_4x6_24.cydata"
D2051: Reading of inputs for placer completed successfully

D2053: Starting placement of the design
=============================================================

Phase 2
Phase 3

Design Statistics after Packing
    Number of Combinational MCs 	:	19
    Number of Sequential MCs    	:	48
    Number of DPs               	:	7
    Number of Controls          	:	5
    Number of Status            	:	8
    Number of SyncCells         	:	0
    Number of count7cells       	:	3

Device Utilization Summary after Packing
    Macrocells                  :	67/192
    UDBS                        :	12/24
    IOs                         :	19/72


D2088: Phase 3, elapsed time : 0.0 (sec)

Phase 4
D2088: Phase 4, elapsed time : 0.0 (sec)

Phase 5
D2088: Phase 5, elapsed time : 0.0 (sec)

Phase 6

######################################################################
Placement Timing Summary

The timing summary is based on estimated routing delays after
placement. For final timing report, please carry out the timing
analysis after routing.
======================================================================

######################################################################
                     Clock Summary 
======================================================================
Number of clocks: 19
Clock: ADC_DelSig_Ext_CP_Clk | Frequency: N/A       | Target:  24.0 MHz
Clock: ADC_DelSig_Ext_CP_Clk(routed) | Frequency: N/A       | Target:  24.0 MHz
Clock: ADC_DelSig_theACLK   | Frequency: N/A       | Target:   0.6 MHz
Clock: ADC_DelSig_theACLK(fixed-function) | Frequency: N/A       | Target:   0.6 MHz
Clock: Clock_debouncer      | Frequency: 142.8 MHz | Target:   0.0 MHz
Clock: CyBUS_CLK            | Frequency:  54.4 MHz | Target:  24.0 MHz
Clock: CyILO                | Frequency: N/A       | Target:   0.0 MHz
Clock: CyIMO                | Frequency: N/A       | Target:   3.0 MHz
Clock: CyMASTER_CLK         | Frequency: N/A       | Target:  24.0 MHz
Clock: CyPLL_OUT            | Frequency: N/A       | Target:  24.0 MHz
Clock: PWM_Clock            | Frequency:  75.6 MHz | Target:   0.0 MHz
Clock: SPIM_1_IntClock      | Frequency:  60.2 MHz | Target:   2.0 MHz
Clock: SPIM_2_IntClock      | Frequency:  65.0 MHz | Target:   2.0 MHz
Clock: UART_1_IntClock      | Frequency:  52.9 MHz | Target:   0.9 MHz
Clock: \ADC_DelSig:DSM\/dec_clock | Frequency: N/A       | Target:   0.1 MHz
Clock: timer_clock          | Frequency: N/A       | Target:   0.0 MHz
Clock: timer_clock(fixed-function) | Frequency: N/A       | Target:   0.0 MHz
Clock: timer_clock_2        | Frequency: N/A       | Target:   0.0 MHz
Clock: timer_clock_2(fixed-function) | Frequency: N/A       | Target:   0.0 MHz

======================================================================
                     End of Clock Summary
######################################################################

D2088: Phase 6, elapsed time : 0.2 (sec)

Phase 7
######################################################################
                     Clock Summary 
======================================================================
Number of clocks: 19
Clock: ADC_DelSig_Ext_CP_Clk | Frequency: N/A       | Target:  24.0 MHz
Clock: ADC_DelSig_Ext_CP_Clk(routed) | Frequency: N/A       | Target:  24.0 MHz
Clock: ADC_DelSig_theACLK   | Frequency: N/A       | Target:   0.6 MHz
Clock: ADC_DelSig_theACLK(fixed-function) | Frequency: N/A       | Target:   0.6 MHz
Clock: Clock_debouncer      | Frequency: 142.8 MHz | Target:   0.0 MHz
Clock: CyBUS_CLK            | Frequency:   1.3 MHz | Target:  24.0 MHz
Clock: CyILO                | Frequency: N/A       | Target:   0.0 MHz
Clock: CyIMO                | Frequency: N/A       | Target:   3.0 MHz
Clock: CyMASTER_CLK         | Frequency: N/A       | Target:  24.0 MHz
Clock: CyPLL_OUT            | Frequency: N/A       | Target:  24.0 MHz
Clock: PWM_Clock            | Frequency:  80.6 MHz | Target:   0.0 MHz
Clock: SPIM_1_IntClock      | Frequency:  64.5 MHz | Target:   2.0 MHz
Clock: SPIM_2_IntClock      | Frequency:  65.0 MHz | Target:   2.0 MHz
Clock: UART_1_IntClock      | Frequency:   1.3 MHz | Target:   0.9 MHz
Clock: \ADC_DelSig:DSM\/dec_clock | Frequency: N/A       | Target:   0.1 MHz
Clock: timer_clock          | Frequency: N/A       | Target:   0.0 MHz
Clock: timer_clock(fixed-function) | Frequency: N/A       | Target:   0.0 MHz
Clock: timer_clock_2        | Frequency: N/A       | Target:   0.0 MHz
Clock: timer_clock_2(fixed-function) | Frequency: N/A       | Target:   0.0 MHz

======================================================================
                     End of Clock Summary
######################################################################
D2088: Phase 7, elapsed time : 4.0 (sec)

Final Design Statistics
    Number of Combinational MCs 	:	19
    Number of Sequential MCs    	:	48
    Number of DPs               	:	7
    Number of Controls          	:	5
    Number of Status            	:	8
    Number of SyncCells         	:	0
    Number of count7cells       	:	3
    Number of IOs       	:	19

Device Utilization Summary
    Macrocells                  :	67/192
    IOs                         :	19/72



######################################################################
Placement Timing Summary

The timing summary is based on estimated routing delays after
placement. For final timing report, please carry out the timing
analysis after routing.
======================================================================


######################################################################
                     Clock Summary 
======================================================================
Number of clocks: 19
Clock: ADC_DelSig_Ext_CP_Clk | Frequency: N/A       | Target:  24.0 MHz
Clock: ADC_DelSig_Ext_CP_Clk(routed) | Frequency: N/A       | Target:  24.0 MHz
Clock: ADC_DelSig_theACLK   | Frequency: N/A       | Target:   0.6 MHz
Clock: ADC_DelSig_theACLK(fixed-function) | Frequency: N/A       | Target:   0.6 MHz
Clock: Clock_debouncer      | Frequency: 142.8 MHz | Target:   0.0 MHz
Clock: CyBUS_CLK            | Frequency:   1.4 MHz | Target:  24.0 MHz
Clock: CyILO                | Frequency: N/A       | Target:   0.0 MHz
Clock: CyIMO                | Frequency: N/A       | Target:   3.0 MHz
Clock: CyMASTER_CLK         | Frequency: N/A       | Target:  24.0 MHz
Clock: CyPLL_OUT            | Frequency: N/A       | Target:  24.0 MHz
Clock: PWM_Clock            | Frequency:  73.7 MHz | Target:   0.0 MHz
Clock: SPIM_1_IntClock      | Frequency:  61.5 MHz | Target:   2.0 MHz
Clock: SPIM_2_IntClock      | Frequency:  65.0 MHz | Target:   2.0 MHz
Clock: UART_1_IntClock      | Frequency:   1.4 MHz | Target:   0.9 MHz
Clock: \ADC_DelSig:DSM\/dec_clock | Frequency: N/A       | Target:   0.1 MHz
Clock: timer_clock          | Frequency: N/A       | Target:   0.0 MHz
Clock: timer_clock(fixed-function) | Frequency: N/A       | Target:   0.0 MHz
Clock: timer_clock_2        | Frequency: N/A       | Target:   0.0 MHz
Clock: timer_clock_2(fixed-function) | Frequency: N/A       | Target:   0.0 MHz

======================================================================
                     End of Clock Summary
######################################################################

Phase 8
D2088: Phase 8, elapsed time : 0.0 (sec)

D2054: Placement of the design completed successfully

I2076: Total run-time: 7.1 sec.

